#
# There is insufficient memory for the Java Runtime Environment to continue.
# Native memory allocation (mmap) failed to map 78643200 bytes for committing reserved memory.
# Possible reasons:
#   The system is out of physical RAM or swap space
#   The process is running with CompressedOops enabled, and the Java Heap may be blocking the growth of the native heap
# Possible solutions:
#   Reduce memory load on the system
#   Increase physical memory or swap space
#   Check if swap backing store is full
#   Decrease Java heap size (-Xmx/-Xms)
#   Decrease number of Java threads
#   Decrease Java thread stack sizes (-Xss)
#   Set larger code cache with -XX:ReservedCodeCacheSize=
#   JVM is running with Unscaled Compressed Oops mode in which the Java heap is
#     placed in the first 4GB address space. The Java Heap base address is the
#     maximum limit for the native heap growth. Please use -XX:HeapBaseMinAddress
#     to set the Java Heap base and to place the Java Heap above 4GB virtual address.
# This output file may be truncated or incomplete.
#
#  Out of Memory Error (os_linux.cpp:2922), pid=28056, tid=28066
#
# JRE version: OpenJDK Runtime Environment (11.0.9.1+1) (build 11.0.9.1+1-Ubuntu-0ubuntu1.20.04)
# Java VM: OpenJDK 64-Bit Server VM (11.0.9.1+1-Ubuntu-0ubuntu1.20.04, mixed mode, sharing, tiered, compressed oops, g1 gc, linux-amd64)
# No core dump will be written. Core dumps have been disabled. To enable core dumping, try "ulimit -c unlimited" before starting Java again
#

---------------  S U M M A R Y ------------

Command Line: -Dfile.encoding=UTF-8 -Duser.country=US -Duser.language=en -Duser.variant backend.ApplicationKt

Host: AMD Ryzen 7 2700X Eight-Core Processor, 16 cores, 3G, Ubuntu 20.04.1 LTS
Time: Fri Jan 15 15:49:26 2021 JST elapsed time: 28842.386640 seconds (0d 8h 0m 42s)

---------------  T H R E A D  ---------------

Current thread (0x00007f57680e7000):  VMThread "VM Thread" [stack: 0x00007f574859c000,0x00007f574869c000] [id=28066]

Stack: [0x00007f574859c000,0x00007f574869c000],  sp=0x00007f5748699e30,  free space=1015k
Native frames: (J=compiled Java code, A=aot compiled Java code, j=interpreted, Vv=VM code, C=native code)
V  [libjvm.so+0xe8177a]
V  [libjvm.so+0xe82461]
V  [libjvm.so+0x66a11a]
V  [libjvm.so+0xbcdd40]
V  [libjvm.so+0xbc4631]
V  [libjvm.so+0x77fa72]
V  [libjvm.so+0x77fe60]
V  [libjvm.so+0x78b0b7]
V  [libjvm.so+0x809f98]
V  [libjvm.so+0x80abb8]
V  [libjvm.so+0x80b1ee]
V  [libjvm.so+0x739046]
V  [libjvm.so+0x73d79c]
V  [libjvm.so+0xe8c7e6]
V  [libjvm.so+0xe84000]
V  [libjvm.so+0xe89ee7]
V  [libjvm.so+0xe8a520]
V  [libjvm.so+0xe8a886]
V  [libjvm.so+0xe14330]
V  [libjvm.so+0xbd26e6]

VM_Operation (0x00007f572b7f3360): G1CollectForAllocation, mode: safepoint, requested by thread 0x00007f576859b000


---------------  P R O C E S S  ---------------

Threads class SMR info:
_java_thread_list=0x00007f56ec001c40, length=14, elements={
0x00007f5768018800, 0x00007f57680ea000, 0x00007f57680ec000, 0x00007f57680f1800,
0x00007f57680f4000, 0x00007f57680f6000, 0x00007f57680f8000, 0x00007f5768128000,
0x00007f576812c800, 0x00007f57685ac800, 0x00007f576859b000, 0x00007f5708011000,
0x00007f5724001000, 0x00007f56f40e0800
}

Java Threads: ( => current thread )
  0x00007f5768018800 JavaThread "main" [_thread_blocked, id=28060, stack(0x00007f576edbc000,0x00007f576eebd000)]
  0x00007f57680ea000 JavaThread "Reference Handler" daemon [_thread_blocked, id=28067, stack(0x00007f5748499000,0x00007f574859a000)]
  0x00007f57680ec000 JavaThread "Finalizer" daemon [_thread_blocked, id=28068, stack(0x00007f5748398000,0x00007f5748499000)]
  0x00007f57680f1800 JavaThread "Signal Dispatcher" daemon [_thread_blocked, id=28069, stack(0x00007f572beff000,0x00007f572c000000)]
  0x00007f57680f4000 JavaThread "C2 CompilerThread0" daemon [_thread_blocked, id=28070, stack(0x00007f572bdfe000,0x00007f572beff000)]
  0x00007f57680f6000 JavaThread "C1 CompilerThread0" daemon [_thread_blocked, id=28071, stack(0x00007f572bcfd000,0x00007f572bdfe000)]
  0x00007f57680f8000 JavaThread "Sweeper thread" daemon [_thread_blocked, id=28072, stack(0x00007f572bbfc000,0x00007f572bcfd000)]
  0x00007f5768128000 JavaThread "Service Thread" daemon [_thread_blocked, id=28073, stack(0x00007f572bafb000,0x00007f572bbfc000)]
  0x00007f576812c800 JavaThread "Common-Cleaner" daemon [_thread_blocked, id=28075, stack(0x00007f572b8f8000,0x00007f572b9f9000)]
  0x00007f57685ac800 JavaThread "DefaultDispatcher-worker-1" daemon [_thread_blocked, id=28096, stack(0x00007f572b7f7000,0x00007f572b8f8000)]
  0x00007f576859b000 JavaThread "DefaultDispatcher-worker-2" daemon [_thread_blocked, id=28097, stack(0x00007f572b6f6000,0x00007f572b7f7000)]
  0x00007f5708011000 JavaThread "DefaultDispatcher-worker-3" daemon [_thread_blocked, id=28098, stack(0x00007f572b5f5000,0x00007f572b6f6000)]
  0x00007f5724001000 JavaThread "SIGTERM handler" daemon [_thread_blocked, id=28139, stack(0x00007f572aff2000,0x00007f572b0f3000)]
  0x00007f56f40e0800 JavaThread "Thread-0" [_thread_blocked, id=28140, stack(0x00007f572aef1000,0x00007f572aff2000)]

Other Threads:
=>0x00007f57680e7000 VMThread "VM Thread" [stack: 0x00007f574859c000,0x00007f574869c000] [id=28066]
  0x00007f576812a000 WatcherThread [stack: 0x00007f572b9fb000,0x00007f572bafb000] [id=28074]
  0x00007f5768031000 GCTaskThread "GC Thread#0" [stack: 0x00007f576ea65000,0x00007f576eb65000] [id=28061]
  0x00007f5738001000 GCTaskThread "GC Thread#1" [stack: 0x00007f572b4f5000,0x00007f572b5f5000] [id=28106]
  0x00007f573807c000 GCTaskThread "GC Thread#2" [stack: 0x00007f572abef000,0x00007f572acef000] [id=28142]
  0x00007f573807d000 GCTaskThread "GC Thread#3" [stack: 0x00007f572aaed000,0x00007f572abed000] [id=28143]
  0x00007f57380d3000 GCTaskThread "GC Thread#4" [stack: 0x00007f572a9eb000,0x00007f572aaeb000] [id=30182]
  0x00007f57380d4000 GCTaskThread "GC Thread#5" [stack: 0x00007f572a8e9000,0x00007f572a9e9000] [id=30183]
  0x00007f576804c800 ConcurrentGCThread "G1 Main Marker" [stack: 0x00007f576c6d3000,0x00007f576c7d3000] [id=28062]
  0x00007f576804e800 ConcurrentGCThread "G1 Conc#0" [stack: 0x00007f576c5d1000,0x00007f576c6d1000] [id=28063]
  0x00007f57680b7800 ConcurrentGCThread "G1 Refine#0" [stack: 0x00007f5748fa0000,0x00007f57490a0000] [id=28064]
  0x00007f57680b9800 ConcurrentGCThread "G1 Young RemSet Sampling" [stack: 0x00007f5748e9e000,0x00007f5748f9e000] [id=28065]

Threads with active compile tasks:

VM state:at safepoint (normal execution)

VM Mutex/Monitor currently owned by a thread:  ([mutex/lock_event])
[0x00007f5768015430] Threads_lock - owner thread: 0x00007f57680e7000
[0x00007f5768015c10] Heap_lock - owner thread: 0x00007f576859b000

Heap address: 0x00000000c2800000, size: 984 MB, Compressed Oops mode: 32-bit
Narrow klass base: 0x0000000800000000, Narrow klass shift: 3
Compressed class space size: 1073741824 Address: 0x0000000840000000

Heap:
 garbage-first heap   total 361472K, used 16273K [0x00000000c2800000, 0x0000000100000000)
  region size 1024K, 1 young (1024K), 1 survivors (1024K)
 Metaspace       used 10090K, capacity 12512K, committed 12928K, reserved 1060864K
  class space    used 1102K, capacity 1335K, committed 1408K, reserved 1048576K
Heap Regions: E=young(eden), S=young(survivor), O=old, HS=humongous(starts), HC=humongous(continues), CS=collection set, F=free, A=archive, TAMS=top-at-mark-start (previous, next)
|   0|0x00000000c2800000, 0x00000000c2900000, 0x00000000c2900000|100%| O|  |TAMS 0x00000000c2800000, 0x00000000c2800000| Untracked 
|   1|0x00000000c2900000, 0x00000000c2a00000, 0x00000000c2a00000|100%| O|  |TAMS 0x00000000c2900000, 0x00000000c2900000| Untracked 
|   2|0x00000000c2a00000, 0x00000000c2b00000, 0x00000000c2b00000|100%| O|  |TAMS 0x00000000c2a00000, 0x00000000c2a00000| Untracked 
|   3|0x00000000c2b00000, 0x00000000c2c00000, 0x00000000c2c00000|100%| O|  |TAMS 0x00000000c2b00000, 0x00000000c2b00000| Untracked 
|   4|0x00000000c2c00000, 0x00000000c2d00000, 0x00000000c2d00000|100%| O|  |TAMS 0x00000000c2c00000, 0x00000000c2c00000| Untracked 
|   5|0x00000000c2d00000, 0x00000000c2e00000, 0x00000000c2e00000|100%| O|  |TAMS 0x00000000c2d00000, 0x00000000c2d00000| Untracked 
|   6|0x00000000c2e00000, 0x00000000c2f00000, 0x00000000c2f00000|100%| O|  |TAMS 0x00000000c2e00000, 0x00000000c2e00000| Untracked 
|   7|0x00000000c2f00000, 0x00000000c3000000, 0x00000000c3000000|100%| O|  |TAMS 0x00000000c2f00000, 0x00000000c2f00000| Untracked 
|   8|0x00000000c3000000, 0x00000000c3100000, 0x00000000c3100000|100%| O|  |TAMS 0x00000000c3000000, 0x00000000c3000000| Untracked 
|   9|0x00000000c3100000, 0x00000000c3200000, 0x00000000c3200000|100%| O|  |TAMS 0x00000000c3100000, 0x00000000c3100000| Untracked 
|  10|0x00000000c3200000, 0x00000000c3300000, 0x00000000c3300000|100%| O|  |TAMS 0x00000000c3200000, 0x00000000c3200000| Untracked 
|  11|0x00000000c3300000, 0x00000000c3400000, 0x00000000c3400000|100%| O|  |TAMS 0x00000000c3300000, 0x00000000c3300000| Untracked 
|  12|0x00000000c3400000, 0x00000000c3500000, 0x00000000c3500000|100%| O|  |TAMS 0x00000000c3400000, 0x00000000c3400000| Untracked 
|  13|0x00000000c3500000, 0x00000000c3600000, 0x00000000c3600000|100%| O|  |TAMS 0x00000000c3500000, 0x00000000c3500000| Untracked 
|  14|0x00000000c3600000, 0x00000000c3700000, 0x00000000c3700000|100%| O|  |TAMS 0x00000000c3600000, 0x00000000c3600000| Untracked 
|  15|0x00000000c3700000, 0x00000000c3731600, 0x00000000c3800000| 19%| O|  |TAMS 0x00000000c3700000, 0x00000000c3700000| Untracked 
|  16|0x00000000c3800000, 0x00000000c3800000, 0x00000000c3900000|  0%| F|  |TAMS 0x00000000c3800000, 0x00000000c3800000| Untracked 
|  17|0x00000000c3900000, 0x00000000c3900000, 0x00000000c3a00000|  0%| F|  |TAMS 0x00000000c3900000, 0x00000000c3900000| Untracked 
|  18|0x00000000c3a00000, 0x00000000c3a00000, 0x00000000c3b00000|  0%| F|  |TAMS 0x00000000c3a00000, 0x00000000c3a00000| Untracked 
|  19|0x00000000c3b00000, 0x00000000c3b00000, 0x00000000c3c00000|  0%| F|  |TAMS 0x00000000c3b00000, 0x00000000c3b00000| Untracked 
|  20|0x00000000c3c00000, 0x00000000c3c00000, 0x00000000c3d00000|  0%| F|  |TAMS 0x00000000c3c00000, 0x00000000c3c00000| Untracked 
|  21|0x00000000c3d00000, 0x00000000c3d00000, 0x00000000c3e00000|  0%| F|  |TAMS 0x00000000c3d00000, 0x00000000c3d00000| Untracked 
|  22|0x00000000c3e00000, 0x00000000c3e00000, 0x00000000c3f00000|  0%| F|  |TAMS 0x00000000c3e00000, 0x00000000c3e00000| Untracked 
|  23|0x00000000c3f00000, 0x00000000c3f00000, 0x00000000c4000000|  0%| F|  |TAMS 0x00000000c3f00000, 0x00000000c3f00000| Untracked 
|  24|0x00000000c4000000, 0x00000000c4000000, 0x00000000c4100000|  0%| F|  |TAMS 0x00000000c4000000, 0x00000000c4000000| Untracked 
|  25|0x00000000c4100000, 0x00000000c4100000, 0x00000000c4200000|  0%| F|  |TAMS 0x00000000c4100000, 0x00000000c4100000| Untracked 
|  26|0x00000000c4200000, 0x00000000c4200000, 0x00000000c4300000|  0%| F|  |TAMS 0x00000000c4200000, 0x00000000c4200000| Untracked 
|  27|0x00000000c4300000, 0x00000000c4300000, 0x00000000c4400000|  0%| F|  |TAMS 0x00000000c4300000, 0x00000000c4300000| Untracked 
|  28|0x00000000c4400000, 0x00000000c4400000, 0x00000000c4500000|  0%| F|  |TAMS 0x00000000c4400000, 0x00000000c4400000| Untracked 
|  29|0x00000000c4500000, 0x00000000c4500000, 0x00000000c4600000|  0%| F|  |TAMS 0x00000000c4500000, 0x00000000c4500000| Untracked 
|  30|0x00000000c4600000, 0x00000000c4600000, 0x00000000c4700000|  0%| F|  |TAMS 0x00000000c4600000, 0x00000000c4600000| Untracked 
|  31|0x00000000c4700000, 0x00000000c4700000, 0x00000000c4800000|  0%| F|  |TAMS 0x00000000c4700000, 0x00000000c4700000| Untracked 
|  32|0x00000000c4800000, 0x00000000c4800000, 0x00000000c4900000|  0%| F|  |TAMS 0x00000000c4800000, 0x00000000c4800000| Untracked 
|  33|0x00000000c4900000, 0x00000000c4900000, 0x00000000c4a00000|  0%| F|  |TAMS 0x00000000c4900000, 0x00000000c4900000| Untracked 
|  34|0x00000000c4a00000, 0x00000000c4a00000, 0x00000000c4b00000|  0%| F|  |TAMS 0x00000000c4a00000, 0x00000000c4a00000| Untracked 
|  35|0x00000000c4b00000, 0x00000000c4b00000, 0x00000000c4c00000|  0%| F|  |TAMS 0x00000000c4b00000, 0x00000000c4b00000| Untracked 
|  36|0x00000000c4c00000, 0x00000000c4c00000, 0x00000000c4d00000|  0%| F|  |TAMS 0x00000000c4c00000, 0x00000000c4c00000| Untracked 
|  37|0x00000000c4d00000, 0x00000000c4d00000, 0x00000000c4e00000|  0%| F|  |TAMS 0x00000000c4d00000, 0x00000000c4d00000| Untracked 
|  38|0x00000000c4e00000, 0x00000000c4e00000, 0x00000000c4f00000|  0%| F|  |TAMS 0x00000000c4e00000, 0x00000000c4e00000| Untracked 
|  39|0x00000000c4f00000, 0x00000000c4f00000, 0x00000000c5000000|  0%| F|  |TAMS 0x00000000c4f00000, 0x00000000c4f00000| Untracked 
|  40|0x00000000c5000000, 0x00000000c5000000, 0x00000000c5100000|  0%| F|  |TAMS 0x00000000c5000000, 0x00000000c5000000| Untracked 
|  41|0x00000000c5100000, 0x00000000c5100000, 0x00000000c5200000|  0%| F|  |TAMS 0x00000000c5100000, 0x00000000c5100000| Untracked 
|  42|0x00000000c5200000, 0x00000000c5200000, 0x00000000c5300000|  0%| F|  |TAMS 0x00000000c5200000, 0x00000000c5200000| Untracked 
|  43|0x00000000c5300000, 0x00000000c5300000, 0x00000000c5400000|  0%| F|  |TAMS 0x00000000c5300000, 0x00000000c5300000| Untracked 
|  44|0x00000000c5400000, 0x00000000c5400000, 0x00000000c5500000|  0%| F|  |TAMS 0x00000000c5400000, 0x00000000c5400000| Untracked 
|  45|0x00000000c5500000, 0x00000000c5500000, 0x00000000c5600000|  0%| F|  |TAMS 0x00000000c5500000, 0x00000000c5500000| Untracked 
|  46|0x00000000c5600000, 0x00000000c5600000, 0x00000000c5700000|  0%| F|  |TAMS 0x00000000c5600000, 0x00000000c5600000| Untracked 
|  47|0x00000000c5700000, 0x00000000c5700000, 0x00000000c5800000|  0%| F|  |TAMS 0x00000000c5700000, 0x00000000c5700000| Untracked 
|  48|0x00000000c5800000, 0x00000000c5800000, 0x00000000c5900000|  0%| F|  |TAMS 0x00000000c5800000, 0x00000000c5800000| Untracked 
|  49|0x00000000c5900000, 0x00000000c5900000, 0x00000000c5a00000|  0%| F|  |TAMS 0x00000000c5900000, 0x00000000c5900000| Untracked 
|  50|0x00000000c5a00000, 0x00000000c5a00000, 0x00000000c5b00000|  0%| F|  |TAMS 0x00000000c5a00000, 0x00000000c5a00000| Untracked 
|  51|0x00000000c5b00000, 0x00000000c5b00000, 0x00000000c5c00000|  0%| F|  |TAMS 0x00000000c5b00000, 0x00000000c5b00000| Untracked 
|  52|0x00000000c5c00000, 0x00000000c5c00000, 0x00000000c5d00000|  0%| F|  |TAMS 0x00000000c5c00000, 0x00000000c5c00000| Untracked 
|  53|0x00000000c5d00000, 0x00000000c5d00000, 0x00000000c5e00000|  0%| F|  |TAMS 0x00000000c5d00000, 0x00000000c5d00000| Untracked 
|  54|0x00000000c5e00000, 0x00000000c5e00000, 0x00000000c5f00000|  0%| F|  |TAMS 0x00000000c5e00000, 0x00000000c5e00000| Untracked 
|  55|0x00000000c5f00000, 0x00000000c5f00000, 0x00000000c6000000|  0%| F|  |TAMS 0x00000000c5f00000, 0x00000000c5f00000| Untracked 
|  56|0x00000000c6000000, 0x00000000c6000000, 0x00000000c6100000|  0%| F|  |TAMS 0x00000000c6000000, 0x00000000c6000000| Untracked 
|  57|0x00000000c6100000, 0x00000000c6100000, 0x00000000c6200000|  0%| F|  |TAMS 0x00000000c6100000, 0x00000000c6100000| Untracked 
|  58|0x00000000c6200000, 0x00000000c6200000, 0x00000000c6300000|  0%| F|  |TAMS 0x00000000c6200000, 0x00000000c6200000| Untracked 
|  59|0x00000000c6300000, 0x00000000c6300000, 0x00000000c6400000|  0%| F|  |TAMS 0x00000000c6300000, 0x00000000c6300000| Untracked 
|  60|0x00000000c6400000, 0x00000000c6400000, 0x00000000c6500000|  0%| F|  |TAMS 0x00000000c6400000, 0x00000000c6400000| Untracked 
|  61|0x00000000c6500000, 0x00000000c6500000, 0x00000000c6600000|  0%| F|  |TAMS 0x00000000c6500000, 0x00000000c6500000| Untracked 
|  62|0x00000000c6600000, 0x00000000c6600000, 0x00000000c6700000|  0%| F|  |TAMS 0x00000000c6600000, 0x00000000c6600000| Untracked 
|  63|0x00000000c6700000, 0x00000000c6700000, 0x00000000c6800000|  0%| F|  |TAMS 0x00000000c6700000, 0x00000000c6700000| Untracked 
|  64|0x00000000c6800000, 0x00000000c6800000, 0x00000000c6900000|  0%| F|  |TAMS 0x00000000c6800000, 0x00000000c6800000| Untracked 
|  65|0x00000000c6900000, 0x00000000c6900000, 0x00000000c6a00000|  0%| F|  |TAMS 0x00000000c6900000, 0x00000000c6900000| Untracked 
|  66|0x00000000c6a00000, 0x00000000c6a00000, 0x00000000c6b00000|  0%| F|  |TAMS 0x00000000c6a00000, 0x00000000c6a00000| Untracked 
|  67|0x00000000c6b00000, 0x00000000c6b00000, 0x00000000c6c00000|  0%| F|  |TAMS 0x00000000c6b00000, 0x00000000c6b00000| Untracked 
|  68|0x00000000c6c00000, 0x00000000c6c00000, 0x00000000c6d00000|  0%| F|  |TAMS 0x00000000c6c00000, 0x00000000c6c00000| Untracked 
|  69|0x00000000c6d00000, 0x00000000c6d00000, 0x00000000c6e00000|  0%| F|  |TAMS 0x00000000c6d00000, 0x00000000c6d00000| Untracked 
|  70|0x00000000c6e00000, 0x00000000c6e00000, 0x00000000c6f00000|  0%| F|  |TAMS 0x00000000c6e00000, 0x00000000c6e00000| Untracked 
|  71|0x00000000c6f00000, 0x00000000c6f00000, 0x00000000c7000000|  0%| F|  |TAMS 0x00000000c6f00000, 0x00000000c6f00000| Untracked 
|  72|0x00000000c7000000, 0x00000000c7000000, 0x00000000c7100000|  0%| F|  |TAMS 0x00000000c7000000, 0x00000000c7000000| Untracked 
|  73|0x00000000c7100000, 0x00000000c7100000, 0x00000000c7200000|  0%| F|  |TAMS 0x00000000c7100000, 0x00000000c7100000| Untracked 
|  74|0x00000000c7200000, 0x00000000c7200000, 0x00000000c7300000|  0%| F|  |TAMS 0x00000000c7200000, 0x00000000c7200000| Untracked 
|  75|0x00000000c7300000, 0x00000000c7300000, 0x00000000c7400000|  0%| F|  |TAMS 0x00000000c7300000, 0x00000000c7300000| Untracked 
|  76|0x00000000c7400000, 0x00000000c7400000, 0x00000000c7500000|  0%| F|  |TAMS 0x00000000c7400000, 0x00000000c7400000| Untracked 
|  77|0x00000000c7500000, 0x00000000c7500000, 0x00000000c7600000|  0%| F|  |TAMS 0x00000000c7500000, 0x00000000c7500000| Untracked 
|  78|0x00000000c7600000, 0x00000000c7600000, 0x00000000c7700000|  0%| F|  |TAMS 0x00000000c7600000, 0x00000000c7600000| Untracked 
|  79|0x00000000c7700000, 0x00000000c7700000, 0x00000000c7800000|  0%| F|  |TAMS 0x00000000c7700000, 0x00000000c7700000| Untracked 
|  80|0x00000000c7800000, 0x00000000c7800000, 0x00000000c7900000|  0%| F|  |TAMS 0x00000000c7800000, 0x00000000c7800000| Untracked 
|  81|0x00000000c7900000, 0x00000000c7900000, 0x00000000c7a00000|  0%| F|  |TAMS 0x00000000c7900000, 0x00000000c7900000| Untracked 
|  82|0x00000000c7a00000, 0x00000000c7a00000, 0x00000000c7b00000|  0%| F|  |TAMS 0x00000000c7a00000, 0x00000000c7a00000| Untracked 
|  83|0x00000000c7b00000, 0x00000000c7b00000, 0x00000000c7c00000|  0%| F|  |TAMS 0x00000000c7b00000, 0x00000000c7b00000| Untracked 
|  84|0x00000000c7c00000, 0x00000000c7c00000, 0x00000000c7d00000|  0%| F|  |TAMS 0x00000000c7c00000, 0x00000000c7c00000| Untracked 
|  85|0x00000000c7d00000, 0x00000000c7d00000, 0x00000000c7e00000|  0%| F|  |TAMS 0x00000000c7d00000, 0x00000000c7d00000| Untracked 
|  86|0x00000000c7e00000, 0x00000000c7e00000, 0x00000000c7f00000|  0%| F|  |TAMS 0x00000000c7e00000, 0x00000000c7e00000| Untracked 
|  87|0x00000000c7f00000, 0x00000000c7f00000, 0x00000000c8000000|  0%| F|  |TAMS 0x00000000c7f00000, 0x00000000c7f00000| Untracked 
|  88|0x00000000c8000000, 0x00000000c8000000, 0x00000000c8100000|  0%| F|  |TAMS 0x00000000c8000000, 0x00000000c8000000| Untracked 
|  89|0x00000000c8100000, 0x00000000c8100000, 0x00000000c8200000|  0%| F|  |TAMS 0x00000000c8100000, 0x00000000c8100000| Untracked 
|  90|0x00000000c8200000, 0x00000000c8200000, 0x00000000c8300000|  0%| F|  |TAMS 0x00000000c8200000, 0x00000000c8200000| Untracked 
|  91|0x00000000c8300000, 0x00000000c8300000, 0x00000000c8400000|  0%| F|  |TAMS 0x00000000c8300000, 0x00000000c8300000| Untracked 
|  92|0x00000000c8400000, 0x00000000c8400000, 0x00000000c8500000|  0%| F|  |TAMS 0x00000000c8400000, 0x00000000c8400000| Untracked 
|  93|0x00000000c8500000, 0x00000000c8500000, 0x00000000c8600000|  0%| F|  |TAMS 0x00000000c8500000, 0x00000000c8500000| Untracked 
|  94|0x00000000c8600000, 0x00000000c8600000, 0x00000000c8700000|  0%| F|  |TAMS 0x00000000c8600000, 0x00000000c8600000| Untracked 
|  95|0x00000000c8700000, 0x00000000c8700000, 0x00000000c8800000|  0%| F|  |TAMS 0x00000000c8700000, 0x00000000c8700000| Untracked 
|  96|0x00000000c8800000, 0x00000000c8800000, 0x00000000c8900000|  0%| F|  |TAMS 0x00000000c8800000, 0x00000000c8800000| Untracked 
|  97|0x00000000c8900000, 0x00000000c8900000, 0x00000000c8a00000|  0%| F|  |TAMS 0x00000000c8900000, 0x00000000c8900000| Untracked 
|  98|0x00000000c8a00000, 0x00000000c8a00000, 0x00000000c8b00000|  0%| F|  |TAMS 0x00000000c8a00000, 0x00000000c8a00000| Untracked 
|  99|0x00000000c8b00000, 0x00000000c8b00000, 0x00000000c8c00000|  0%| F|  |TAMS 0x00000000c8b00000, 0x00000000c8b00000| Untracked 
| 100|0x00000000c8c00000, 0x00000000c8c00000, 0x00000000c8d00000|  0%| F|  |TAMS 0x00000000c8c00000, 0x00000000c8c00000| Untracked 
| 101|0x00000000c8d00000, 0x00000000c8d00000, 0x00000000c8e00000|  0%| F|  |TAMS 0x00000000c8d00000, 0x00000000c8d00000| Untracked 
| 102|0x00000000c8e00000, 0x00000000c8e00000, 0x00000000c8f00000|  0%| F|  |TAMS 0x00000000c8e00000, 0x00000000c8e00000| Untracked 
| 103|0x00000000c8f00000, 0x00000000c8f00000, 0x00000000c9000000|  0%| F|  |TAMS 0x00000000c8f00000, 0x00000000c8f00000| Untracked 
| 104|0x00000000c9000000, 0x00000000c9000000, 0x00000000c9100000|  0%| F|  |TAMS 0x00000000c9000000, 0x00000000c9000000| Untracked 
| 105|0x00000000c9100000, 0x00000000c9100000, 0x00000000c9200000|  0%| F|  |TAMS 0x00000000c9100000, 0x00000000c9100000| Untracked 
| 106|0x00000000c9200000, 0x00000000c9200000, 0x00000000c9300000|  0%| F|  |TAMS 0x00000000c9200000, 0x00000000c9200000| Untracked 
| 107|0x00000000c9300000, 0x00000000c9300000, 0x00000000c9400000|  0%| F|  |TAMS 0x00000000c9300000, 0x00000000c9300000| Untracked 
| 108|0x00000000c9400000, 0x00000000c9400000, 0x00000000c9500000|  0%| F|  |TAMS 0x00000000c9400000, 0x00000000c9400000| Untracked 
| 109|0x00000000c9500000, 0x00000000c9500000, 0x00000000c9600000|  0%| F|  |TAMS 0x00000000c9500000, 0x00000000c9500000| Untracked 
| 110|0x00000000c9600000, 0x00000000c9601020, 0x00000000c9700000|  0%| S|CS|TAMS 0x00000000c9600000, 0x00000000c9600000| Complete 
| 111|0x00000000c9700000, 0x00000000c9700000, 0x00000000c9800000|  0%| F|  |TAMS 0x00000000c9700000, 0x00000000c9700000| Untracked 
| 112|0x00000000c9800000, 0x00000000c9800000, 0x00000000c9900000|  0%| F|  |TAMS 0x00000000c9800000, 0x00000000c9800000| Untracked 
| 113|0x00000000c9900000, 0x00000000c9900000, 0x00000000c9a00000|  0%| F|  |TAMS 0x00000000c9900000, 0x00000000c9900000| Untracked 
| 114|0x00000000c9a00000, 0x00000000c9a00000, 0x00000000c9b00000|  0%| F|  |TAMS 0x00000000c9a00000, 0x00000000c9a00000| Untracked 
| 115|0x00000000c9b00000, 0x00000000c9b00000, 0x00000000c9c00000|  0%| F|  |TAMS 0x00000000c9b00000, 0x00000000c9b00000| Untracked 
| 116|0x00000000c9c00000, 0x00000000c9c00000, 0x00000000c9d00000|  0%| F|  |TAMS 0x00000000c9c00000, 0x00000000c9c00000| Untracked 
| 117|0x00000000c9d00000, 0x00000000c9d00000, 0x00000000c9e00000|  0%| F|  |TAMS 0x00000000c9d00000, 0x00000000c9d00000| Untracked 
| 118|0x00000000c9e00000, 0x00000000c9e00000, 0x00000000c9f00000|  0%| F|  |TAMS 0x00000000c9e00000, 0x00000000c9e00000| Untracked 
| 119|0x00000000c9f00000, 0x00000000c9f00000, 0x00000000ca000000|  0%| F|  |TAMS 0x00000000c9f00000, 0x00000000c9f00000| Untracked 
| 120|0x00000000ca000000, 0x00000000ca000000, 0x00000000ca100000|  0%| F|  |TAMS 0x00000000ca000000, 0x00000000ca000000| Untracked 
| 121|0x00000000ca100000, 0x00000000ca100000, 0x00000000ca200000|  0%| F|  |TAMS 0x00000000ca100000, 0x00000000ca100000| Untracked 
| 122|0x00000000ca200000, 0x00000000ca200000, 0x00000000ca300000|  0%| F|  |TAMS 0x00000000ca200000, 0x00000000ca200000| Untracked 
| 123|0x00000000ca300000, 0x00000000ca300000, 0x00000000ca400000|  0%| F|  |TAMS 0x00000000ca300000, 0x00000000ca300000| Untracked 
| 124|0x00000000ca400000, 0x00000000ca400000, 0x00000000ca500000|  0%| F|  |TAMS 0x00000000ca400000, 0x00000000ca400000| Untracked 
| 125|0x00000000ca500000, 0x00000000ca500000, 0x00000000ca600000|  0%| F|  |TAMS 0x00000000ca500000, 0x00000000ca500000| Untracked 
| 126|0x00000000ca600000, 0x00000000ca600000, 0x00000000ca700000|  0%| F|  |TAMS 0x00000000ca600000, 0x00000000ca600000| Untracked 
| 127|0x00000000ca700000, 0x00000000ca700000, 0x00000000ca800000|  0%| F|  |TAMS 0x00000000ca700000, 0x00000000ca700000| Untracked 
| 128|0x00000000ca800000, 0x00000000ca800000, 0x00000000ca900000|  0%| F|  |TAMS 0x00000000ca800000, 0x00000000ca800000| Untracked 
| 129|0x00000000ca900000, 0x00000000ca900000, 0x00000000caa00000|  0%| F|  |TAMS 0x00000000ca900000, 0x00000000ca900000| Untracked 
| 130|0x00000000caa00000, 0x00000000caa00000, 0x00000000cab00000|  0%| F|  |TAMS 0x00000000caa00000, 0x00000000caa00000| Untracked 
| 131|0x00000000cab00000, 0x00000000cab00000, 0x00000000cac00000|  0%| F|  |TAMS 0x00000000cab00000, 0x00000000cab00000| Untracked 
| 132|0x00000000cac00000, 0x00000000cac00000, 0x00000000cad00000|  0%| F|  |TAMS 0x00000000cac00000, 0x00000000cac00000| Untracked 
| 133|0x00000000cad00000, 0x00000000cad00000, 0x00000000cae00000|  0%| F|  |TAMS 0x00000000cad00000, 0x00000000cad00000| Untracked 
| 134|0x00000000cae00000, 0x00000000cae00000, 0x00000000caf00000|  0%| F|  |TAMS 0x00000000cae00000, 0x00000000cae00000| Untracked 
| 135|0x00000000caf00000, 0x00000000caf00000, 0x00000000cb000000|  0%| F|  |TAMS 0x00000000caf00000, 0x00000000caf00000| Untracked 
| 136|0x00000000cb000000, 0x00000000cb000000, 0x00000000cb100000|  0%| F|  |TAMS 0x00000000cb000000, 0x00000000cb000000| Untracked 
| 137|0x00000000cb100000, 0x00000000cb100000, 0x00000000cb200000|  0%| F|  |TAMS 0x00000000cb100000, 0x00000000cb100000| Untracked 
| 138|0x00000000cb200000, 0x00000000cb200000, 0x00000000cb300000|  0%| F|  |TAMS 0x00000000cb200000, 0x00000000cb200000| Untracked 
| 139|0x00000000cb300000, 0x00000000cb300000, 0x00000000cb400000|  0%| F|  |TAMS 0x00000000cb300000, 0x00000000cb300000| Untracked 
| 140|0x00000000cb400000, 0x00000000cb400000, 0x00000000cb500000|  0%| F|  |TAMS 0x00000000cb400000, 0x00000000cb400000| Untracked 
| 141|0x00000000cb500000, 0x00000000cb500000, 0x00000000cb600000|  0%| F|  |TAMS 0x00000000cb500000, 0x00000000cb500000| Untracked 
| 142|0x00000000cb600000, 0x00000000cb600000, 0x00000000cb700000|  0%| F|  |TAMS 0x00000000cb600000, 0x00000000cb600000| Untracked 
| 143|0x00000000cb700000, 0x00000000cb700000, 0x00000000cb800000|  0%| F|  |TAMS 0x00000000cb700000, 0x00000000cb700000| Untracked 
| 144|0x00000000cb800000, 0x00000000cb800000, 0x00000000cb900000|  0%| F|  |TAMS 0x00000000cb800000, 0x00000000cb800000| Untracked 
| 145|0x00000000cb900000, 0x00000000cb900000, 0x00000000cba00000|  0%| F|  |TAMS 0x00000000cb900000, 0x00000000cb900000| Untracked 
| 146|0x00000000cba00000, 0x00000000cba00000, 0x00000000cbb00000|  0%| F|  |TAMS 0x00000000cba00000, 0x00000000cba00000| Untracked 
| 147|0x00000000cbb00000, 0x00000000cbb00000, 0x00000000cbc00000|  0%| F|  |TAMS 0x00000000cbb00000, 0x00000000cbb00000| Untracked 
| 148|0x00000000cbc00000, 0x00000000cbc00000, 0x00000000cbd00000|  0%| F|  |TAMS 0x00000000cbc00000, 0x00000000cbc00000| Untracked 
| 149|0x00000000cbd00000, 0x00000000cbd00000, 0x00000000cbe00000|  0%| F|  |TAMS 0x00000000cbd00000, 0x00000000cbd00000| Untracked 
| 150|0x00000000cbe00000, 0x00000000cbe00000, 0x00000000cbf00000|  0%| F|  |TAMS 0x00000000cbe00000, 0x00000000cbe00000| Untracked 
| 151|0x00000000cbf00000, 0x00000000cbf00000, 0x00000000cc000000|  0%| F|  |TAMS 0x00000000cbf00000, 0x00000000cbf00000| Untracked 
| 152|0x00000000cc000000, 0x00000000cc000000, 0x00000000cc100000|  0%| F|  |TAMS 0x00000000cc000000, 0x00000000cc000000| Untracked 
| 153|0x00000000cc100000, 0x00000000cc100000, 0x00000000cc200000|  0%| F|  |TAMS 0x00000000cc100000, 0x00000000cc100000| Untracked 
| 154|0x00000000cc200000, 0x00000000cc200000, 0x00000000cc300000|  0%| F|  |TAMS 0x00000000cc200000, 0x00000000cc200000| Untracked 
| 155|0x00000000cc300000, 0x00000000cc300000, 0x00000000cc400000|  0%| F|  |TAMS 0x00000000cc300000, 0x00000000cc300000| Untracked 
| 156|0x00000000cc400000, 0x00000000cc400000, 0x00000000cc500000|  0%| F|  |TAMS 0x00000000cc400000, 0x00000000cc400000| Untracked 
| 157|0x00000000cc500000, 0x00000000cc500000, 0x00000000cc600000|  0%| F|  |TAMS 0x00000000cc500000, 0x00000000cc500000| Untracked 
| 158|0x00000000cc600000, 0x00000000cc600000, 0x00000000cc700000|  0%| F|  |TAMS 0x00000000cc600000, 0x00000000cc600000| Untracked 
| 159|0x00000000cc700000, 0x00000000cc700000, 0x00000000cc800000|  0%| F|  |TAMS 0x00000000cc700000, 0x00000000cc700000| Untracked 
| 160|0x00000000cc800000, 0x00000000cc800000, 0x00000000cc900000|  0%| F|  |TAMS 0x00000000cc800000, 0x00000000cc800000| Untracked 
| 161|0x00000000cc900000, 0x00000000cc900000, 0x00000000cca00000|  0%| F|  |TAMS 0x00000000cc900000, 0x00000000cc900000| Untracked 
| 162|0x00000000cca00000, 0x00000000cca00000, 0x00000000ccb00000|  0%| F|  |TAMS 0x00000000cca00000, 0x00000000cca00000| Untracked 
| 163|0x00000000ccb00000, 0x00000000ccb00000, 0x00000000ccc00000|  0%| F|  |TAMS 0x00000000ccb00000, 0x00000000ccb00000| Untracked 
| 164|0x00000000ccc00000, 0x00000000ccc00000, 0x00000000ccd00000|  0%| F|  |TAMS 0x00000000ccc00000, 0x00000000ccc00000| Untracked 
| 165|0x00000000ccd00000, 0x00000000ccd00000, 0x00000000cce00000|  0%| F|  |TAMS 0x00000000ccd00000, 0x00000000ccd00000| Untracked 
| 166|0x00000000cce00000, 0x00000000cce00000, 0x00000000ccf00000|  0%| F|  |TAMS 0x00000000cce00000, 0x00000000cce00000| Untracked 
| 167|0x00000000ccf00000, 0x00000000ccf00000, 0x00000000cd000000|  0%| F|  |TAMS 0x00000000ccf00000, 0x00000000ccf00000| Untracked 
| 168|0x00000000cd000000, 0x00000000cd000000, 0x00000000cd100000|  0%| F|  |TAMS 0x00000000cd000000, 0x00000000cd000000| Untracked 
| 169|0x00000000cd100000, 0x00000000cd100000, 0x00000000cd200000|  0%| F|  |TAMS 0x00000000cd100000, 0x00000000cd100000| Untracked 
| 170|0x00000000cd200000, 0x00000000cd200000, 0x00000000cd300000|  0%| F|  |TAMS 0x00000000cd200000, 0x00000000cd200000| Untracked 
| 171|0x00000000cd300000, 0x00000000cd300000, 0x00000000cd400000|  0%| F|  |TAMS 0x00000000cd300000, 0x00000000cd300000| Untracked 
| 172|0x00000000cd400000, 0x00000000cd400000, 0x00000000cd500000|  0%| F|  |TAMS 0x00000000cd400000, 0x00000000cd400000| Untracked 
| 173|0x00000000cd500000, 0x00000000cd500000, 0x00000000cd600000|  0%| F|  |TAMS 0x00000000cd500000, 0x00000000cd500000| Untracked 
| 174|0x00000000cd600000, 0x00000000cd600000, 0x00000000cd700000|  0%| F|  |TAMS 0x00000000cd600000, 0x00000000cd600000| Untracked 
| 175|0x00000000cd700000, 0x00000000cd700000, 0x00000000cd800000|  0%| F|  |TAMS 0x00000000cd700000, 0x00000000cd700000| Untracked 
| 176|0x00000000cd800000, 0x00000000cd800000, 0x00000000cd900000|  0%| F|  |TAMS 0x00000000cd800000, 0x00000000cd800000| Untracked 
| 177|0x00000000cd900000, 0x00000000cd900000, 0x00000000cda00000|  0%| F|  |TAMS 0x00000000cd900000, 0x00000000cd900000| Untracked 
| 178|0x00000000cda00000, 0x00000000cda00000, 0x00000000cdb00000|  0%| F|  |TAMS 0x00000000cda00000, 0x00000000cda00000| Untracked 
| 179|0x00000000cdb00000, 0x00000000cdb00000, 0x00000000cdc00000|  0%| F|  |TAMS 0x00000000cdb00000, 0x00000000cdb00000| Untracked 
| 180|0x00000000cdc00000, 0x00000000cdc00000, 0x00000000cdd00000|  0%| F|  |TAMS 0x00000000cdc00000, 0x00000000cdc00000| Untracked 
| 181|0x00000000cdd00000, 0x00000000cdd00000, 0x00000000cde00000|  0%| F|  |TAMS 0x00000000cdd00000, 0x00000000cdd00000| Untracked 
| 182|0x00000000cde00000, 0x00000000cde00000, 0x00000000cdf00000|  0%| F|  |TAMS 0x00000000cde00000, 0x00000000cde00000| Untracked 
| 183|0x00000000cdf00000, 0x00000000cdf00000, 0x00000000ce000000|  0%| F|  |TAMS 0x00000000cdf00000, 0x00000000cdf00000| Untracked 
| 184|0x00000000ce000000, 0x00000000ce000000, 0x00000000ce100000|  0%| F|  |TAMS 0x00000000ce000000, 0x00000000ce000000| Untracked 
| 185|0x00000000ce100000, 0x00000000ce100000, 0x00000000ce200000|  0%| F|  |TAMS 0x00000000ce100000, 0x00000000ce100000| Untracked 
| 186|0x00000000ce200000, 0x00000000ce200000, 0x00000000ce300000|  0%| F|  |TAMS 0x00000000ce200000, 0x00000000ce200000| Untracked 
| 187|0x00000000ce300000, 0x00000000ce300000, 0x00000000ce400000|  0%| F|  |TAMS 0x00000000ce300000, 0x00000000ce300000| Untracked 
| 188|0x00000000ce400000, 0x00000000ce400000, 0x00000000ce500000|  0%| F|  |TAMS 0x00000000ce400000, 0x00000000ce400000| Untracked 
| 189|0x00000000ce500000, 0x00000000ce500000, 0x00000000ce600000|  0%| F|  |TAMS 0x00000000ce500000, 0x00000000ce500000| Untracked 
| 190|0x00000000ce600000, 0x00000000ce600000, 0x00000000ce700000|  0%| F|  |TAMS 0x00000000ce600000, 0x00000000ce600000| Untracked 
| 191|0x00000000ce700000, 0x00000000ce700000, 0x00000000ce800000|  0%| F|  |TAMS 0x00000000ce700000, 0x00000000ce700000| Untracked 
| 192|0x00000000ce800000, 0x00000000ce800000, 0x00000000ce900000|  0%| F|  |TAMS 0x00000000ce800000, 0x00000000ce800000| Untracked 
| 193|0x00000000ce900000, 0x00000000ce900000, 0x00000000cea00000|  0%| F|  |TAMS 0x00000000ce900000, 0x00000000ce900000| Untracked 
| 194|0x00000000cea00000, 0x00000000cea00000, 0x00000000ceb00000|  0%| F|  |TAMS 0x00000000cea00000, 0x00000000cea00000| Untracked 
| 195|0x00000000ceb00000, 0x00000000ceb00000, 0x00000000cec00000|  0%| F|  |TAMS 0x00000000ceb00000, 0x00000000ceb00000| Untracked 
| 196|0x00000000cec00000, 0x00000000cec00000, 0x00000000ced00000|  0%| F|  |TAMS 0x00000000cec00000, 0x00000000cec00000| Untracked 
| 197|0x00000000ced00000, 0x00000000ced00000, 0x00000000cee00000|  0%| F|  |TAMS 0x00000000ced00000, 0x00000000ced00000| Untracked 
| 198|0x00000000cee00000, 0x00000000cee00000, 0x00000000cef00000|  0%| F|  |TAMS 0x00000000cee00000, 0x00000000cee00000| Untracked 
| 199|0x00000000cef00000, 0x00000000cef00000, 0x00000000cf000000|  0%| F|  |TAMS 0x00000000cef00000, 0x00000000cef00000| Untracked 
| 200|0x00000000cf000000, 0x00000000cf000000, 0x00000000cf100000|  0%| F|  |TAMS 0x00000000cf000000, 0x00000000cf000000| Untracked 
| 201|0x00000000cf100000, 0x00000000cf100000, 0x00000000cf200000|  0%| F|  |TAMS 0x00000000cf100000, 0x00000000cf100000| Untracked 
| 202|0x00000000cf200000, 0x00000000cf200000, 0x00000000cf300000|  0%| F|  |TAMS 0x00000000cf200000, 0x00000000cf200000| Untracked 
| 203|0x00000000cf300000, 0x00000000cf300000, 0x00000000cf400000|  0%| F|  |TAMS 0x00000000cf300000, 0x00000000cf300000| Untracked 
| 204|0x00000000cf400000, 0x00000000cf400000, 0x00000000cf500000|  0%| F|  |TAMS 0x00000000cf400000, 0x00000000cf400000| Untracked 
| 205|0x00000000cf500000, 0x00000000cf500000, 0x00000000cf600000|  0%| F|  |TAMS 0x00000000cf500000, 0x00000000cf500000| Untracked 
| 206|0x00000000cf600000, 0x00000000cf600000, 0x00000000cf700000|  0%| F|  |TAMS 0x00000000cf600000, 0x00000000cf600000| Untracked 
| 207|0x00000000cf700000, 0x00000000cf700000, 0x00000000cf800000|  0%| F|  |TAMS 0x00000000cf700000, 0x00000000cf700000| Untracked 
| 208|0x00000000cf800000, 0x00000000cf800000, 0x00000000cf900000|  0%| F|  |TAMS 0x00000000cf800000, 0x00000000cf800000| Untracked 
| 209|0x00000000cf900000, 0x00000000cf900000, 0x00000000cfa00000|  0%| F|  |TAMS 0x00000000cf900000, 0x00000000cf900000| Untracked 
| 210|0x00000000cfa00000, 0x00000000cfa00000, 0x00000000cfb00000|  0%| F|  |TAMS 0x00000000cfa00000, 0x00000000cfa00000| Untracked 
| 211|0x00000000cfb00000, 0x00000000cfb00000, 0x00000000cfc00000|  0%| F|  |TAMS 0x00000000cfb00000, 0x00000000cfb00000| Untracked 
| 212|0x00000000cfc00000, 0x00000000cfc00000, 0x00000000cfd00000|  0%| F|  |TAMS 0x00000000cfc00000, 0x00000000cfc00000| Untracked 
| 213|0x00000000cfd00000, 0x00000000cfd00000, 0x00000000cfe00000|  0%| F|  |TAMS 0x00000000cfd00000, 0x00000000cfd00000| Untracked 
| 214|0x00000000cfe00000, 0x00000000cfe00000, 0x00000000cff00000|  0%| F|  |TAMS 0x00000000cfe00000, 0x00000000cfe00000| Untracked 
| 215|0x00000000cff00000, 0x00000000cff00000, 0x00000000d0000000|  0%| F|  |TAMS 0x00000000cff00000, 0x00000000cff00000| Untracked 
| 216|0x00000000d0000000, 0x00000000d0000000, 0x00000000d0100000|  0%| F|  |TAMS 0x00000000d0000000, 0x00000000d0000000| Untracked 
| 217|0x00000000d0100000, 0x00000000d0100000, 0x00000000d0200000|  0%| F|  |TAMS 0x00000000d0100000, 0x00000000d0100000| Untracked 
| 218|0x00000000d0200000, 0x00000000d0200000, 0x00000000d0300000|  0%| F|  |TAMS 0x00000000d0200000, 0x00000000d0200000| Untracked 
| 219|0x00000000d0300000, 0x00000000d0300000, 0x00000000d0400000|  0%| F|  |TAMS 0x00000000d0300000, 0x00000000d0300000| Untracked 
| 220|0x00000000d0400000, 0x00000000d0400000, 0x00000000d0500000|  0%| F|  |TAMS 0x00000000d0400000, 0x00000000d0400000| Untracked 
| 221|0x00000000d0500000, 0x00000000d0500000, 0x00000000d0600000|  0%| F|  |TAMS 0x00000000d0500000, 0x00000000d0500000| Untracked 
| 222|0x00000000d0600000, 0x00000000d0600000, 0x00000000d0700000|  0%| F|  |TAMS 0x00000000d0600000, 0x00000000d0600000| Untracked 
| 223|0x00000000d0700000, 0x00000000d0700000, 0x00000000d0800000|  0%| F|  |TAMS 0x00000000d0700000, 0x00000000d0700000| Untracked 
| 224|0x00000000d0800000, 0x00000000d0800000, 0x00000000d0900000|  0%| F|  |TAMS 0x00000000d0800000, 0x00000000d0800000| Untracked 
| 225|0x00000000d0900000, 0x00000000d0900000, 0x00000000d0a00000|  0%| F|  |TAMS 0x00000000d0900000, 0x00000000d0900000| Untracked 
| 226|0x00000000d0a00000, 0x00000000d0a00000, 0x00000000d0b00000|  0%| F|  |TAMS 0x00000000d0a00000, 0x00000000d0a00000| Untracked 
| 227|0x00000000d0b00000, 0x00000000d0b00000, 0x00000000d0c00000|  0%| F|  |TAMS 0x00000000d0b00000, 0x00000000d0b00000| Untracked 
| 228|0x00000000d0c00000, 0x00000000d0c00000, 0x00000000d0d00000|  0%| F|  |TAMS 0x00000000d0c00000, 0x00000000d0c00000| Untracked 
| 229|0x00000000d0d00000, 0x00000000d0d00000, 0x00000000d0e00000|  0%| F|  |TAMS 0x00000000d0d00000, 0x00000000d0d00000| Untracked 
| 230|0x00000000d0e00000, 0x00000000d0e00000, 0x00000000d0f00000|  0%| F|  |TAMS 0x00000000d0e00000, 0x00000000d0e00000| Untracked 
| 231|0x00000000d0f00000, 0x00000000d0f00000, 0x00000000d1000000|  0%| F|  |TAMS 0x00000000d0f00000, 0x00000000d0f00000| Untracked 
| 232|0x00000000d1000000, 0x00000000d1000000, 0x00000000d1100000|  0%| F|  |TAMS 0x00000000d1000000, 0x00000000d1000000| Untracked 
| 233|0x00000000d1100000, 0x00000000d1100000, 0x00000000d1200000|  0%| F|  |TAMS 0x00000000d1100000, 0x00000000d1100000| Untracked 
| 234|0x00000000d1200000, 0x00000000d1200000, 0x00000000d1300000|  0%| F|  |TAMS 0x00000000d1200000, 0x00000000d1200000| Untracked 
| 235|0x00000000d1300000, 0x00000000d1300000, 0x00000000d1400000|  0%| F|  |TAMS 0x00000000d1300000, 0x00000000d1300000| Untracked 
| 236|0x00000000d1400000, 0x00000000d1400000, 0x00000000d1500000|  0%| F|  |TAMS 0x00000000d1400000, 0x00000000d1400000| Untracked 
| 237|0x00000000d1500000, 0x00000000d1500000, 0x00000000d1600000|  0%| F|  |TAMS 0x00000000d1500000, 0x00000000d1500000| Untracked 
| 238|0x00000000d1600000, 0x00000000d1600000, 0x00000000d1700000|  0%| F|  |TAMS 0x00000000d1600000, 0x00000000d1600000| Untracked 
| 239|0x00000000d1700000, 0x00000000d1700000, 0x00000000d1800000|  0%| F|  |TAMS 0x00000000d1700000, 0x00000000d1700000| Untracked 
| 240|0x00000000d1800000, 0x00000000d1800000, 0x00000000d1900000|  0%| F|  |TAMS 0x00000000d1800000, 0x00000000d1800000| Untracked 
| 241|0x00000000d1900000, 0x00000000d1900000, 0x00000000d1a00000|  0%| F|  |TAMS 0x00000000d1900000, 0x00000000d1900000| Untracked 
| 242|0x00000000d1a00000, 0x00000000d1a00000, 0x00000000d1b00000|  0%| F|  |TAMS 0x00000000d1a00000, 0x00000000d1a00000| Untracked 
| 243|0x00000000d1b00000, 0x00000000d1b00000, 0x00000000d1c00000|  0%| F|  |TAMS 0x00000000d1b00000, 0x00000000d1b00000| Untracked 
| 244|0x00000000d1c00000, 0x00000000d1c00000, 0x00000000d1d00000|  0%| F|  |TAMS 0x00000000d1c00000, 0x00000000d1c00000| Untracked 
| 245|0x00000000d1d00000, 0x00000000d1d00000, 0x00000000d1e00000|  0%| F|  |TAMS 0x00000000d1d00000, 0x00000000d1d00000| Untracked 
| 246|0x00000000d1e00000, 0x00000000d1e00000, 0x00000000d1f00000|  0%| F|  |TAMS 0x00000000d1e00000, 0x00000000d1e00000| Untracked 
| 247|0x00000000d1f00000, 0x00000000d1f00000, 0x00000000d2000000|  0%| F|  |TAMS 0x00000000d1f00000, 0x00000000d1f00000| Untracked 
| 248|0x00000000d2000000, 0x00000000d2000000, 0x00000000d2100000|  0%| F|  |TAMS 0x00000000d2000000, 0x00000000d2000000| Untracked 
| 249|0x00000000d2100000, 0x00000000d2100000, 0x00000000d2200000|  0%| F|  |TAMS 0x00000000d2100000, 0x00000000d2100000| Untracked 
| 250|0x00000000d2200000, 0x00000000d2200000, 0x00000000d2300000|  0%| F|  |TAMS 0x00000000d2200000, 0x00000000d2200000| Untracked 
| 251|0x00000000d2300000, 0x00000000d2300000, 0x00000000d2400000|  0%| F|  |TAMS 0x00000000d2300000, 0x00000000d2300000| Untracked 
| 252|0x00000000d2400000, 0x00000000d2400000, 0x00000000d2500000|  0%| F|  |TAMS 0x00000000d2400000, 0x00000000d2400000| Untracked 
| 253|0x00000000d2500000, 0x00000000d2500000, 0x00000000d2600000|  0%| F|  |TAMS 0x00000000d2500000, 0x00000000d2500000| Untracked 
| 254|0x00000000d2600000, 0x00000000d2600000, 0x00000000d2700000|  0%| F|  |TAMS 0x00000000d2600000, 0x00000000d2600000| Untracked 
| 255|0x00000000d2700000, 0x00000000d2700000, 0x00000000d2800000|  0%| F|  |TAMS 0x00000000d2700000, 0x00000000d2700000| Untracked 
| 256|0x00000000d2800000, 0x00000000d2800000, 0x00000000d2900000|  0%| F|  |TAMS 0x00000000d2800000, 0x00000000d2800000| Untracked 
| 257|0x00000000d2900000, 0x00000000d2900000, 0x00000000d2a00000|  0%| F|  |TAMS 0x00000000d2900000, 0x00000000d2900000| Untracked 
| 258|0x00000000d2a00000, 0x00000000d2a00000, 0x00000000d2b00000|  0%| F|  |TAMS 0x00000000d2a00000, 0x00000000d2a00000| Untracked 
| 259|0x00000000d2b00000, 0x00000000d2b00000, 0x00000000d2c00000|  0%| F|  |TAMS 0x00000000d2b00000, 0x00000000d2b00000| Untracked 
| 260|0x00000000d2c00000, 0x00000000d2c00000, 0x00000000d2d00000|  0%| F|  |TAMS 0x00000000d2c00000, 0x00000000d2c00000| Untracked 
| 261|0x00000000d2d00000, 0x00000000d2d00000, 0x00000000d2e00000|  0%| F|  |TAMS 0x00000000d2d00000, 0x00000000d2d00000| Untracked 
| 262|0x00000000d2e00000, 0x00000000d2e00000, 0x00000000d2f00000|  0%| F|  |TAMS 0x00000000d2e00000, 0x00000000d2e00000| Untracked 
| 263|0x00000000d2f00000, 0x00000000d2f00000, 0x00000000d3000000|  0%| F|  |TAMS 0x00000000d2f00000, 0x00000000d2f00000| Untracked 
| 264|0x00000000d3000000, 0x00000000d3000000, 0x00000000d3100000|  0%| F|  |TAMS 0x00000000d3000000, 0x00000000d3000000| Untracked 
| 265|0x00000000d3100000, 0x00000000d3100000, 0x00000000d3200000|  0%| F|  |TAMS 0x00000000d3100000, 0x00000000d3100000| Untracked 
| 266|0x00000000d3200000, 0x00000000d3200000, 0x00000000d3300000|  0%| F|  |TAMS 0x00000000d3200000, 0x00000000d3200000| Untracked 
| 267|0x00000000d3300000, 0x00000000d3300000, 0x00000000d3400000|  0%| F|  |TAMS 0x00000000d3300000, 0x00000000d3300000| Untracked 
| 268|0x00000000d3400000, 0x00000000d3400000, 0x00000000d3500000|  0%| F|  |TAMS 0x00000000d3400000, 0x00000000d3400000| Untracked 
| 269|0x00000000d3500000, 0x00000000d3500000, 0x00000000d3600000|  0%| F|  |TAMS 0x00000000d3500000, 0x00000000d3500000| Untracked 
| 270|0x00000000d3600000, 0x00000000d3600000, 0x00000000d3700000|  0%| F|  |TAMS 0x00000000d3600000, 0x00000000d3600000| Untracked 
| 271|0x00000000d3700000, 0x00000000d3700000, 0x00000000d3800000|  0%| F|  |TAMS 0x00000000d3700000, 0x00000000d3700000| Untracked 
| 272|0x00000000d3800000, 0x00000000d3800000, 0x00000000d3900000|  0%| F|  |TAMS 0x00000000d3800000, 0x00000000d3800000| Untracked 
| 273|0x00000000d3900000, 0x00000000d3900000, 0x00000000d3a00000|  0%| F|  |TAMS 0x00000000d3900000, 0x00000000d3900000| Untracked 
| 274|0x00000000d3a00000, 0x00000000d3a00000, 0x00000000d3b00000|  0%| F|  |TAMS 0x00000000d3a00000, 0x00000000d3a00000| Untracked 
| 275|0x00000000d3b00000, 0x00000000d3b00000, 0x00000000d3c00000|  0%| F|  |TAMS 0x00000000d3b00000, 0x00000000d3b00000| Untracked 
| 982|0x00000000ffe00000, 0x00000000ffe47000, 0x00000000fff00000| 27%|OA|  |TAMS 0x00000000ffe00000, 0x00000000ffe00000| Untracked 
| 983|0x00000000fff00000, 0x00000000fff6b000, 0x0000000100000000| 41%|CA|  |TAMS 0x00000000fff00000, 0x00000000fff00000| Untracked 

Card table byte_map: [0x00007f576d97e000,0x00007f576db6a000] _byte_map_base: 0x00007f576d36a000

Marking Bits (Prev, Next): (CMBitMap*) 0x00007f5768047ef8, (CMBitMap*) 0x00007f5768047f30
 Prev Bits: [0x00007f576c832000, 0x00007f576d792000)
 Next Bits: [0x00007f574b0a0000, 0x00007f574c000000)

Polling page: 0x00007f576ed6f000

Metaspace:

Usage:
  Non-class:     10.92 MB capacity,     8.78 MB ( 80%) used,     2.13 MB ( 20%) free+waste,     8.75 KB ( <1%) overhead. 
      Class:      1.30 MB capacity,     1.08 MB ( 83%) used,   229.52 KB ( 17%) free+waste,     3.00 KB ( <1%) overhead. 
       Both:     12.22 MB capacity,     9.85 MB ( 81%) used,     2.35 MB ( 19%) free+waste,    11.75 KB ( <1%) overhead. 

Virtual space:
  Non-class space:       12.00 MB reserved,      11.25 MB ( 94%) committed 
      Class space:        1.00 GB reserved,       1.38 MB ( <1%) committed 
             Both:        1.01 GB reserved,      12.62 MB (  1%) committed 

Chunk freelists:
   Non-Class:  203.00 KB
       Class:  9.00 KB
        Both:  212.00 KB

MaxMetaspaceSize: unlimited
CompressedClassSpaceSize: 1.00 GB

CodeHeap 'non-profiled nmethods': size=119172Kb used=650Kb max_used=657Kb free=118521Kb
 bounds [0x00007f5758438000, 0x00007f57586a8000, 0x00007f575f899000]
CodeHeap 'profiled nmethods': size=119168Kb used=2031Kb max_used=2206Kb free=117136Kb
 bounds [0x00007f5750fd8000, 0x00007f5751248000, 0x00007f5758438000]
CodeHeap 'non-nmethods': size=7420Kb used=1098Kb max_used=1131Kb free=6322Kb
 bounds [0x00007f5750899000, 0x00007f5750b09000, 0x00007f5750fd8000]
 total_blobs=1463 nmethods=1043 adapters=333
 compilation: enabled
              stopped_count=0, restarted_count=0
 full_count=0

Compilation events (20 events):
Event: 7389.748 Thread 0x00007f57680f6000 1125       3       kotlinx.coroutines.scheduling.CoroutineScheduler$Worker::inStack (16 bytes)
Event: 7389.749 Thread 0x00007f57680f6000 nmethod 1125 0x00007f5750fd8010 code [0x00007f5750fd81c0, 0x00007f5750fd8350]
Event: 7509.748 Thread 0x00007f57680f6000 1126       3       kotlinx.coroutines.scheduling.CoroutineScheduler::access$getCreatedWorkers$p (5 bytes)
Event: 7509.749 Thread 0x00007f57680f6000 nmethod 1126 0x00007f5750fdae10 code [0x00007f5750fdafc0, 0x00007f5750fdb110]
Event: 7509.749 Thread 0x00007f57680f6000 1127       3       kotlinx.coroutines.scheduling.CoroutineScheduler::getCreatedWorkers (13 bytes)
Event: 7509.749 Thread 0x00007f57680f6000 nmethod 1127 0x00007f5750fdaa90 code [0x00007f5750fdac40, 0x00007f5750fdad70]
Event: 7569.749 Thread 0x00007f57680f6000 1128       3       kotlinx.coroutines.scheduling.CoroutineScheduler$Worker::tryReleaseCpu$kotlinx_coroutines_core (56 bytes)
Event: 7569.749 Thread 0x00007f57680f6000 nmethod 1128 0x00007f5750fda210 code [0x00007f5750fda400, 0x00007f5750fda920]
Event: 7629.746 Thread 0x00007f57680f6000 1129       3       kotlinx.coroutines.scheduling.CoroutineScheduler$Worker::park (57 bytes)
Event: 7629.747 Thread 0x00007f57680f6000 nmethod 1129 0x00007f5750fd9b90 code [0x00007f5750fd9d80, 0x00007f5750fda0b0]
Event: 7629.747 Thread 0x00007f57680f6000 1130       3       java.util.concurrent.locks.LockSupport::parkNanos (15 bytes)
Event: 7629.747 Thread 0x00007f57680f6000 nmethod 1130 0x00007f5750fd9790 code [0x00007f5750fd9940, 0x00007f5750fd9aa0]
Event: 11469.753 Thread 0x00007f57680f6000 1131   !   3       kotlinx.coroutines.scheduling.CoroutineScheduler$Worker::tryTerminateWorker (224 bytes)
Event: 11469.756 Thread 0x00007f57680f6000 nmethod 1131 0x00007f5750ff5890 code [0x00007f5750ff5f40, 0x00007f5750ff9a30]
Event: 13273.375 Thread 0x00007f57680f6000 1132   !   3       java.lang.ref.ReferenceQueue::remove (125 bytes)
Event: 13273.376 Thread 0x00007f57680f6000 nmethod 1132 0x00007f5750fdd090 code [0x00007f5750fdd2c0, 0x00007f5750fddb30]
Event: 13393.376 Thread 0x00007f57680f6000 1133   !   3       jdk.internal.ref.PhantomCleanable::isListEmpty (34 bytes)
Event: 13393.376 Thread 0x00007f57680f6000 nmethod 1133 0x00007f5750fd9190 code [0x00007f5750fd9340, 0x00007f5750fd9670]
Event: 13393.376 Thread 0x00007f57680f6000 1134       3       jdk.internal.misc.InnocuousThread::eraseThreadLocals (23 bytes)
Event: 13393.376 Thread 0x00007f57680f6000 nmethod 1134 0x00007f5750fdcc90 code [0x00007f5750fdce40, 0x00007f5750fdd030]

GC Heap History (20 events):
Event: 28840.950 GC heap after
{Heap after GC invocations=243403 (full 0):
 garbage-first heap   total 284672K, used 16273K [0x00000000c2800000, 0x0000000100000000)
  region size 1024K, 1 young (1024K), 1 survivors (1024K)
 Metaspace       used 10090K, capacity 12512K, committed 12928K, reserved 1060864K
  class space    used 1102K, capacity 1335K, committed 1408K, reserved 1048576K
}
Event: 28841.082 GC heap before
{Heap before GC invocations=243403 (full 0):
 garbage-first heap   total 284672K, used 185233K [0x00000000c2800000, 0x0000000100000000)
  region size 1024K, 166 young (169984K), 1 survivors (1024K)
 Metaspace       used 10090K, capacity 12512K, committed 12928K, reserved 1060864K
  class space    used 1102K, capacity 1335K, committed 1408K, reserved 1048576K
}
Event: 28841.105 GC heap after
{Heap after GC invocations=243404 (full 0):
 garbage-first heap   total 284672K, used 16275K [0x00000000c2800000, 0x0000000100000000)
  region size 1024K, 1 young (1024K), 1 survivors (1024K)
 Metaspace       used 10090K, capacity 12512K, committed 12928K, reserved 1060864K
  class space    used 1102K, capacity 1335K, committed 1408K, reserved 1048576K
}
Event: 28841.284 GC heap before
{Heap before GC invocations=243404 (full 0):
 garbage-first heap   total 284672K, used 185235K [0x00000000c2800000, 0x0000000100000000)
  region size 1024K, 166 young (169984K), 1 survivors (1024K)
 Metaspace       used 10090K, capacity 12512K, committed 12928K, reserved 1060864K
  class space    used 1102K, capacity 1335K, committed 1408K, reserved 1048576K
}
Event: 28841.305 GC heap after
{Heap after GC invocations=243405 (full 0):
 garbage-first heap   total 284672K, used 16275K [0x00000000c2800000, 0x0000000100000000)
  region size 1024K, 1 young (1024K), 1 survivors (1024K)
 Metaspace       used 10090K, capacity 12512K, committed 12928K, reserved 1060864K
  class space    used 1102K, capacity 1335K, committed 1408K, reserved 1048576K
}
Event: 28841.444 GC heap before
{Heap before GC invocations=243405 (full 0):
 garbage-first heap   total 284672K, used 185235K [0x00000000c2800000, 0x0000000100000000)
  region size 1024K, 166 young (169984K), 1 survivors (1024K)
 Metaspace       used 10090K, capacity 12512K, committed 12928K, reserved 1060864K
  class space    used 1102K, capacity 1335K, committed 1408K, reserved 1048576K
}
Event: 28841.456 GC heap after
{Heap after GC invocations=243406 (full 0):
 garbage-first heap   total 284672K, used 16273K [0x00000000c2800000, 0x0000000100000000)
  region size 1024K, 1 young (1024K), 1 survivors (1024K)
 Metaspace       used 10090K, capacity 12512K, committed 12928K, reserved 1060864K
  class space    used 1102K, capacity 1335K, committed 1408K, reserved 1048576K
}
Event: 28841.592 GC heap before
{Heap before GC invocations=243406 (full 0):
 garbage-first heap   total 284672K, used 185233K [0x00000000c2800000, 0x0000000100000000)
  region size 1024K, 166 young (169984K), 1 survivors (1024K)
 Metaspace       used 10090K, capacity 12512K, committed 12928K, reserved 1060864K
  class space    used 1102K, capacity 1335K, committed 1408K, reserved 1048576K
}
Event: 28841.600 GC heap after
{Heap after GC invocations=243407 (full 0):
 garbage-first heap   total 284672K, used 16271K [0x00000000c2800000, 0x0000000100000000)
  region size 1024K, 1 young (1024K), 1 survivors (1024K)
 Metaspace       used 10090K, capacity 12512K, committed 12928K, reserved 1060864K
  class space    used 1102K, capacity 1335K, committed 1408K, reserved 1048576K
}
Event: 28841.731 GC heap before
{Heap before GC invocations=243407 (full 0):
 garbage-first heap   total 284672K, used 185231K [0x00000000c2800000, 0x0000000100000000)
  region size 1024K, 166 young (169984K), 1 survivors (1024K)
 Metaspace       used 10090K, capacity 12512K, committed 12928K, reserved 1060864K
  class space    used 1102K, capacity 1335K, committed 1408K, reserved 1048576K
}
Event: 28841.738 GC heap after
{Heap after GC invocations=243408 (full 0):
 garbage-first heap   total 284672K, used 16275K [0x00000000c2800000, 0x0000000100000000)
  region size 1024K, 1 young (1024K), 1 survivors (1024K)
 Metaspace       used 10090K, capacity 12512K, committed 12928K, reserved 1060864K
  class space    used 1102K, capacity 1335K, committed 1408K, reserved 1048576K
}
Event: 28841.861 GC heap before
{Heap before GC invocations=243408 (full 0):
 garbage-first heap   total 284672K, used 185235K [0x00000000c2800000, 0x0000000100000000)
  region size 1024K, 166 young (169984K), 1 survivors (1024K)
 Metaspace       used 10090K, capacity 12512K, committed 12928K, reserved 1060864K
  class space    used 1102K, capacity 1335K, committed 1408K, reserved 1048576K
}
Event: 28841.864 GC heap after
{Heap after GC invocations=243409 (full 0):
 garbage-first heap   total 284672K, used 16275K [0x00000000c2800000, 0x0000000100000000)
  region size 1024K, 1 young (1024K), 1 survivors (1024K)
 Metaspace       used 10090K, capacity 12512K, committed 12928K, reserved 1060864K
  class space    used 1102K, capacity 1335K, committed 1408K, reserved 1048576K
}
Event: 28841.986 GC heap before
{Heap before GC invocations=243409 (full 0):
 garbage-first heap   total 284672K, used 185235K [0x00000000c2800000, 0x0000000100000000)
  region size 1024K, 166 young (169984K), 1 survivors (1024K)
 Metaspace       used 10090K, capacity 12512K, committed 12928K, reserved 1060864K
  class space    used 1102K, capacity 1335K, committed 1408K, reserved 1048576K
}
Event: 28841.991 GC heap after
{Heap after GC invocations=243410 (full 0):
 garbage-first heap   total 284672K, used 16279K [0x00000000c2800000, 0x0000000100000000)
  region size 1024K, 1 young (1024K), 1 survivors (1024K)
 Metaspace       used 10090K, capacity 12512K, committed 12928K, reserved 1060864K
  class space    used 1102K, capacity 1335K, committed 1408K, reserved 1048576K
}
Event: 28842.112 GC heap before
{Heap before GC invocations=243410 (full 0):
 garbage-first heap   total 284672K, used 185239K [0x00000000c2800000, 0x0000000100000000)
  region size 1024K, 166 young (169984K), 1 survivors (1024K)
 Metaspace       used 10090K, capacity 12512K, committed 12928K, reserved 1060864K
  class space    used 1102K, capacity 1335K, committed 1408K, reserved 1048576K
}
Event: 28842.113 GC heap after
{Heap after GC invocations=243411 (full 0):
 garbage-first heap   total 284672K, used 16275K [0x00000000c2800000, 0x0000000100000000)
  region size 1024K, 1 young (1024K), 1 survivors (1024K)
 Metaspace       used 10090K, capacity 12512K, committed 12928K, reserved 1060864K
  class space    used 1102K, capacity 1335K, committed 1408K, reserved 1048576K
}
Event: 28842.242 GC heap before
{Heap before GC invocations=243411 (full 0):
 garbage-first heap   total 284672K, used 185235K [0x00000000c2800000, 0x0000000100000000)
  region size 1024K, 166 young (169984K), 1 survivors (1024K)
 Metaspace       used 10090K, capacity 12512K, committed 12928K, reserved 1060864K
  class space    used 1102K, capacity 1335K, committed 1408K, reserved 1048576K
}
Event: 28842.255 GC heap after
{Heap after GC invocations=243412 (full 0):
 garbage-first heap   total 284672K, used 16273K [0x00000000c2800000, 0x0000000100000000)
  region size 1024K, 1 young (1024K), 1 survivors (1024K)
 Metaspace       used 10090K, capacity 12512K, committed 12928K, reserved 1060864K
  class space    used 1102K, capacity 1335K, committed 1408K, reserved 1048576K
}
Event: 28842.376 GC heap before
{Heap before GC invocations=243412 (full 0):
 garbage-first heap   total 284672K, used 185233K [0x00000000c2800000, 0x0000000100000000)
  region size 1024K, 166 young (169984K), 1 survivors (1024K)
 Metaspace       used 10090K, capacity 12512K, committed 12928K, reserved 1060864K
  class space    used 1102K, capacity 1335K, committed 1408K, reserved 1048576K
}

Deoptimization events (20 events):
Event: 15.434 Thread 0x00007f576859b000 DEOPT PACKING pc=0x00007f57511fe27c sp=0x00007f572b7f1850
Event: 15.434 Thread 0x00007f576859b000 DEOPT UNPACKING pc=0x00007f57508bf63a sp=0x00007f572b7f0d68 mode 0
Event: 15.434 Thread 0x00007f576859b000 DEOPT PACKING pc=0x00007f57511fe27c sp=0x00007f572b7f13d0
Event: 15.434 Thread 0x00007f576859b000 DEOPT UNPACKING pc=0x00007f57508bf63a sp=0x00007f572b7f08e8 mode 0
Event: 15.435 Thread 0x00007f576859b000 DEOPT PACKING pc=0x00007f57511fe27c sp=0x00007f572b7f1a90
Event: 15.435 Thread 0x00007f576859b000 DEOPT UNPACKING pc=0x00007f57508bf63a sp=0x00007f572b7f0fa8 mode 0
Event: 15.435 Thread 0x00007f576859b000 DEOPT PACKING pc=0x00007f57511fe27c sp=0x00007f572b7f13d0
Event: 15.435 Thread 0x00007f576859b000 DEOPT UNPACKING pc=0x00007f57508bf63a sp=0x00007f572b7f08e8 mode 0
Event: 15.435 Thread 0x00007f576859b000 DEOPT PACKING pc=0x00007f57511fe27c sp=0x00007f572b7f1a90
Event: 15.435 Thread 0x00007f576859b000 DEOPT UNPACKING pc=0x00007f57508bf63a sp=0x00007f572b7f0fa8 mode 0
Event: 15.435 Thread 0x00007f576859b000 DEOPT PACKING pc=0x00007f57511fe27c sp=0x00007f572b7f1bb0
Event: 15.435 Thread 0x00007f576859b000 DEOPT UNPACKING pc=0x00007f57508bf63a sp=0x00007f572b7f10c8 mode 0
Event: 15.435 Thread 0x00007f576859b000 DEOPT PACKING pc=0x00007f57511fe27c sp=0x00007f572b7f2030
Event: 15.435 Thread 0x00007f576859b000 DEOPT UNPACKING pc=0x00007f57508bf63a sp=0x00007f572b7f1548 mode 0
Event: 15.436 Thread 0x00007f576859b000 DEOPT PACKING pc=0x00007f57511fe27c sp=0x00007f572b7f1cd0
Event: 15.436 Thread 0x00007f576859b000 DEOPT UNPACKING pc=0x00007f57508bf63a sp=0x00007f572b7f11e8 mode 0
Event: 15.436 Thread 0x00007f576859b000 DEOPT PACKING pc=0x00007f57511fe27c sp=0x00007f572b7f1f10
Event: 15.436 Thread 0x00007f576859b000 DEOPT UNPACKING pc=0x00007f57508bf63a sp=0x00007f572b7f1428 mode 0
Event: 15.436 Thread 0x00007f576859b000 DEOPT PACKING pc=0x00007f57511fe27c sp=0x00007f572b7f1a90
Event: 15.436 Thread 0x00007f576859b000 DEOPT UNPACKING pc=0x00007f57508bf63a sp=0x00007f572b7f0fa8 mode 0

Classes redefined (0 events):
No events

Internal exceptions (7 events):
Event: 0.101 Thread 0x00007f5768018800 Exception <a 'java/security/PrivilegedActionException'{0x00000000c655ed58}> (0x00000000c655ed58) thrown at [src/hotspot/share/prims/jvm.cpp, line 1303]
Event: 0.101 Thread 0x00007f5768018800 Exception <a 'java/security/PrivilegedActionException'{0x00000000c655f028}> (0x00000000c655f028) thrown at [src/hotspot/share/prims/jvm.cpp, line 1303]
Event: 0.414 Thread 0x00007f5768018800 Implicit null exception at 0x00007f575844fe4b to 0x00007f5758451024
Event: 0.452 Thread 0x00007f5768018800 Implicit null exception at 0x00007f575844e004 to 0x00007f575844e590
Event: 1.016 Thread 0x00007f5768018800 Exception <a 'java/lang/ClassNotFoundException'{0x00000000c5a569e0}: javax/smartcardio/CardPermission> (0x00000000c5a569e0) thrown at [src/hotspot/share/classfile/systemDictionary.cpp, line 231]
Event: 1.073 Thread 0x00007f5768018800 Exception <a 'java/io/FileNotFoundException'{0x00000000c5a63b88}> (0x00000000c5a63b88) thrown at [src/hotspot/share/prims/jni.cpp, line 615]
Event: 9.747 Thread 0x00007f576859b000 Exception <a 'java/lang/NoSuchMethodError'{0x00000000c50f1e90}: 'org.slf4j.impl.StaticMDCBinder org.slf4j.impl.StaticMDCBinder.getSingleton()'> (0x00000000c50f1e90) thrown at [src/hotspot/share/interpreter/linkResolver.cpp, line 772]

Events (20 events):
Event: 28840.950 Executing VM operation: G1CollectForAllocation done
Event: 28841.075 Executing VM operation: G1CollectForAllocation
Event: 28841.108 Executing VM operation: G1CollectForAllocation done
Event: 28841.281 Executing VM operation: G1CollectForAllocation
Event: 28841.308 Executing VM operation: G1CollectForAllocation done
Event: 28841.438 Executing VM operation: G1CollectForAllocation
Event: 28841.456 Executing VM operation: G1CollectForAllocation done
Event: 28841.586 Executing VM operation: G1CollectForAllocation
Event: 28841.600 Executing VM operation: G1CollectForAllocation done
Event: 28841.727 Executing VM operation: G1CollectForAllocation
Event: 28841.738 Executing VM operation: G1CollectForAllocation done
Event: 28841.859 Executing VM operation: G1CollectForAllocation
Event: 28841.864 Executing VM operation: G1CollectForAllocation done
Event: 28841.986 Executing VM operation: G1CollectForAllocation
Event: 28841.991 Executing VM operation: G1CollectForAllocation done
Event: 28842.112 Executing VM operation: G1CollectForAllocation
Event: 28842.113 Executing VM operation: G1CollectForAllocation done
Event: 28842.239 Executing VM operation: G1CollectForAllocation
Event: 28842.255 Executing VM operation: G1CollectForAllocation done
Event: 28842.376 Executing VM operation: G1CollectForAllocation


Dynamic libraries:
c2800000-d3c00000 rw-p 00000000 00:00 0 
d8700000-ffe00000 ---p 00000000 00:00 0 
ffe00000-ffe47000 rw-p 01111000 08:20 69132                              /usr/lib/jvm/java-11-openjdk-amd64/lib/server/classes.jsa
ffe47000-fff00000 rw-p 00000000 00:00 0 
fff00000-fff6b000 rw-p 010a6000 08:20 69132                              /usr/lib/jvm/java-11-openjdk-amd64/lib/server/classes.jsa
fff6b000-100000000 rw-p 00000000 00:00 0 
800000000-800002000 rwxp 00001000 08:20 69132                            /usr/lib/jvm/java-11-openjdk-amd64/lib/server/classes.jsa
800002000-8003b9000 rw-p 00003000 08:20 69132                            /usr/lib/jvm/java-11-openjdk-amd64/lib/server/classes.jsa
8003b9000-800a96000 r--p 003ba000 08:20 69132                            /usr/lib/jvm/java-11-openjdk-amd64/lib/server/classes.jsa
800a96000-800a97000 rw-p 00a97000 08:20 69132                            /usr/lib/jvm/java-11-openjdk-amd64/lib/server/classes.jsa
800a97000-8010a5000 r--p 00a98000 08:20 69132                            /usr/lib/jvm/java-11-openjdk-amd64/lib/server/classes.jsa
840000000-840160000 rw-p 00000000 00:00 0 
840160000-880000000 ---p 00000000 00:00 0 
5560063a6000-5560063a7000 r--p 00000000 08:20 310955                     /usr/lib/jvm/java-11-openjdk-amd64/bin/java
5560063a7000-5560063a8000 r-xp 00001000 08:20 310955                     /usr/lib/jvm/java-11-openjdk-amd64/bin/java
5560063a8000-5560063a9000 r--p 00002000 08:20 310955                     /usr/lib/jvm/java-11-openjdk-amd64/bin/java
5560063a9000-5560063aa000 r--p 00002000 08:20 310955                     /usr/lib/jvm/java-11-openjdk-amd64/bin/java
5560063aa000-5560063ab000 rw-p 00003000 08:20 310955                     /usr/lib/jvm/java-11-openjdk-amd64/bin/java
556007233000-556007254000 rw-p 00000000 00:00 0                          [heap]
7f56e4000000-7f56e4021000 rw-p 00000000 00:00 0 
7f56e4021000-7f56e8000000 ---p 00000000 00:00 0 
7f56e8000000-7f56e8021000 rw-p 00000000 00:00 0 
7f56e8021000-7f56ec000000 ---p 00000000 00:00 0 
7f56ec000000-7f56ec0f2000 rw-p 00000000 00:00 0 
7f56ec0f2000-7f56f0000000 ---p 00000000 00:00 0 
7f56f0000000-7f56f016b000 rw-p 00000000 00:00 0 
7f56f016b000-7f56f4000000 ---p 00000000 00:00 0 
7f56f4000000-7f56f49d9000 rw-p 00000000 00:00 0 
7f56f49d9000-7f56f8000000 ---p 00000000 00:00 0 
7f56f8000000-7f56f80b1000 rw-p 00000000 00:00 0 
7f56f80b1000-7f56fc000000 ---p 00000000 00:00 0 
7f56fc000000-7f56fc021000 rw-p 00000000 00:00 0 
7f56fc021000-7f5700000000 ---p 00000000 00:00 0 
7f5700000000-7f5700021000 rw-p 00000000 00:00 0 
7f5700021000-7f5704000000 ---p 00000000 00:00 0 
7f5704000000-7f5704021000 rw-p 00000000 00:00 0 
7f5704021000-7f5708000000 ---p 00000000 00:00 0 
7f5708000000-7f5708358000 rw-p 00000000 00:00 0 
7f5708358000-7f570c000000 ---p 00000000 00:00 0 
7f570c000000-7f570c021000 rw-p 00000000 00:00 0 
7f570c021000-7f5710000000 ---p 00000000 00:00 0 
7f5710000000-7f5710021000 rw-p 00000000 00:00 0 
7f5710021000-7f5714000000 ---p 00000000 00:00 0 
7f5714000000-7f5714021000 rw-p 00000000 00:00 0 
7f5714021000-7f5718000000 ---p 00000000 00:00 0 
7f5718000000-7f5718021000 rw-p 00000000 00:00 0 
7f5718021000-7f571c000000 ---p 00000000 00:00 0 
7f571c000000-7f571ddd7000 rw-p 00000000 00:00 0 
7f571ddd7000-7f5720000000 ---p 00000000 00:00 0 
7f5720000000-7f572042e000 rw-p 00000000 00:00 0 
7f572042e000-7f5724000000 ---p 00000000 00:00 0 
7f5724000000-7f5724021000 rw-p 00000000 00:00 0 
7f5724021000-7f5728000000 ---p 00000000 00:00 0 
7f572a8e7000-7f572a8e8000 ---p 00000000 00:00 0 
7f572a8e8000-7f572a9e9000 rw-p 00000000 00:00 0 
7f572a9e9000-7f572a9ea000 ---p 00000000 00:00 0 
7f572a9ea000-7f572aaeb000 rw-p 00000000 00:00 0 
7f572aaeb000-7f572aaec000 ---p 00000000 00:00 0 
7f572aaec000-7f572abed000 rw-p 00000000 00:00 0 
7f572abed000-7f572abee000 ---p 00000000 00:00 0 
7f572abee000-7f572acef000 rw-p 00000000 00:00 0 
7f572acef000-7f572acf3000 ---p 00000000 00:00 0 
7f572acf3000-7f572adf0000 rw-p 00000000 00:00 0 
7f572adf0000-7f572adf4000 ---p 00000000 00:00 0 
7f572adf4000-7f572aef1000 rw-p 00000000 00:00 0 
7f572aef1000-7f572aef5000 ---p 00000000 00:00 0 
7f572aef5000-7f572aff2000 rw-p 00000000 00:00 0 
7f572aff2000-7f572aff6000 ---p 00000000 00:00 0 
7f572aff6000-7f572b233000 rw-p 00000000 00:00 0 
7f572b233000-7f572b2f3000 ---p 00000000 00:00 0 
7f572b2f3000-7f572b4f3000 rw-p 00000000 00:00 0 
7f572b4f3000-7f572b4f4000 ---p 00000000 00:00 0 
7f572b4f4000-7f572b5f5000 rw-p 00000000 00:00 0 
7f572b5f5000-7f572b5f9000 ---p 00000000 00:00 0 
7f572b5f9000-7f572b6f6000 rw-p 00000000 00:00 0 
7f572b6f6000-7f572b6fa000 ---p 00000000 00:00 0 
7f572b6fa000-7f572b7f7000 rw-p 00000000 00:00 0 
7f572b7f7000-7f572b7fb000 ---p 00000000 00:00 0 
7f572b7fb000-7f572b8f8000 rw-p 00000000 00:00 0 
7f572b8f8000-7f572b8fc000 ---p 00000000 00:00 0 
7f572b8fc000-7f572b9f9000 rw-p 00000000 00:00 0 
7f572b9f9000-7f572b9fa000 ---p 00000000 00:00 0 
7f572b9fa000-7f572bafb000 rw-p 00000000 00:00 0 
7f572bafb000-7f572baff000 ---p 00000000 00:00 0 
7f572baff000-7f572bbfc000 rw-p 00000000 00:00 0 
7f572bbfc000-7f572bc00000 ---p 00000000 00:00 0 
7f572bc00000-7f572bcfd000 rw-p 00000000 00:00 0 
7f572bcfd000-7f572bd01000 ---p 00000000 00:00 0 
7f572bd01000-7f572bdfe000 rw-p 00000000 00:00 0 
7f572bdfe000-7f572be02000 ---p 00000000 00:00 0 
7f572be02000-7f572beff000 rw-p 00000000 00:00 0 
7f572beff000-7f572bf03000 ---p 00000000 00:00 0 
7f572bf03000-7f572c000000 rw-p 00000000 00:00 0 
7f572c000000-7f572c021000 rw-p 00000000 00:00 0 
7f572c021000-7f5730000000 ---p 00000000 00:00 0 
7f5730000000-7f5730021000 rw-p 00000000 00:00 0 
7f5730021000-7f5734000000 ---p 00000000 00:00 0 
7f5734000000-7f5734021000 rw-p 00000000 00:00 0 
7f5734021000-7f5738000000 ---p 00000000 00:00 0 
7f5738000000-7f5738103000 rw-p 00000000 00:00 0 
7f5738103000-7f573c000000 ---p 00000000 00:00 0 
7f573c000000-7f573c021000 rw-p 00000000 00:00 0 
7f573c021000-7f5740000000 ---p 00000000 00:00 0 
7f5740000000-7f5740021000 rw-p 00000000 00:00 0 
7f5740021000-7f5744000000 ---p 00000000 00:00 0 
7f5744000000-7f5744021000 rw-p 00000000 00:00 0 
7f5744021000-7f5748000000 ---p 00000000 00:00 0 
7f5748054000-7f5748085000 rw-p 00000000 00:00 0 
7f5748085000-7f5748089000 r--p 00000000 08:20 312559                     /usr/lib/jvm/java-11-openjdk-amd64/lib/libnet.so
7f5748089000-7f5748098000 r-xp 00004000 08:20 312559                     /usr/lib/jvm/java-11-openjdk-amd64/lib/libnet.so
7f5748098000-7f574809c000 r--p 00013000 08:20 312559                     /usr/lib/jvm/java-11-openjdk-amd64/lib/libnet.so
7f574809c000-7f574809d000 r--p 00016000 08:20 312559                     /usr/lib/jvm/java-11-openjdk-amd64/lib/libnet.so
7f574809d000-7f574809e000 rw-p 00017000 08:20 312559                     /usr/lib/jvm/java-11-openjdk-amd64/lib/libnet.so
7f574809e000-7f57480a5000 r--p 00000000 08:20 312560                     /usr/lib/jvm/java-11-openjdk-amd64/lib/libnio.so
7f57480a5000-7f57480ad000 r-xp 00007000 08:20 312560                     /usr/lib/jvm/java-11-openjdk-amd64/lib/libnio.so
7f57480ad000-7f57480b0000 r--p 0000f000 08:20 312560                     /usr/lib/jvm/java-11-openjdk-amd64/lib/libnio.so
7f57480b0000-7f57480b1000 r--p 00011000 08:20 312560                     /usr/lib/jvm/java-11-openjdk-amd64/lib/libnio.so
7f57480b1000-7f57480b2000 rw-p 00012000 08:20 312560                     /usr/lib/jvm/java-11-openjdk-amd64/lib/libnio.so
7f57480b2000-7f5748398000 r--p 00000000 08:20 35774                      /usr/lib/locale/locale-archive
7f5748398000-7f574839c000 ---p 00000000 00:00 0 
7f574839c000-7f5748499000 rw-p 00000000 00:00 0 
7f5748499000-7f574849d000 ---p 00000000 00:00 0 
7f574849d000-7f574859a000 rw-p 00000000 00:00 0 
7f574859a000-7f574859b000 ---p 00000000 00:00 0 
7f574859b000-7f5748e9c000 rw-p 00000000 00:00 0 
7f5748e9c000-7f5748e9d000 ---p 00000000 00:00 0 
7f5748e9d000-7f5748f9e000 rw-p 00000000 00:00 0 
7f5748f9e000-7f5748f9f000 ---p 00000000 00:00 0 
7f5748f9f000-7f574b4f0000 rw-p 00000000 00:00 0 
7f574b4f0000-7f574bff8000 ---p 00000000 00:00 0 
7f574bff8000-7f574c000000 rw-p 00000000 00:00 0 
7f574c000000-7f574c021000 rw-p 00000000 00:00 0 
7f574c021000-7f5750000000 ---p 00000000 00:00 0 
7f5750010000-7f5750899000 rw-p 00000000 00:00 0 
7f5750899000-7f5750b09000 rwxp 00000000 00:00 0 
7f5750b09000-7f5750fd8000 ---p 00000000 00:00 0 
7f5750fd8000-7f5751248000 rwxp 00000000 00:00 0 
7f5751248000-7f5758438000 ---p 00000000 00:00 0 
7f5758438000-7f57586a8000 rwxp 00000000 00:00 0 
7f57586a8000-7f575f899000 ---p 00000000 00:00 0 
7f575f899000-7f5768000000 r--s 00000000 08:20 312569                     /usr/lib/jvm/java-11-openjdk-amd64/lib/modules
7f5768000000-7f57685ae000 rw-p 00000000 00:00 0 
7f57685ae000-7f576c000000 ---p 00000000 00:00 0 
7f576c005000-7f576c5cf000 rw-p 00000000 00:00 0 
7f576c5cf000-7f576c5d0000 ---p 00000000 00:00 0 
7f576c5d0000-7f576c6d1000 rw-p 00000000 00:00 0 
7f576c6d1000-7f576c6d2000 ---p 00000000 00:00 0 
7f576c6d2000-7f576cc82000 rw-p 00000000 00:00 0 
7f576cc82000-7f576d78a000 ---p 00000000 00:00 0 
7f576d78a000-7f576d81c000 rw-p 00000000 00:00 0 
7f576d81c000-7f576d97d000 ---p 00000000 00:00 0 
7f576d97d000-7f576da08000 rw-p 00000000 00:00 0 
7f576da08000-7f576db69000 ---p 00000000 00:00 0 
7f576db69000-7f576dbf4000 rw-p 00000000 00:00 0 
7f576dbf4000-7f576dd55000 ---p 00000000 00:00 0 
7f576dd55000-7f576ea63000 rw-p 00000000 00:00 0 
7f576ea63000-7f576ea64000 ---p 00000000 00:00 0 
7f576ea64000-7f576eb6a000 rw-p 00000000 00:00 0 
7f576eb6a000-7f576ec4e000 ---p 00000000 00:00 0 
7f576ec4e000-7f576ec53000 rw-p 00000000 00:00 0 
7f576ec53000-7f576ed37000 ---p 00000000 00:00 0 
7f576ed37000-7f576ed3c000 rw-p 00000000 00:00 0 
7f576ed3c000-7f576ed46000 ---p 00000000 00:00 0 
7f576ed46000-7f576ed48000 r--s 0000c000 08:20 68079                      /usr/share/java/java-atk-wrapper.jar
7f576ed48000-7f576ed4a000 r--p 00000000 08:20 312568                     /usr/lib/jvm/java-11-openjdk-amd64/lib/libzip.so
7f576ed4a000-7f576ed4e000 r-xp 00002000 08:20 312568                     /usr/lib/jvm/java-11-openjdk-amd64/lib/libzip.so
7f576ed4e000-7f576ed50000 r--p 00006000 08:20 312568                     /usr/lib/jvm/java-11-openjdk-amd64/lib/libzip.so
7f576ed50000-7f576ed51000 r--p 00007000 08:20 312568                     /usr/lib/jvm/java-11-openjdk-amd64/lib/libzip.so
7f576ed51000-7f576ed52000 rw-p 00008000 08:20 312568                     /usr/lib/jvm/java-11-openjdk-amd64/lib/libzip.so
7f576ed52000-7f576ed55000 r--p 00000000 08:20 27870                      /usr/lib/x86_64-linux-gnu/libnss_files-2.31.so
7f576ed55000-7f576ed5c000 r-xp 00003000 08:20 27870                      /usr/lib/x86_64-linux-gnu/libnss_files-2.31.so
7f576ed5c000-7f576ed5e000 r--p 0000a000 08:20 27870                      /usr/lib/x86_64-linux-gnu/libnss_files-2.31.so
7f576ed5e000-7f576ed5f000 r--p 0000b000 08:20 27870                      /usr/lib/x86_64-linux-gnu/libnss_files-2.31.so
7f576ed5f000-7f576ed60000 rw-p 0000c000 08:20 27870                      /usr/lib/x86_64-linux-gnu/libnss_files-2.31.so
7f576ed60000-7f576ed66000 rw-p 00000000 00:00 0 
7f576ed67000-7f576ed6f000 rw-s 00000000 08:20 675168                     /tmp/hsperfdata_rollie/28056
7f576ed6f000-7f576ed70000 ---p 00000000 00:00 0 
7f576ed70000-7f576ed71000 r--p 00000000 00:00 0 
7f576ed71000-7f576ed7f000 r--p 00000000 08:20 312547                     /usr/lib/jvm/java-11-openjdk-amd64/lib/libjava.so
7f576ed7f000-7f576ed95000 r-xp 0000e000 08:20 312547                     /usr/lib/jvm/java-11-openjdk-amd64/lib/libjava.so
7f576ed95000-7f576ed9c000 r--p 00024000 08:20 312547                     /usr/lib/jvm/java-11-openjdk-amd64/lib/libjava.so
7f576ed9c000-7f576ed9d000 r--p 0002a000 08:20 312547                     /usr/lib/jvm/java-11-openjdk-amd64/lib/libjava.so
7f576ed9d000-7f576ed9e000 rw-p 0002b000 08:20 312547                     /usr/lib/jvm/java-11-openjdk-amd64/lib/libjava.so
7f576ed9e000-7f576ed9f000 rw-p 00000000 00:00 0 
7f576ed9f000-7f576eda4000 r--p 00000000 08:20 312567                     /usr/lib/jvm/java-11-openjdk-amd64/lib/libverify.so
7f576eda4000-7f576edab000 r-xp 00005000 08:20 312567                     /usr/lib/jvm/java-11-openjdk-amd64/lib/libverify.so
7f576edab000-7f576edad000 r--p 0000c000 08:20 312567                     /usr/lib/jvm/java-11-openjdk-amd64/lib/libverify.so
7f576edad000-7f576edae000 ---p 0000e000 08:20 312567                     /usr/lib/jvm/java-11-openjdk-amd64/lib/libverify.so
7f576edae000-7f576edb0000 r--p 0000e000 08:20 312567                     /usr/lib/jvm/java-11-openjdk-amd64/lib/libverify.so
7f576edb0000-7f576edb1000 rw-p 00010000 08:20 312567                     /usr/lib/jvm/java-11-openjdk-amd64/lib/libverify.so
7f576edb1000-7f576edb4000 r--p 00000000 08:20 27880                      /usr/lib/x86_64-linux-gnu/librt-2.31.so
7f576edb4000-7f576edb8000 r-xp 00003000 08:20 27880                      /usr/lib/x86_64-linux-gnu/librt-2.31.so
7f576edb8000-7f576edb9000 r--p 00007000 08:20 27880                      /usr/lib/x86_64-linux-gnu/librt-2.31.so
7f576edb9000-7f576edba000 ---p 00008000 08:20 27880                      /usr/lib/x86_64-linux-gnu/librt-2.31.so
7f576edba000-7f576edbb000 r--p 00008000 08:20 27880                      /usr/lib/x86_64-linux-gnu/librt-2.31.so
7f576edbb000-7f576edbc000 rw-p 00009000 08:20 27880                      /usr/lib/x86_64-linux-gnu/librt-2.31.so
7f576edbc000-7f576edc0000 ---p 00000000 00:00 0 
7f576edc0000-7f576eebd000 rw-p 00000000 00:00 0 
7f576eebd000-7f576eec0000 r--p 00000000 08:20 19092                      /usr/lib/x86_64-linux-gnu/libgcc_s.so.1
7f576eec0000-7f576eed2000 r-xp 00003000 08:20 19092                      /usr/lib/x86_64-linux-gnu/libgcc_s.so.1
7f576eed2000-7f576eed6000 r--p 00015000 08:20 19092                      /usr/lib/x86_64-linux-gnu/libgcc_s.so.1
7f576eed6000-7f576eed7000 r--p 00018000 08:20 19092                      /usr/lib/x86_64-linux-gnu/libgcc_s.so.1
7f576eed7000-7f576eed8000 rw-p 00019000 08:20 19092                      /usr/lib/x86_64-linux-gnu/libgcc_s.so.1
7f576eed8000-7f576eee7000 r--p 00000000 08:20 27863                      /usr/lib/x86_64-linux-gnu/libm-2.31.so
7f576eee7000-7f576ef8e000 r-xp 0000f000 08:20 27863                      /usr/lib/x86_64-linux-gnu/libm-2.31.so
7f576ef8e000-7f576f025000 r--p 000b6000 08:20 27863                      /usr/lib/x86_64-linux-gnu/libm-2.31.so
7f576f025000-7f576f026000 r--p 0014c000 08:20 27863                      /usr/lib/x86_64-linux-gnu/libm-2.31.so
7f576f026000-7f576f027000 rw-p 0014d000 08:20 27863                      /usr/lib/x86_64-linux-gnu/libm-2.31.so
7f576f027000-7f576f0bd000 r--p 00000000 08:20 27838                      /usr/lib/x86_64-linux-gnu/libstdc++.so.6.0.28
7f576f0bd000-7f576f1ad000 r-xp 00096000 08:20 27838                      /usr/lib/x86_64-linux-gnu/libstdc++.so.6.0.28
7f576f1ad000-7f576f1f6000 r--p 00186000 08:20 27838                      /usr/lib/x86_64-linux-gnu/libstdc++.so.6.0.28
7f576f1f6000-7f576f1f7000 ---p 001cf000 08:20 27838                      /usr/lib/x86_64-linux-gnu/libstdc++.so.6.0.28
7f576f1f7000-7f576f202000 r--p 001cf000 08:20 27838                      /usr/lib/x86_64-linux-gnu/libstdc++.so.6.0.28
7f576f202000-7f576f205000 rw-p 001da000 08:20 27838                      /usr/lib/x86_64-linux-gnu/libstdc++.so.6.0.28
7f576f205000-7f576f208000 rw-p 00000000 00:00 0 
7f576f208000-7f576f481000 r--p 00000000 08:20 312574                     /usr/lib/jvm/java-11-openjdk-amd64/lib/server/libjvm.so
7f576f481000-7f57700fe000 r-xp 00279000 08:20 312574                     /usr/lib/jvm/java-11-openjdk-amd64/lib/server/libjvm.so
7f57700fe000-7f5770354000 r--p 00ef6000 08:20 312574                     /usr/lib/jvm/java-11-openjdk-amd64/lib/server/libjvm.so
7f5770354000-7f5770415000 r--p 0114b000 08:20 312574                     /usr/lib/jvm/java-11-openjdk-amd64/lib/server/libjvm.so
7f5770415000-7f5770450000 rw-p 0120c000 08:20 312574                     /usr/lib/jvm/java-11-openjdk-amd64/lib/server/libjvm.so
7f5770450000-7f57704a9000 rw-p 00000000 00:00 0 
7f57704a9000-7f57704b0000 r--p 00000000 08:20 27877                      /usr/lib/x86_64-linux-gnu/libpthread-2.31.so
7f57704b0000-7f57704c1000 r-xp 00007000 08:20 27877                      /usr/lib/x86_64-linux-gnu/libpthread-2.31.so
7f57704c1000-7f57704c6000 r--p 00018000 08:20 27877                      /usr/lib/x86_64-linux-gnu/libpthread-2.31.so
7f57704c6000-7f57704c7000 r--p 0001c000 08:20 27877                      /usr/lib/x86_64-linux-gnu/libpthread-2.31.so
7f57704c7000-7f57704c8000 rw-p 0001d000 08:20 27877                      /usr/lib/x86_64-linux-gnu/libpthread-2.31.so
7f57704c8000-7f57704cc000 rw-p 00000000 00:00 0 
7f57704cc000-7f57704cd000 r--p 00000000 08:20 27861                      /usr/lib/x86_64-linux-gnu/libdl-2.31.so
7f57704cd000-7f57704cf000 r-xp 00001000 08:20 27861                      /usr/lib/x86_64-linux-gnu/libdl-2.31.so
7f57704cf000-7f57704d0000 r--p 00003000 08:20 27861                      /usr/lib/x86_64-linux-gnu/libdl-2.31.so
7f57704d0000-7f57704d1000 r--p 00003000 08:20 27861                      /usr/lib/x86_64-linux-gnu/libdl-2.31.so
7f57704d1000-7f57704d2000 rw-p 00004000 08:20 27861                      /usr/lib/x86_64-linux-gnu/libdl-2.31.so
7f57704d2000-7f57704d4000 r--p 00000000 08:20 10741                      /usr/lib/x86_64-linux-gnu/libz.so.1.2.11
7f57704d4000-7f57704e5000 r-xp 00002000 08:20 10741                      /usr/lib/x86_64-linux-gnu/libz.so.1.2.11
7f57704e5000-7f57704eb000 r--p 00013000 08:20 10741                      /usr/lib/x86_64-linux-gnu/libz.so.1.2.11
7f57704eb000-7f57704ec000 ---p 00019000 08:20 10741                      /usr/lib/x86_64-linux-gnu/libz.so.1.2.11
7f57704ec000-7f57704ed000 r--p 00019000 08:20 10741                      /usr/lib/x86_64-linux-gnu/libz.so.1.2.11
7f57704ed000-7f57704ee000 rw-p 0001a000 08:20 10741                      /usr/lib/x86_64-linux-gnu/libz.so.1.2.11
7f57704ee000-7f5770513000 r--p 00000000 08:20 27860                      /usr/lib/x86_64-linux-gnu/libc-2.31.so
7f5770513000-7f577068b000 r-xp 00025000 08:20 27860                      /usr/lib/x86_64-linux-gnu/libc-2.31.so
7f577068b000-7f57706d5000 r--p 0019d000 08:20 27860                      /usr/lib/x86_64-linux-gnu/libc-2.31.so
7f57706d5000-7f57706d6000 ---p 001e7000 08:20 27860                      /usr/lib/x86_64-linux-gnu/libc-2.31.so
7f57706d6000-7f57706d9000 r--p 001e7000 08:20 27860                      /usr/lib/x86_64-linux-gnu/libc-2.31.so
7f57706d9000-7f57706dc000 rw-p 001ea000 08:20 27860                      /usr/lib/x86_64-linux-gnu/libc-2.31.so
7f57706dc000-7f57706e0000 rw-p 00000000 00:00 0 
7f57706e0000-7f57706e2000 r--p 00000000 08:20 312551                     /usr/lib/jvm/java-11-openjdk-amd64/lib/libjimage.so
7f57706e2000-7f57706e5000 r-xp 00002000 08:20 312551                     /usr/lib/jvm/java-11-openjdk-amd64/lib/libjimage.so
7f57706e5000-7f57706e6000 r--p 00005000 08:20 312551                     /usr/lib/jvm/java-11-openjdk-amd64/lib/libjimage.so
7f57706e6000-7f57706e7000 ---p 00006000 08:20 312551                     /usr/lib/jvm/java-11-openjdk-amd64/lib/libjimage.so
7f57706e7000-7f57706e8000 r--p 00006000 08:20 312551                     /usr/lib/jvm/java-11-openjdk-amd64/lib/libjimage.so
7f57706e8000-7f57706e9000 rw-p 00007000 08:20 312551                     /usr/lib/jvm/java-11-openjdk-amd64/lib/libjimage.so
7f57706e9000-7f57706ec000 r--p 00000000 08:20 312531                     /usr/lib/jvm/java-11-openjdk-amd64/lib/jli/libjli.so
7f57706ec000-7f57706f6000 r-xp 00003000 08:20 312531                     /usr/lib/jvm/java-11-openjdk-amd64/lib/jli/libjli.so
7f57706f6000-7f57706f9000 r--p 0000d000 08:20 312531                     /usr/lib/jvm/java-11-openjdk-amd64/lib/jli/libjli.so
7f57706f9000-7f57706fa000 ---p 00010000 08:20 312531                     /usr/lib/jvm/java-11-openjdk-amd64/lib/jli/libjli.so
7f57706fa000-7f57706fb000 r--p 00010000 08:20 312531                     /usr/lib/jvm/java-11-openjdk-amd64/lib/jli/libjli.so
7f57706fb000-7f57706fc000 rw-p 00011000 08:20 312531                     /usr/lib/jvm/java-11-openjdk-amd64/lib/jli/libjli.so
7f57706fc000-7f57706fe000 rw-p 00000000 00:00 0 
7f57706fe000-7f57706ff000 r--p 00000000 08:20 27855                      /usr/lib/x86_64-linux-gnu/ld-2.31.so
7f57706ff000-7f5770722000 r-xp 00001000 08:20 27855                      /usr/lib/x86_64-linux-gnu/ld-2.31.so
7f5770722000-7f577072a000 r--p 00024000 08:20 27855                      /usr/lib/x86_64-linux-gnu/ld-2.31.so
7f577072b000-7f577072c000 r--p 0002c000 08:20 27855                      /usr/lib/x86_64-linux-gnu/ld-2.31.so
7f577072c000-7f577072d000 rw-p 0002d000 08:20 27855                      /usr/lib/x86_64-linux-gnu/ld-2.31.so
7f577072d000-7f577072e000 rw-p 00000000 00:00 0 
7fffb7986000-7fffb79aa000 rw-p 00000000 00:00 0                          [stack]
7fffb79cb000-7fffb79ce000 r--p 00000000 00:00 0                          [vvar]
7fffb79ce000-7fffb79d0000 r-xp 00000000 00:00 0                          [vdso]


VM Arguments:
jvm_args: -Dfile.encoding=UTF-8 -Duser.country=US -Duser.language=en -Duser.variant 
java_command: backend.ApplicationKt
java_class_path (initial): /home/rollie/repos/drawing-app/backend/app/build/classes/java/main:/home/rollie/repos/drawing-app/backend/app/build/classes/kotlin/main:/home/rollie/repos/drawing-app/backend/app/build/resources/main:/home/rollie/.gradle/caches/modules-2/files-2.1/io.ktor/ktor-auth/1.5.0/f577e274bf713974e3a0e2e542b6a3ce5c0742d2/ktor-auth-jvm-1.5.0.jar:/home/rollie/.gradle/caches/modules-2/files-2.1/io.ktor/ktor-websockets/1.5.0/f4ac5f1133a9737203e8b4c6127a82c0dfa092ee/ktor-websockets-jvm-1.5.0.jar:/home/rollie/.gradle/caches/modules-2/files-2.1/io.ktor/ktor-serialization/1.5.0/d4665f36b39780c98f6a55641135242273b9e4b8/ktor-serialization-jvm-1.5.0.jar:/home/rollie/.gradle/caches/modules-2/files-2.1/io.ktor/ktor-server-cio/1.5.0/6ee5705a8bb2fff61f64a6dea64b7925f35a425f/ktor-server-cio-jvm-1.5.0.jar:/home/rollie/.gradle/caches/modules-2/files-2.1/io.ktor/ktor-server-host-common/1.5.0/338062ff51d1e4416eca1320adfc78bf67734e6a/ktor-server-host-common-jvm-1.5.0.jar:/home/rollie/.gradle/caches/modules-2/files-2.1/io.ktor/ktor-server-core/1.5.0/6b6df94414d17da4630b6abf61ccdb22e0d0dbf2/ktor-server-core-jvm-1.5.0.jar:/home/rollie/.gradle/caches/modules-2/files-2.1/org.jetbrains.kotlin/kotlin-stdlib-jdk8/1.4.21/3ad7f99fb330947a12451ea16767d192d763600a/kotlin-stdlib-jdk8-1.4.21.jar:/home/rollie/.gradle/caches/modules-2/files-2.1/com.google.cloud/google-cloud-storage/1.113.8/2ea632fa6d7551be0c60bdcee693e48a06e725ae/google-cloud-storage-1.113.8.jar:/home/rollie/.gradle/caches/modules-2/files-2.1/com.google.guava/guava/30.1-android/1e904cca24cdf3dc84d5fe4f73e12f1186e04380/guava-30.1-android.jar:/home/rollie/.gradle/caches/modules-2/files-2.1/ch.qos.logback/logback-classic/1.2.3/7c4f3c474fb2c041d8028740440937705ebb473a/logback-classic-1.2.3.jar:/home/rollie/.gradle/caches/modules-2/files-2.1/io.ktor/ktor/1.5.0/ac6856c6316d6be220df92d11bd7d64bcc0638ed/ktor-jvm-1.5.0.jar:/home/rollie/.gradle/caches/modules-2/files-2.1/io.ktor/ktor-client-core-jvm/1.5.0/99f27c1d879d918317e71
Launcher Type: SUN_STANDARD

[Global flags]
     intx CICompilerCount                          = 12                                        {product} {ergonomic}
     uint ConcGCThreads                            = 3                                         {product} {ergonomic}
     uint G1ConcRefinementThreads                  = 13                                        {product} {ergonomic}
   size_t G1HeapRegionSize                         = 1048576                                   {product} {ergonomic}
    uintx GCDrainStackTargetSize                   = 64                                        {product} {ergonomic}
   size_t InitialHeapSize                          = 65011712                                  {product} {ergonomic}
   size_t MarkStackSize                            = 4194304                                   {product} {ergonomic}
   size_t MaxHeapSize                              = 1031798784                                {product} {ergonomic}
   size_t MaxNewSize                               = 618659840                                 {product} {ergonomic}
   size_t MinHeapDeltaBytes                        = 1048576                                   {product} {ergonomic}
    uintx NonNMethodCodeHeapSize                   = 7594288                                {pd product} {ergonomic}
    uintx NonProfiledCodeHeapSize                  = 122031976                              {pd product} {ergonomic}
    uintx ProfiledCodeHeapSize                     = 122031976                              {pd product} {ergonomic}
    uintx ReservedCodeCacheSize                    = 251658240                              {pd product} {ergonomic}
     bool SegmentedCodeCache                       = true                                      {product} {ergonomic}
     bool UseCompressedClassPointers               = true                                 {lp64_product} {ergonomic}
     bool UseCompressedOops                        = true                                 {lp64_product} {ergonomic}
     bool UseG1GC                                  = true                                      {product} {ergonomic}

Logging:
Log output configuration:
 #0: stdout all=warning uptime,level,tags
 #1: stderr all=off uptime,level,tags

Environment Variables:
JAVA_HOME=/usr/lib/jvm/java-11-openjdk-amd64
PATH=/home/rollie/.vscode-server/bin/ea3859d4ba2f3e577a159bc91e3074c5d85c0523/bin:/usr/local/sbin:/usr/local/bin:/usr/sbin:/usr/bin:/sbin:/bin:/usr/games:/usr/local/games:/mnt/c/Program Files/Oculus/Support/oculus-runtime:/mnt/c/windows/system32:/mnt/c/windows:/mnt/c/windows/System32/Wbem:/mnt/c/windows/System32/WindowsPowerShell/v1.0/:/mnt/c/windows/System32/OpenSSH/:/mnt/c/Program Files/dotnet/:/mnt/c/Program Files/Calibre2/:/mnt/c/Program Files/Git/cmd:/mnt/c/Program Files (x86)/Google/Cloud SDK/google-cloud-sdk/bin:/mnt/c/Program Files/Docker/Docker/resources/bin:/mnt/c/ProgramData/DockerDesktop/version-bin:/mnt/c/Users/Rollie/AppData/Local/Programs/Python/Python38/Scripts/:/mnt/c/Users/Rollie/AppData/Local/Programs/Python/Python38/:/mnt/c/Users/Rollie/AppData/Local/Microsoft/WindowsApps:/mnt/c/Users/Rollie/AppData/Local/Programs/Microsoft VS Code/bin:/mnt/c/Users/Rollie/.dotnet/tools:/mnt/c/Users/Rollie/AppData/Local/Google/Cloud SDK/google-cloud-sdk/bin:/snap/bin:/usr/lib/jvm/java-11-openjdk-amd64/bin:/opt/gradle/gradle-6.7.1/bin:/usr/lib/jvm/java-11-openjdk-amd64/bin:/opt/gradle/gradle-6.7.1/bin
SHELL=/bin/bash
HOSTTYPE=x86_64
LANG=en_US.UTF-8

Signal Handlers:
SIGSEGV: [libjvm.so+0xe824c0], sa_mask[0]=11111111011111111101111111111110, sa_flags=SA_RESTART|SA_SIGINFO
SIGBUS: [libjvm.so+0xe824c0], sa_mask[0]=11111111011111111101111111111110, sa_flags=SA_RESTART|SA_SIGINFO
SIGFPE: [libjvm.so+0xe824c0], sa_mask[0]=11111111011111111101111111111110, sa_flags=SA_RESTART|SA_SIGINFO
SIGPIPE: [libjvm.so+0xbc8ee0], sa_mask[0]=11111111011111111101111111111110, sa_flags=SA_RESTART|SA_SIGINFO
SIGXFSZ: [libjvm.so+0xbc8ee0], sa_mask[0]=11111111011111111101111111111110, sa_flags=SA_RESTART|SA_SIGINFO
SIGILL: [libjvm.so+0xe824c0], sa_mask[0]=11111111011111111101111111111110, sa_flags=SA_RESTART|SA_SIGINFO
SIGUSR2: [libjvm.so+0xbc8d80], sa_mask[0]=00100000000000000000000000000000, sa_flags=SA_RESTART|SA_SIGINFO
SIGHUP: [libjvm.so+0xbc9220], sa_mask[0]=11111111011111111101111111111110, sa_flags=SA_RESTART|SA_SIGINFO
SIGINT: [libjvm.so+0xbc9220], sa_mask[0]=11111111011111111101111111111110, sa_flags=SA_RESTART|SA_SIGINFO
SIGTERM: [libjvm.so+0xbc9220], sa_mask[0]=11111111011111111101111111111110, sa_flags=SA_RESTART|SA_SIGINFO
SIGQUIT: [libjvm.so+0xbc9220], sa_mask[0]=11111111011111111101111111111110, sa_flags=SA_RESTART|SA_SIGINFO


---------------  S Y S T E M  ---------------

OS:DISTRIB_ID=Ubuntu
DISTRIB_RELEASE=20.04
DISTRIB_CODENAME=focal
DISTRIB_DESCRIPTION="Ubuntu 20.04.1 LTS"
uname:Linux 4.19.128-microsoft-standard #1 SMP Tue Jun 23 12:58:10 UTC 2020 x86_64
OS uptime: 1 days 18:22 hours
libc:glibc 2.31 NPTL 2.31 
rlimit (soft/hard): STACK 8192k/infinity , CORE 0k/infinity , NPROC 15709/15709 , NOFILE 4096/4096 , AS infinity/infinity , CPU infinity/infinity , DATA infinity/infinity , FSIZE infinity/infinity , MEMLOCK 64k/64k
load average:1.35 1.23 1.13

/proc/meminfo:
MemTotal:        4026420 kB
MemFree:          108272 kB
MemAvailable:      28420 kB
Buffers:            1732 kB
Cached:           299308 kB
SwapCached:            0 kB
Active:          3400840 kB
Inactive:         280820 kB
Active(anon):    3393028 kB
Inactive(anon):   269500 kB
Active(file):       7812 kB
Inactive(file):    11320 kB
Unevictable:           0 kB
Mlocked:               0 kB
SwapTotal:             0 kB
SwapFree:              0 kB
Dirty:                60 kB
Writeback:            36 kB
AnonPages:       3381836 kB
Mapped:            84784 kB
Shmem:            280692 kB
Slab:             114740 kB
SReclaimable:      53296 kB
SUnreclaim:        61444 kB
KernelStack:       16224 kB
PageTables:        25036 kB
NFS_Unstable:          0 kB
Bounce:                0 kB
WritebackTmp:          0 kB
CommitLimit:     2013208 kB
Committed_AS:    6655860 kB
VmallocTotal:   34359738367 kB
VmallocUsed:           0 kB
VmallocChunk:          0 kB
Percpu:             4544 kB
AnonHugePages:   1601536 kB
ShmemHugePages:        0 kB
ShmemPmdMapped:        0 kB
HugePages_Total:       0
HugePages_Free:        0
HugePages_Rsvd:        0
HugePages_Surp:        0
Hugepagesize:       2048 kB
Hugetlb:               0 kB
DirectMap4k:       13312 kB
DirectMap2M:     2082816 kB
DirectMap1G:     2097152 kB

/sys/kernel/mm/transparent_hugepage/enabled:
[always] madvise never
/sys/kernel/mm/transparent_hugepage/defrag (defrag/compaction efforts parameter):
always defer defer+madvise [madvise] never

/proc/sys/kernel/threads-max (system-wide limit on the number of threads):
31418
/proc/sys/vm/max_map_count (maximum number of memory map areas a process may have):
65530
/proc/sys/kernel/pid_max (system-wide limit on number of process identifiers):
32768

container (cgroup) information:
container_type: cgroupv1
cpu_cpuset_cpus: 0-15
cpu_memory_nodes: 0
active_processor_count: 16
cpu_quota: -1
cpu_period: 100000
cpu_shares: -1
memory_limit_in_bytes: -1
memory_and_swap_limit_in_bytes: -1
memory_soft_limit_in_bytes: -1
memory_usage_in_bytes: 3769651200
memory_max_usage_in_bytes: 10196246528

HyperV virtualization detected
Steal ticks since vm start: 0
Steal ticks percentage since vm start:  0.000

CPU:total 16 (initial active 16) (16 cores per cpu, 2 threads per core) family 23 model 8 stepping 2, cmov, cx8, fxsr, mmx, sse, sse2, sse3, ssse3, sse4.1, sse4.2, popcnt, avx, avx2, aes, clmul, mmxext, 3dnowpref, lzcnt, sse4a, ht, tsc, bmi1, bmi2, adx, sha, fma
CPU Model and flags from /proc/cpuinfo:
model name	: AMD Ryzen 7 2700X Eight-Core Processor
flags		: fpu vme de pse tsc msr pae mce cx8 apic sep mtrr pge mca cmov pat pse36 clflush mmx fxsr sse sse2 ht syscall nx mmxext fxsr_opt pdpe1gb rdtscp lm rep_good nopl cpuid extd_apicid pni pclmulqdq ssse3 fma cx16 sse4_1 sse4_2 movbe popcnt aes xsave avx f16c rdrand hypervisor lahf_lm cmp_legacy cr8_legacy abm sse4a misalignsse 3dnowprefetch osvw topoext ssbd ibpb vmmcall fsgsbase bmi1 avx2 smep bmi2 rdseed adx smap clflushopt sha_ni xsaveopt xsavec xgetbv1 xsaves clzero xsaveerptr virt_ssbd arat
Online cpus:
0-15
Offline cpus:

BIOS frequency limitation:
<Not Available>
Frequency switch latency (ns):
<Not Available>
Available cpu frequencies:
<Not Available>
Current governor:
<Not Available>
Core performance/turbo boost:
<Not Available>

Memory: 4k page, physical 4026420k(107768k free), swap 0k(0k free)

vm_info: OpenJDK 64-Bit Server VM (11.0.9.1+1-Ubuntu-0ubuntu1.20.04) for linux-amd64 JRE (11.0.9.1+1-Ubuntu-0ubuntu1.20.04), built on Nov 10 2020 04:18:42 by "unknown" with gcc 9.3.0

END.
