#
# There is insufficient memory for the Java Runtime Environment to continue.
# Native memory allocation (mmap) failed to map 174063616 bytes for committing reserved memory.
# Possible reasons:
#   The system is out of physical RAM or swap space
#   The process is running with CompressedOops enabled, and the Java Heap may be blocking the growth of the native heap
# Possible solutions:
#   Reduce memory load on the system
#   Increase physical memory or swap space
#   Check if swap backing store is full
#   Decrease Java heap size (-Xmx/-Xms)
#   Decrease number of Java threads
#   Decrease Java thread stack sizes (-Xss)
#   Set larger code cache with -XX:ReservedCodeCacheSize=
#   JVM is running with Unscaled Compressed Oops mode in which the Java heap is
#     placed in the first 4GB address space. The Java Heap base address is the
#     maximum limit for the native heap growth. Please use -XX:HeapBaseMinAddress
#     to set the Java Heap base and to place the Java Heap above 4GB virtual address.
# This output file may be truncated or incomplete.
#
#  Out of Memory Error (os_linux.cpp:2922), pid=29981, tid=29988
#
# JRE version: OpenJDK Runtime Environment (11.0.9.1+1) (build 11.0.9.1+1-Ubuntu-0ubuntu1.20.04)
# Java VM: OpenJDK 64-Bit Server VM (11.0.9.1+1-Ubuntu-0ubuntu1.20.04, mixed mode, sharing, tiered, compressed oops, g1 gc, linux-amd64)
# No core dump will be written. Core dumps have been disabled. To enable core dumping, try "ulimit -c unlimited" before starting Java again
#

---------------  S U M M A R Y ------------

Command Line: -Dfile.encoding=UTF-8 -Duser.country=US -Duser.language=en -Duser.variant backend.ApplicationKt

Host: AMD Ryzen 7 2700X Eight-Core Processor, 16 cores, 3G, Ubuntu 20.04.1 LTS
Time: Fri Jan 15 07:59:59 2021 JST elapsed time: 40.457099 seconds (0d 0h 0m 40s)

---------------  T H R E A D  ---------------

Current thread (0x00007f39000e7000):  VMThread "VM Thread" [stack: 0x00007f38e834e000,0x00007f38e844e000] [id=29988]

Stack: [0x00007f38e834e000,0x00007f38e844e000],  sp=0x00007f38e844be30,  free space=1015k
Native frames: (J=compiled Java code, A=aot compiled Java code, j=interpreted, Vv=VM code, C=native code)
V  [libjvm.so+0xe8177a]
V  [libjvm.so+0xe82461]
V  [libjvm.so+0x66a11a]
V  [libjvm.so+0xbcdd40]
V  [libjvm.so+0xbc4631]
V  [libjvm.so+0x77fa72]
V  [libjvm.so+0x77fe60]
V  [libjvm.so+0x78b0b7]
V  [libjvm.so+0x809f98]
V  [libjvm.so+0x80abb8]
V  [libjvm.so+0x80b1ee]
V  [libjvm.so+0x739046]
V  [libjvm.so+0x73d79c]
V  [libjvm.so+0xe8c7e6]
V  [libjvm.so+0xe84000]
V  [libjvm.so+0xe89ee7]
V  [libjvm.so+0xe8a520]
V  [libjvm.so+0xe8a886]
V  [libjvm.so+0xe14330]
V  [libjvm.so+0xbd26e6]

VM_Operation (0x00007f38d2f0e950): G1CollectForAllocation, mode: safepoint, requested by thread 0x00007f3900659800


---------------  P R O C E S S  ---------------

Threads class SMR info:
_java_thread_list=0x00007f3884001ce0, length=14, elements={
0x00007f3900018800, 0x00007f39000ea000, 0x00007f39000ec000, 0x00007f39000f1800,
0x00007f39000f4000, 0x00007f39000fe000, 0x00007f3900100000, 0x00007f3900130000,
0x00007f3900134800, 0x00007f3900659800, 0x00007f3900663800, 0x00007f3898005800,
0x00007f38b8001000, 0x00007f38a41ba800
}

Java Threads: ( => current thread )
  0x00007f3900018800 JavaThread "main" [_thread_blocked, id=29982, stack(0x00007f39064a2000,0x00007f39065a3000)]
  0x00007f39000ea000 JavaThread "Reference Handler" daemon [_thread_blocked, id=29989, stack(0x00007f38e824b000,0x00007f38e834c000)]
  0x00007f39000ec000 JavaThread "Finalizer" daemon [_thread_blocked, id=29990, stack(0x00007f38e814a000,0x00007f38e824b000)]
  0x00007f39000f1800 JavaThread "Signal Dispatcher" daemon [_thread_blocked, id=29991, stack(0x00007f38e8049000,0x00007f38e814a000)]
  0x00007f39000f4000 JavaThread "C2 CompilerThread0" daemon [_thread_blocked, id=29992, stack(0x00007f38e003f000,0x00007f38e0140000)]
  0x00007f39000fe000 JavaThread "C1 CompilerThread0" daemon [_thread_blocked, id=29993, stack(0x00007f38d3419000,0x00007f38d351a000)]
  0x00007f3900100000 JavaThread "Sweeper thread" daemon [_thread_blocked, id=29994, stack(0x00007f38d3318000,0x00007f38d3419000)]
  0x00007f3900130000 JavaThread "Service Thread" daemon [_thread_blocked, id=29995, stack(0x00007f38d3217000,0x00007f38d3318000)]
  0x00007f3900134800 JavaThread "Common-Cleaner" daemon [_thread_blocked, id=29997, stack(0x00007f38d3014000,0x00007f38d3115000)]
  0x00007f3900659800 JavaThread "DefaultDispatcher-worker-1" daemon [_thread_blocked, id=29999, stack(0x00007f38d2e12000,0x00007f38d2f13000)]
  0x00007f3900663800 JavaThread "DefaultDispatcher-worker-2" daemon [_thread_blocked, id=30000, stack(0x00007f38d2d11000,0x00007f38d2e12000)]
  0x00007f3898005800 JavaThread "DefaultDispatcher-worker-3" daemon [_thread_blocked, id=30001, stack(0x00007f38d2c10000,0x00007f38d2d11000)]
  0x00007f38b8001000 JavaThread "SIGTERM handler" daemon [_thread_blocked, id=30053, stack(0x00007f38d2f13000,0x00007f38d3014000)]
  0x00007f38a41ba800 JavaThread "Thread-0" [_thread_blocked, id=30054, stack(0x00007f38d260d000,0x00007f38d270e000)]

Other Threads:
=>0x00007f39000e7000 VMThread "VM Thread" [stack: 0x00007f38e834e000,0x00007f38e844e000] [id=29988]
  0x00007f3900132000 WatcherThread [stack: 0x00007f38d3117000,0x00007f38d3217000] [id=29996]
  0x00007f3900031000 GCTaskThread "GC Thread#0" [stack: 0x00007f390614b000,0x00007f390624b000] [id=29983]
  0x00007f38c8001000 GCTaskThread "GC Thread#1" [stack: 0x00007f38d2b10000,0x00007f38d2c10000] [id=30002]
  0x00007f38c809d800 GCTaskThread "GC Thread#2" [stack: 0x00007f38d250d000,0x00007f38d260d000] [id=30055]
  0x00007f38c809e800 GCTaskThread "GC Thread#3" [stack: 0x00007f38d240b000,0x00007f38d250b000] [id=30056]
  0x00007f390004c800 ConcurrentGCThread "G1 Main Marker" [stack: 0x00007f3904d19000,0x00007f3904e19000] [id=29984]
  0x00007f390004e800 ConcurrentGCThread "G1 Conc#0" [stack: 0x00007f3904c17000,0x00007f3904d17000] [id=29985]
  0x00007f39000b7800 ConcurrentGCThread "G1 Refine#0" [stack: 0x00007f38e8698000,0x00007f38e8798000] [id=29986]
  0x00007f39000b9800 ConcurrentGCThread "G1 Young RemSet Sampling" [stack: 0x00007f38e8596000,0x00007f38e8696000] [id=29987]

Threads with active compile tasks:

VM state:at safepoint (normal execution)

VM Mutex/Monitor currently owned by a thread:  ([mutex/lock_event])
[0x00007f3900015430] Threads_lock - owner thread: 0x00007f39000e7000
[0x00007f3900015c10] Heap_lock - owner thread: 0x00007f3900659800

Heap address: 0x00000000c2800000, size: 984 MB, Compressed Oops mode: 32-bit
Narrow klass base: 0x0000000800000000, Narrow klass shift: 3
Compressed class space size: 1073741824 Address: 0x0000000840000000

Heap:
 garbage-first heap   total 286720K, used 5343K [0x00000000c2800000, 0x0000000100000000)
  region size 1024K, 1 young (1024K), 1 survivors (1024K)
 Metaspace       used 10080K, capacity 12512K, committed 12928K, reserved 1060864K
  class space    used 1102K, capacity 1335K, committed 1408K, reserved 1048576K
Heap Regions: E=young(eden), S=young(survivor), O=old, HS=humongous(starts), HC=humongous(continues), CS=collection set, F=free, A=archive, TAMS=top-at-mark-start (previous, next)
|   0|0x00000000c2800000, 0x00000000c2900000, 0x00000000c2900000|100%| O|  |TAMS 0x00000000c2800000, 0x00000000c2800000| Untracked 
|   1|0x00000000c2900000, 0x00000000c2984c00, 0x00000000c2a00000| 51%| O|  |TAMS 0x00000000c2900000, 0x00000000c2900000| Untracked 
|   2|0x00000000c2a00000, 0x00000000c2b00000, 0x00000000c2b00000|100%| O|  |TAMS 0x00000000c2a00000, 0x00000000c2a00000| Untracked 
|   3|0x00000000c2b00000, 0x00000000c2c00000, 0x00000000c2c00000|100%| O|  |TAMS 0x00000000c2b00000, 0x00000000c2b00000| Untracked 
|   4|0x00000000c2c00000, 0x00000000c2d00000, 0x00000000c2d00000|100%| O|  |TAMS 0x00000000c2c00000, 0x00000000c2c00000| Untracked 
|   5|0x00000000c2d00000, 0x00000000c2d00000, 0x00000000c2e00000|  0%| F|  |TAMS 0x00000000c2d00000, 0x00000000c2d00000| Untracked 
|   6|0x00000000c2e00000, 0x00000000c2e00000, 0x00000000c2f00000|  0%| F|  |TAMS 0x00000000c2e00000, 0x00000000c2e00000| Untracked 
|   7|0x00000000c2f00000, 0x00000000c2f00000, 0x00000000c3000000|  0%| F|  |TAMS 0x00000000c2f00000, 0x00000000c2f00000| Untracked 
|   8|0x00000000c3000000, 0x00000000c3000000, 0x00000000c3100000|  0%| F|  |TAMS 0x00000000c3000000, 0x00000000c3000000| Untracked 
|   9|0x00000000c3100000, 0x00000000c3100000, 0x00000000c3200000|  0%| F|  |TAMS 0x00000000c3100000, 0x00000000c3100000| Untracked 
|  10|0x00000000c3200000, 0x00000000c3200000, 0x00000000c3300000|  0%| F|  |TAMS 0x00000000c3200000, 0x00000000c3200000| Untracked 
|  11|0x00000000c3300000, 0x00000000c3300000, 0x00000000c3400000|  0%| F|  |TAMS 0x00000000c3300000, 0x00000000c3300000| Untracked 
|  12|0x00000000c3400000, 0x00000000c3400000, 0x00000000c3500000|  0%| F|  |TAMS 0x00000000c3400000, 0x00000000c3400000| Untracked 
|  13|0x00000000c3500000, 0x00000000c3500000, 0x00000000c3600000|  0%| F|  |TAMS 0x00000000c3500000, 0x00000000c3500000| Untracked 
|  14|0x00000000c3600000, 0x00000000c3600000, 0x00000000c3700000|  0%| F|  |TAMS 0x00000000c3600000, 0x00000000c3600000| Untracked 
|  15|0x00000000c3700000, 0x00000000c3700000, 0x00000000c3800000|  0%| F|  |TAMS 0x00000000c3700000, 0x00000000c3700000| Untracked 
|  16|0x00000000c3800000, 0x00000000c3800000, 0x00000000c3900000|  0%| F|  |TAMS 0x00000000c3800000, 0x00000000c3800000| Untracked 
|  17|0x00000000c3900000, 0x00000000c3900000, 0x00000000c3a00000|  0%| F|  |TAMS 0x00000000c3900000, 0x00000000c3900000| Untracked 
|  18|0x00000000c3a00000, 0x00000000c3a00000, 0x00000000c3b00000|  0%| F|  |TAMS 0x00000000c3a00000, 0x00000000c3a00000| Untracked 
|  19|0x00000000c3b00000, 0x00000000c3b00000, 0x00000000c3c00000|  0%| F|  |TAMS 0x00000000c3b00000, 0x00000000c3b00000| Untracked 
|  20|0x00000000c3c00000, 0x00000000c3c00000, 0x00000000c3d00000|  0%| F|  |TAMS 0x00000000c3c00000, 0x00000000c3c00000| Untracked 
|  21|0x00000000c3d00000, 0x00000000c3d00000, 0x00000000c3e00000|  0%| F|  |TAMS 0x00000000c3d00000, 0x00000000c3d00000| Untracked 
|  22|0x00000000c3e00000, 0x00000000c3e00000, 0x00000000c3f00000|  0%| F|  |TAMS 0x00000000c3e00000, 0x00000000c3e00000| Untracked 
|  23|0x00000000c3f00000, 0x00000000c3f00000, 0x00000000c4000000|  0%| F|  |TAMS 0x00000000c3f00000, 0x00000000c3f00000| Untracked 
|  24|0x00000000c4000000, 0x00000000c4000000, 0x00000000c4100000|  0%| F|  |TAMS 0x00000000c4000000, 0x00000000c4000000| Untracked 
|  25|0x00000000c4100000, 0x00000000c4100000, 0x00000000c4200000|  0%| F|  |TAMS 0x00000000c4100000, 0x00000000c4100000| Untracked 
|  26|0x00000000c4200000, 0x00000000c4200000, 0x00000000c4300000|  0%| F|  |TAMS 0x00000000c4200000, 0x00000000c4200000| Untracked 
|  27|0x00000000c4300000, 0x00000000c4300000, 0x00000000c4400000|  0%| F|  |TAMS 0x00000000c4300000, 0x00000000c4300000| Untracked 
|  28|0x00000000c4400000, 0x00000000c4400000, 0x00000000c4500000|  0%| F|  |TAMS 0x00000000c4400000, 0x00000000c4400000| Untracked 
|  29|0x00000000c4500000, 0x00000000c4500000, 0x00000000c4600000|  0%| F|  |TAMS 0x00000000c4500000, 0x00000000c4500000| Untracked 
|  30|0x00000000c4600000, 0x00000000c4600000, 0x00000000c4700000|  0%| F|  |TAMS 0x00000000c4600000, 0x00000000c4600000| Untracked 
|  31|0x00000000c4700000, 0x00000000c4700000, 0x00000000c4800000|  0%| F|  |TAMS 0x00000000c4700000, 0x00000000c4700000| Untracked 
|  32|0x00000000c4800000, 0x00000000c4800000, 0x00000000c4900000|  0%| F|  |TAMS 0x00000000c4800000, 0x00000000c4800000| Untracked 
|  33|0x00000000c4900000, 0x00000000c4900000, 0x00000000c4a00000|  0%| F|  |TAMS 0x00000000c4900000, 0x00000000c4900000| Untracked 
|  34|0x00000000c4a00000, 0x00000000c4a00000, 0x00000000c4b00000|  0%| F|  |TAMS 0x00000000c4a00000, 0x00000000c4a00000| Untracked 
|  35|0x00000000c4b00000, 0x00000000c4b00000, 0x00000000c4c00000|  0%| F|  |TAMS 0x00000000c4b00000, 0x00000000c4b00000| Untracked 
|  36|0x00000000c4c00000, 0x00000000c4c00000, 0x00000000c4d00000|  0%| F|  |TAMS 0x00000000c4c00000, 0x00000000c4c00000| Untracked 
|  37|0x00000000c4d00000, 0x00000000c4d00000, 0x00000000c4e00000|  0%| F|  |TAMS 0x00000000c4d00000, 0x00000000c4d00000| Untracked 
|  38|0x00000000c4e00000, 0x00000000c4e00000, 0x00000000c4f00000|  0%| F|  |TAMS 0x00000000c4e00000, 0x00000000c4e00000| Untracked 
|  39|0x00000000c4f00000, 0x00000000c4f00000, 0x00000000c5000000|  0%| F|  |TAMS 0x00000000c4f00000, 0x00000000c4f00000| Untracked 
|  40|0x00000000c5000000, 0x00000000c5000000, 0x00000000c5100000|  0%| F|  |TAMS 0x00000000c5000000, 0x00000000c5000000| Untracked 
|  41|0x00000000c5100000, 0x00000000c5100000, 0x00000000c5200000|  0%| F|  |TAMS 0x00000000c5100000, 0x00000000c5100000| Untracked 
|  42|0x00000000c5200000, 0x00000000c5200000, 0x00000000c5300000|  0%| F|  |TAMS 0x00000000c5200000, 0x00000000c5200000| Untracked 
|  43|0x00000000c5300000, 0x00000000c5301020, 0x00000000c5400000|  0%| S|CS|TAMS 0x00000000c5300000, 0x00000000c5300000| Complete 
|  44|0x00000000c5400000, 0x00000000c5400000, 0x00000000c5500000|  0%| F|  |TAMS 0x00000000c5400000, 0x00000000c5400000| Untracked 
|  45|0x00000000c5500000, 0x00000000c5500000, 0x00000000c5600000|  0%| F|  |TAMS 0x00000000c5500000, 0x00000000c5500000| Untracked 
|  46|0x00000000c5600000, 0x00000000c5600000, 0x00000000c5700000|  0%| F|  |TAMS 0x00000000c5600000, 0x00000000c5600000| Untracked 
|  47|0x00000000c5700000, 0x00000000c5700000, 0x00000000c5800000|  0%| F|  |TAMS 0x00000000c5700000, 0x00000000c5700000| Untracked 
|  48|0x00000000c5800000, 0x00000000c5800000, 0x00000000c5900000|  0%| F|  |TAMS 0x00000000c5800000, 0x00000000c5800000| Untracked 
|  49|0x00000000c5900000, 0x00000000c5900000, 0x00000000c5a00000|  0%| F|  |TAMS 0x00000000c5900000, 0x00000000c5900000| Untracked 
|  50|0x00000000c5a00000, 0x00000000c5a00000, 0x00000000c5b00000|  0%| F|  |TAMS 0x00000000c5a00000, 0x00000000c5a00000| Untracked 
|  51|0x00000000c5b00000, 0x00000000c5b00000, 0x00000000c5c00000|  0%| F|  |TAMS 0x00000000c5b00000, 0x00000000c5b00000| Untracked 
|  52|0x00000000c5c00000, 0x00000000c5c00000, 0x00000000c5d00000|  0%| F|  |TAMS 0x00000000c5c00000, 0x00000000c5c00000| Untracked 
|  53|0x00000000c5d00000, 0x00000000c5d00000, 0x00000000c5e00000|  0%| F|  |TAMS 0x00000000c5d00000, 0x00000000c5d00000| Untracked 
|  54|0x00000000c5e00000, 0x00000000c5e00000, 0x00000000c5f00000|  0%| F|  |TAMS 0x00000000c5e00000, 0x00000000c5e00000| Untracked 
|  55|0x00000000c5f00000, 0x00000000c5f00000, 0x00000000c6000000|  0%| F|  |TAMS 0x00000000c5f00000, 0x00000000c5f00000| Untracked 
|  56|0x00000000c6000000, 0x00000000c6000000, 0x00000000c6100000|  0%| F|  |TAMS 0x00000000c6000000, 0x00000000c6000000| Untracked 
|  57|0x00000000c6100000, 0x00000000c6100000, 0x00000000c6200000|  0%| F|  |TAMS 0x00000000c6100000, 0x00000000c6100000| Untracked 
|  58|0x00000000c6200000, 0x00000000c6200000, 0x00000000c6300000|  0%| F|  |TAMS 0x00000000c6200000, 0x00000000c6200000| Untracked 
|  59|0x00000000c6300000, 0x00000000c6300000, 0x00000000c6400000|  0%| F|  |TAMS 0x00000000c6300000, 0x00000000c6300000| Untracked 
|  60|0x00000000c6400000, 0x00000000c6400000, 0x00000000c6500000|  0%| F|  |TAMS 0x00000000c6400000, 0x00000000c6400000| Untracked 
|  61|0x00000000c6500000, 0x00000000c6500000, 0x00000000c6600000|  0%| F|  |TAMS 0x00000000c6500000, 0x00000000c6500000| Untracked 
|  62|0x00000000c6600000, 0x00000000c6600000, 0x00000000c6700000|  0%| F|  |TAMS 0x00000000c6600000, 0x00000000c6600000| Untracked 
|  63|0x00000000c6700000, 0x00000000c6700000, 0x00000000c6800000|  0%| F|  |TAMS 0x00000000c6700000, 0x00000000c6700000| Untracked 
|  64|0x00000000c6800000, 0x00000000c6800000, 0x00000000c6900000|  0%| F|  |TAMS 0x00000000c6800000, 0x00000000c6800000| Untracked 
|  65|0x00000000c6900000, 0x00000000c6900000, 0x00000000c6a00000|  0%| F|  |TAMS 0x00000000c6900000, 0x00000000c6900000| Untracked 
|  66|0x00000000c6a00000, 0x00000000c6a00000, 0x00000000c6b00000|  0%| F|  |TAMS 0x00000000c6a00000, 0x00000000c6a00000| Untracked 
|  67|0x00000000c6b00000, 0x00000000c6b00000, 0x00000000c6c00000|  0%| F|  |TAMS 0x00000000c6b00000, 0x00000000c6b00000| Untracked 
|  68|0x00000000c6c00000, 0x00000000c6c00000, 0x00000000c6d00000|  0%| F|  |TAMS 0x00000000c6c00000, 0x00000000c6c00000| Untracked 
|  69|0x00000000c6d00000, 0x00000000c6d00000, 0x00000000c6e00000|  0%| F|  |TAMS 0x00000000c6d00000, 0x00000000c6d00000| Untracked 
|  70|0x00000000c6e00000, 0x00000000c6e00000, 0x00000000c6f00000|  0%| F|  |TAMS 0x00000000c6e00000, 0x00000000c6e00000| Untracked 
|  71|0x00000000c6f00000, 0x00000000c6f00000, 0x00000000c7000000|  0%| F|  |TAMS 0x00000000c6f00000, 0x00000000c6f00000| Untracked 
|  72|0x00000000c7000000, 0x00000000c7000000, 0x00000000c7100000|  0%| F|  |TAMS 0x00000000c7000000, 0x00000000c7000000| Untracked 
|  73|0x00000000c7100000, 0x00000000c7100000, 0x00000000c7200000|  0%| F|  |TAMS 0x00000000c7100000, 0x00000000c7100000| Untracked 
|  74|0x00000000c7200000, 0x00000000c7200000, 0x00000000c7300000|  0%| F|  |TAMS 0x00000000c7200000, 0x00000000c7200000| Untracked 
|  75|0x00000000c7300000, 0x00000000c7300000, 0x00000000c7400000|  0%| F|  |TAMS 0x00000000c7300000, 0x00000000c7300000| Untracked 
|  76|0x00000000c7400000, 0x00000000c7400000, 0x00000000c7500000|  0%| F|  |TAMS 0x00000000c7400000, 0x00000000c7400000| Untracked 
|  77|0x00000000c7500000, 0x00000000c7500000, 0x00000000c7600000|  0%| F|  |TAMS 0x00000000c7500000, 0x00000000c7500000| Untracked 
|  78|0x00000000c7600000, 0x00000000c7600000, 0x00000000c7700000|  0%| F|  |TAMS 0x00000000c7600000, 0x00000000c7600000| Untracked 
|  79|0x00000000c7700000, 0x00000000c7700000, 0x00000000c7800000|  0%| F|  |TAMS 0x00000000c7700000, 0x00000000c7700000| Untracked 
|  80|0x00000000c7800000, 0x00000000c7800000, 0x00000000c7900000|  0%| F|  |TAMS 0x00000000c7800000, 0x00000000c7800000| Untracked 
|  81|0x00000000c7900000, 0x00000000c7900000, 0x00000000c7a00000|  0%| F|  |TAMS 0x00000000c7900000, 0x00000000c7900000| Untracked 
|  82|0x00000000c7a00000, 0x00000000c7a00000, 0x00000000c7b00000|  0%| F|  |TAMS 0x00000000c7a00000, 0x00000000c7a00000| Untracked 
|  83|0x00000000c7b00000, 0x00000000c7b00000, 0x00000000c7c00000|  0%| F|  |TAMS 0x00000000c7b00000, 0x00000000c7b00000| Untracked 
|  84|0x00000000c7c00000, 0x00000000c7c00000, 0x00000000c7d00000|  0%| F|  |TAMS 0x00000000c7c00000, 0x00000000c7c00000| Untracked 
|  85|0x00000000c7d00000, 0x00000000c7d00000, 0x00000000c7e00000|  0%| F|  |TAMS 0x00000000c7d00000, 0x00000000c7d00000| Untracked 
|  86|0x00000000c7e00000, 0x00000000c7e00000, 0x00000000c7f00000|  0%| F|  |TAMS 0x00000000c7e00000, 0x00000000c7e00000| Untracked 
|  87|0x00000000c7f00000, 0x00000000c7f00000, 0x00000000c8000000|  0%| F|  |TAMS 0x00000000c7f00000, 0x00000000c7f00000| Untracked 
|  88|0x00000000c8000000, 0x00000000c8000000, 0x00000000c8100000|  0%| F|  |TAMS 0x00000000c8000000, 0x00000000c8000000| Untracked 
|  89|0x00000000c8100000, 0x00000000c8100000, 0x00000000c8200000|  0%| F|  |TAMS 0x00000000c8100000, 0x00000000c8100000| Untracked 
|  90|0x00000000c8200000, 0x00000000c8200000, 0x00000000c8300000|  0%| F|  |TAMS 0x00000000c8200000, 0x00000000c8200000| Untracked 
|  91|0x00000000c8300000, 0x00000000c8300000, 0x00000000c8400000|  0%| F|  |TAMS 0x00000000c8300000, 0x00000000c8300000| Untracked 
|  92|0x00000000c8400000, 0x00000000c8400000, 0x00000000c8500000|  0%| F|  |TAMS 0x00000000c8400000, 0x00000000c8400000| Untracked 
|  93|0x00000000c8500000, 0x00000000c8500000, 0x00000000c8600000|  0%| F|  |TAMS 0x00000000c8500000, 0x00000000c8500000| Untracked 
|  94|0x00000000c8600000, 0x00000000c8600000, 0x00000000c8700000|  0%| F|  |TAMS 0x00000000c8600000, 0x00000000c8600000| Untracked 
|  95|0x00000000c8700000, 0x00000000c8700000, 0x00000000c8800000|  0%| F|  |TAMS 0x00000000c8700000, 0x00000000c8700000| Untracked 
|  96|0x00000000c8800000, 0x00000000c8800000, 0x00000000c8900000|  0%| F|  |TAMS 0x00000000c8800000, 0x00000000c8800000| Untracked 
|  97|0x00000000c8900000, 0x00000000c8900000, 0x00000000c8a00000|  0%| F|  |TAMS 0x00000000c8900000, 0x00000000c8900000| Untracked 
|  98|0x00000000c8a00000, 0x00000000c8a00000, 0x00000000c8b00000|  0%| F|  |TAMS 0x00000000c8a00000, 0x00000000c8a00000| Untracked 
|  99|0x00000000c8b00000, 0x00000000c8b00000, 0x00000000c8c00000|  0%| F|  |TAMS 0x00000000c8b00000, 0x00000000c8b00000| Untracked 
| 100|0x00000000c8c00000, 0x00000000c8c00000, 0x00000000c8d00000|  0%| F|  |TAMS 0x00000000c8c00000, 0x00000000c8c00000| Untracked 
| 101|0x00000000c8d00000, 0x00000000c8d00000, 0x00000000c8e00000|  0%| F|  |TAMS 0x00000000c8d00000, 0x00000000c8d00000| Untracked 
| 102|0x00000000c8e00000, 0x00000000c8e00000, 0x00000000c8f00000|  0%| F|  |TAMS 0x00000000c8e00000, 0x00000000c8e00000| Untracked 
| 103|0x00000000c8f00000, 0x00000000c8f00000, 0x00000000c9000000|  0%| F|  |TAMS 0x00000000c8f00000, 0x00000000c8f00000| Untracked 
| 104|0x00000000c9000000, 0x00000000c9000000, 0x00000000c9100000|  0%| F|  |TAMS 0x00000000c9000000, 0x00000000c9000000| Untracked 
| 105|0x00000000c9100000, 0x00000000c9100000, 0x00000000c9200000|  0%| F|  |TAMS 0x00000000c9100000, 0x00000000c9100000| Untracked 
| 106|0x00000000c9200000, 0x00000000c9200000, 0x00000000c9300000|  0%| F|  |TAMS 0x00000000c9200000, 0x00000000c9200000| Untracked 
| 107|0x00000000c9300000, 0x00000000c9300000, 0x00000000c9400000|  0%| F|  |TAMS 0x00000000c9300000, 0x00000000c9300000| Untracked 
| 108|0x00000000c9400000, 0x00000000c9400000, 0x00000000c9500000|  0%| F|  |TAMS 0x00000000c9400000, 0x00000000c9400000| Untracked 
| 109|0x00000000c9500000, 0x00000000c9500000, 0x00000000c9600000|  0%| F|  |TAMS 0x00000000c9500000, 0x00000000c9500000| Untracked 
| 110|0x00000000c9600000, 0x00000000c9600000, 0x00000000c9700000|  0%| F|  |TAMS 0x00000000c9600000, 0x00000000c9600000| Untracked 
| 111|0x00000000c9700000, 0x00000000c9700000, 0x00000000c9800000|  0%| F|  |TAMS 0x00000000c9700000, 0x00000000c9700000| Untracked 
| 982|0x00000000ffe00000, 0x00000000ffe47000, 0x00000000fff00000| 27%|OA|  |TAMS 0x00000000ffe00000, 0x00000000ffe00000| Untracked 
| 983|0x00000000fff00000, 0x00000000fff6b000, 0x0000000100000000| 41%|CA|  |TAMS 0x00000000fff00000, 0x00000000fff00000| Untracked 

Card table byte_map: [0x00007f3905064000,0x00007f3905250000] _byte_map_base: 0x00007f3904a50000

Marking Bits (Prev, Next): (CMBitMap*) 0x00007f3900047ef8, (CMBitMap*) 0x00007f3900047f30
 Prev Bits: [0x00007f38e30a0000, 0x00007f38e4000000)
 Next Bits: [0x00007f38e2140000, 0x00007f38e30a0000)

Polling page: 0x00007f3906455000

Metaspace:

Usage:
  Non-class:     10.92 MB capacity,     8.77 MB ( 80%) used,     2.14 MB ( 20%) free+waste,     8.75 KB ( <1%) overhead. 
      Class:      1.30 MB capacity,     1.08 MB ( 83%) used,   229.52 KB ( 17%) free+waste,     3.00 KB ( <1%) overhead. 
       Both:     12.22 MB capacity,     9.84 MB ( 81%) used,     2.36 MB ( 19%) free+waste,    11.75 KB ( <1%) overhead. 

Virtual space:
  Non-class space:       12.00 MB reserved,      11.25 MB ( 94%) committed 
      Class space:        1.00 GB reserved,       1.38 MB ( <1%) committed 
             Both:        1.01 GB reserved,      12.62 MB (  1%) committed 

Chunk freelists:
   Non-Class:  95.00 KB
       Class:  9.00 KB
        Both:  104.00 KB

MaxMetaspaceSize: unlimited
CompressedClassSpaceSize: 1.00 GB

CodeHeap 'non-profiled nmethods': size=119172Kb used=516Kb max_used=516Kb free=118655Kb
 bounds [0x00007f38f0438000, 0x00007f38f06a8000, 0x00007f38f7899000]
CodeHeap 'profiled nmethods': size=119168Kb used=2278Kb max_used=2284Kb free=116889Kb
 bounds [0x00007f38e8fd8000, 0x00007f38e9248000, 0x00007f38f0438000]
CodeHeap 'non-nmethods': size=7420Kb used=1098Kb max_used=1703Kb free=6322Kb
 bounds [0x00007f38e8899000, 0x00007f38e8b09000, 0x00007f38e8fd8000]
 total_blobs=1509 nmethods=1089 adapters=333
 compilation: enabled
              stopped_count=0, restarted_count=0
 full_count=0

Compilation events (20 events):
Event: 1.185 Thread 0x00007f39000f4000 1103       4       kotlin.internal.ProgressionUtilKt::getProgressionLastElement (64 bytes)
Event: 1.185 Thread 0x00007f39000f4000 nmethod 1103 0x00007f38f04b5b10 code [0x00007f38f04b5ca0, 0x00007f38f04b5dd8]
Event: 1.185 Thread 0x00007f39000f4000 1108       4       kotlin.ranges.IntRange::<init> (8 bytes)
Event: 1.186 Thread 0x00007f39000f4000 nmethod 1108 0x00007f38f04b5f90 code [0x00007f38f04b6120, 0x00007f38f04b61b8]
Event: 1.186 Thread 0x00007f39000f4000 1088       4       java.lang.Integer::equals (29 bytes)
Event: 1.186 Thread 0x00007f39000f4000 nmethod 1088 0x00007f38f04b6290 code [0x00007f38f04b6420, 0x00007f38f04b64d8]
Event: 1.186 Thread 0x00007f39000f4000 1090       4       kotlin.collections.CollectionsKt__IterablesKt::convertToSetForSetOperationWith (98 bytes)
Event: 1.193 Thread 0x00007f39000f4000 nmethod 1090 0x00007f38f04b6590 code [0x00007f38f04b67a0, 0x00007f38f04b6e68]
Event: 1.193 Thread 0x00007f39000f4000 1111       4       kotlin.random.Random$Default::nextInt (8 bytes)
Event: 1.194 Thread 0x00007f39000f4000 nmethod 1111 0x00007f38f04b7490 code [0x00007f38f04b7620, 0x00007f38f04b7798]
Event: 1.194 Thread 0x00007f39000f4000 1113       4       java.util.concurrent.ThreadLocalRandom::nextInt (74 bytes)
Event: 1.195 Thread 0x00007f39000f4000 nmethod 1113 0x00007f38f04b7910 code [0x00007f38f04b7aa0, 0x00007f38f04b7bf8]
Event: 26.783 Thread 0x00007f39000f4000 1115       4       sun.net.util.IPAddressUtil::scan (92 bytes)
Event: 26.785 Thread 0x00007f39000f4000 nmethod 1115 0x00007f38f04b7d10 code [0x00007f38f04b7ea0, 0x00007f38f04b7f38]
Event: 26.785 Thread 0x00007f39000f4000 1114       4       sun.net.util.IPAddressUtil::checkHostString (53 bytes)
Event: 26.787 Thread 0x00007f39000f4000 nmethod 1114 0x00007f38f04b8090 code [0x00007f38f04b8220, 0x00007f38f04b8298]
Event: 29.788 Thread 0x00007f39000fe000 1117       1       java.lang.reflect.Field::getModifiers (5 bytes)
Event: 29.788 Thread 0x00007f39000fe000 nmethod 1117 0x00007f38f04b8810 code [0x00007f38f04b89c0, 0x00007f38f04b8a90]
Event: 31.790 Thread 0x00007f39000fe000 1119       1       sun.invoke.util.Wrapper::basicTypeChar (5 bytes)
Event: 31.792 Thread 0x00007f39000fe000 nmethod 1119 0x00007f38f04b8f10 code [0x00007f38f04b90c0, 0x00007f38f04b9190]

GC Heap History (20 events):
Event: 39.752 GC heap after
{Heap after GC invocations=791 (full 0):
 garbage-first heap   total 116736K, used 5338K [0x00000000c2800000, 0x0000000100000000)
  region size 1024K, 1 young (1024K), 1 survivors (1024K)
 Metaspace       used 10080K, capacity 12512K, committed 12928K, reserved 1060864K
  class space    used 1102K, capacity 1335K, committed 1408K, reserved 1048576K
}
Event: 39.807 GC heap before
{Heap before GC invocations=791 (full 0):
 garbage-first heap   total 116736K, used 73946K [0x00000000c2800000, 0x0000000100000000)
  region size 1024K, 68 young (69632K), 1 survivors (1024K)
 Metaspace       used 10080K, capacity 12512K, committed 12928K, reserved 1060864K
  class space    used 1102K, capacity 1335K, committed 1408K, reserved 1048576K
}
Event: 39.808 GC heap after
{Heap after GC invocations=792 (full 0):
 garbage-first heap   total 116736K, used 5338K [0x00000000c2800000, 0x0000000100000000)
  region size 1024K, 1 young (1024K), 1 survivors (1024K)
 Metaspace       used 10080K, capacity 12512K, committed 12928K, reserved 1060864K
  class space    used 1102K, capacity 1335K, committed 1408K, reserved 1048576K
}
Event: 39.858 GC heap before
{Heap before GC invocations=792 (full 0):
 garbage-first heap   total 116736K, used 73946K [0x00000000c2800000, 0x0000000100000000)
  region size 1024K, 68 young (69632K), 1 survivors (1024K)
 Metaspace       used 10080K, capacity 12512K, committed 12928K, reserved 1060864K
  class space    used 1102K, capacity 1335K, committed 1408K, reserved 1048576K
}
Event: 39.859 GC heap after
{Heap after GC invocations=793 (full 0):
 garbage-first heap   total 116736K, used 5338K [0x00000000c2800000, 0x0000000100000000)
  region size 1024K, 1 young (1024K), 1 survivors (1024K)
 Metaspace       used 10080K, capacity 12512K, committed 12928K, reserved 1060864K
  class space    used 1102K, capacity 1335K, committed 1408K, reserved 1048576K
}
Event: 39.909 GC heap before
{Heap before GC invocations=793 (full 0):
 garbage-first heap   total 116736K, used 73946K [0x00000000c2800000, 0x0000000100000000)
  region size 1024K, 68 young (69632K), 1 survivors (1024K)
 Metaspace       used 10080K, capacity 12512K, committed 12928K, reserved 1060864K
  class space    used 1102K, capacity 1335K, committed 1408K, reserved 1048576K
}
Event: 39.909 GC heap after
{Heap after GC invocations=794 (full 0):
 garbage-first heap   total 116736K, used 5338K [0x00000000c2800000, 0x0000000100000000)
  region size 1024K, 1 young (1024K), 1 survivors (1024K)
 Metaspace       used 10080K, capacity 12512K, committed 12928K, reserved 1060864K
  class space    used 1102K, capacity 1335K, committed 1408K, reserved 1048576K
}
Event: 39.963 GC heap before
{Heap before GC invocations=794 (full 0):
 garbage-first heap   total 116736K, used 73946K [0x00000000c2800000, 0x0000000100000000)
  region size 1024K, 68 young (69632K), 1 survivors (1024K)
 Metaspace       used 10080K, capacity 12512K, committed 12928K, reserved 1060864K
  class space    used 1102K, capacity 1335K, committed 1408K, reserved 1048576K
}
Event: 39.964 GC heap after
{Heap after GC invocations=795 (full 0):
 garbage-first heap   total 116736K, used 5338K [0x00000000c2800000, 0x0000000100000000)
  region size 1024K, 1 young (1024K), 1 survivors (1024K)
 Metaspace       used 10080K, capacity 12512K, committed 12928K, reserved 1060864K
  class space    used 1102K, capacity 1335K, committed 1408K, reserved 1048576K
}
Event: 40.023 GC heap before
{Heap before GC invocations=795 (full 0):
 garbage-first heap   total 116736K, used 73946K [0x00000000c2800000, 0x0000000100000000)
  region size 1024K, 68 young (69632K), 1 survivors (1024K)
 Metaspace       used 10080K, capacity 12512K, committed 12928K, reserved 1060864K
  class space    used 1102K, capacity 1335K, committed 1408K, reserved 1048576K
}
Event: 40.024 GC heap after
{Heap after GC invocations=796 (full 0):
 garbage-first heap   total 116736K, used 5338K [0x00000000c2800000, 0x0000000100000000)
  region size 1024K, 1 young (1024K), 1 survivors (1024K)
 Metaspace       used 10080K, capacity 12512K, committed 12928K, reserved 1060864K
  class space    used 1102K, capacity 1335K, committed 1408K, reserved 1048576K
}
Event: 40.078 GC heap before
{Heap before GC invocations=796 (full 0):
 garbage-first heap   total 116736K, used 73946K [0x00000000c2800000, 0x0000000100000000)
  region size 1024K, 68 young (69632K), 1 survivors (1024K)
 Metaspace       used 10080K, capacity 12512K, committed 12928K, reserved 1060864K
  class space    used 1102K, capacity 1335K, committed 1408K, reserved 1048576K
}
Event: 40.095 GC heap after
{Heap after GC invocations=797 (full 0):
 garbage-first heap   total 116736K, used 5340K [0x00000000c2800000, 0x0000000100000000)
  region size 1024K, 1 young (1024K), 1 survivors (1024K)
 Metaspace       used 10080K, capacity 12512K, committed 12928K, reserved 1060864K
  class space    used 1102K, capacity 1335K, committed 1408K, reserved 1048576K
}
Event: 40.180 GC heap before
{Heap before GC invocations=797 (full 0):
 garbage-first heap   total 116736K, used 73948K [0x00000000c2800000, 0x0000000100000000)
  region size 1024K, 68 young (69632K), 1 survivors (1024K)
 Metaspace       used 10080K, capacity 12512K, committed 12928K, reserved 1060864K
  class space    used 1102K, capacity 1335K, committed 1408K, reserved 1048576K
}
Event: 40.191 GC heap after
{Heap after GC invocations=798 (full 0):
 garbage-first heap   total 116736K, used 5338K [0x00000000c2800000, 0x0000000100000000)
  region size 1024K, 1 young (1024K), 1 survivors (1024K)
 Metaspace       used 10080K, capacity 12512K, committed 12928K, reserved 1060864K
  class space    used 1102K, capacity 1335K, committed 1408K, reserved 1048576K
}
Event: 40.255 GC heap before
{Heap before GC invocations=798 (full 0):
 garbage-first heap   total 116736K, used 73946K [0x00000000c2800000, 0x0000000100000000)
  region size 1024K, 68 young (69632K), 1 survivors (1024K)
 Metaspace       used 10080K, capacity 12512K, committed 12928K, reserved 1060864K
  class space    used 1102K, capacity 1335K, committed 1408K, reserved 1048576K
}
Event: 40.269 GC heap after
{Heap after GC invocations=799 (full 0):
 garbage-first heap   total 116736K, used 5342K [0x00000000c2800000, 0x0000000100000000)
  region size 1024K, 1 young (1024K), 1 survivors (1024K)
 Metaspace       used 10080K, capacity 12512K, committed 12928K, reserved 1060864K
  class space    used 1102K, capacity 1335K, committed 1408K, reserved 1048576K
}
Event: 40.335 GC heap before
{Heap before GC invocations=799 (full 0):
 garbage-first heap   total 116736K, used 73950K [0x00000000c2800000, 0x0000000100000000)
  region size 1024K, 68 young (69632K), 1 survivors (1024K)
 Metaspace       used 10080K, capacity 12512K, committed 12928K, reserved 1060864K
  class space    used 1102K, capacity 1335K, committed 1408K, reserved 1048576K
}
Event: 40.375 GC heap after
{Heap after GC invocations=800 (full 0):
 garbage-first heap   total 116736K, used 5345K [0x00000000c2800000, 0x0000000100000000)
  region size 1024K, 1 young (1024K), 1 survivors (1024K)
 Metaspace       used 10080K, capacity 12512K, committed 12928K, reserved 1060864K
  class space    used 1102K, capacity 1335K, committed 1408K, reserved 1048576K
}
Event: 40.432 GC heap before
{Heap before GC invocations=800 (full 0):
 garbage-first heap   total 116736K, used 73953K [0x00000000c2800000, 0x0000000100000000)
  region size 1024K, 68 young (69632K), 1 survivors (1024K)
 Metaspace       used 10080K, capacity 12512K, committed 12928K, reserved 1060864K
  class space    used 1102K, capacity 1335K, committed 1408K, reserved 1048576K
}

Deoptimization events (20 events):
Event: 0.394 Thread 0x00007f3900659800 Uncommon trap: trap_request=0xffffffc6 fr.pc=0x00007f38f046f19c relative=0x000000000000039c
Event: 0.394 Thread 0x00007f3900659800 Uncommon trap: reason=bimorphic_or_optimized_type_check action=maybe_recompile pc=0x00007f38f046f19c method=java.util.HashMap.getNode(ILjava/lang/Object;)Ljava/util/HashMap$Node; @ 59 c2
Event: 0.394 Thread 0x00007f3900659800 DEOPT PACKING pc=0x00007f38f046f19c sp=0x00007f38d2f0e6b0
Event: 0.394 Thread 0x00007f3900659800 DEOPT UNPACKING pc=0x00007f38e88bf825 sp=0x00007f38d2f0e648 mode 2
Event: 0.397 Thread 0x00007f3900659800 Uncommon trap: trap_request=0xffffff4d fr.pc=0x00007f38f0472790 relative=0x0000000000000150
Event: 0.397 Thread 0x00007f3900659800 Uncommon trap: reason=unstable_if action=reinterpret pc=0x00007f38f0472790 method=java.util.HashMap.getNode(ILjava/lang/Object;)Ljava/util/HashMap$Node; @ 129 c2
Event: 0.397 Thread 0x00007f3900659800 DEOPT PACKING pc=0x00007f38f0472790 sp=0x00007f38d2f0e9e0
Event: 0.397 Thread 0x00007f3900659800 DEOPT UNPACKING pc=0x00007f38e88bf825 sp=0x00007f38d2f0e900 mode 2
Event: 0.547 Thread 0x00007f3900659800 Uncommon trap: trap_request=0xffffff4d fr.pc=0x00007f38f0477378 relative=0x00000000000011b8
Event: 0.547 Thread 0x00007f3900659800 Uncommon trap: reason=unstable_if action=reinterpret pc=0x00007f38f0477378 method=java.util.concurrent.ConcurrentHashMap.putVal(Ljava/lang/Object;Ljava/lang/Object;Z)Ljava/lang/Object; @ 231 c2
Event: 0.547 Thread 0x00007f3900659800 DEOPT PACKING pc=0x00007f38f0477378 sp=0x00007f38d2f0f860
Event: 0.547 Thread 0x00007f3900659800 DEOPT UNPACKING pc=0x00007f38e88bf825 sp=0x00007f38d2f0f800 mode 2
Event: 0.787 Thread 0x00007f3900659800 Uncommon trap: trap_request=0xffffffcc fr.pc=0x00007f38f0496a24 relative=0x0000000000001a24
Event: 0.787 Thread 0x00007f3900659800 Uncommon trap: reason=intrinsic_or_type_checked_inlining action=make_not_entrant pc=0x00007f38f0496a24 method=java.util.ArrayList.toArray([Ljava/lang/Object;)[Ljava/lang/Object; @ 36 c2
Event: 0.787 Thread 0x00007f3900659800 DEOPT PACKING pc=0x00007f38f0496a24 sp=0x00007f38d2f0e440
Event: 0.787 Thread 0x00007f3900659800 DEOPT UNPACKING pc=0x00007f38e88bf825 sp=0x00007f38d2f0e378 mode 2
Event: 0.814 Thread 0x00007f3900659800 Uncommon trap: trap_request=0xffffffdc fr.pc=0x00007f38f049c3f8 relative=0x0000000000000ff8
Event: 0.814 Thread 0x00007f3900659800 Uncommon trap: reason=class_check action=make_not_entrant pc=0x00007f38f049c3f8 method=java.util.ArrayList.toArray([Ljava/lang/Object;)[Ljava/lang/Object; @ 21 c2
Event: 0.814 Thread 0x00007f3900659800 DEOPT PACKING pc=0x00007f38f049c3f8 sp=0x00007f38d2f0e330
Event: 0.814 Thread 0x00007f3900659800 DEOPT UNPACKING pc=0x00007f38e88bf825 sp=0x00007f38d2f0e268 mode 2

Classes redefined (0 events):
No events

Internal exceptions (6 events):
Event: 0.039 Thread 0x00007f3900018800 Exception <a 'java/security/PrivilegedActionException'{0x00000000c655ed98}> (0x00000000c655ed98) thrown at [src/hotspot/share/prims/jvm.cpp, line 1303]
Event: 0.039 Thread 0x00007f3900018800 Exception <a 'java/security/PrivilegedActionException'{0x00000000c655f068}> (0x00000000c655f068) thrown at [src/hotspot/share/prims/jvm.cpp, line 1303]
Event: 0.149 Thread 0x00007f3900018800 Implicit null exception at 0x00007f38f044f804 to 0x00007f38f044fd6c
Event: 0.226 Thread 0x00007f3900018800 Exception <a 'java/lang/ClassNotFoundException'{0x00000000c5a84860}: javax/smartcardio/CardPermission> (0x00000000c5a84860) thrown at [src/hotspot/share/classfile/systemDictionary.cpp, line 231]
Event: 0.228 Thread 0x00007f3900018800 Exception <a 'java/io/FileNotFoundException'{0x00000000c5a917f0}> (0x00000000c5a917f0) thrown at [src/hotspot/share/prims/jni.cpp, line 615]
Event: 0.363 Thread 0x00007f3900659800 Exception <a 'java/lang/NoSuchMethodError'{0x00000000c4e088e0}: 'org.slf4j.impl.StaticMDCBinder org.slf4j.impl.StaticMDCBinder.getSingleton()'> (0x00000000c4e088e0) thrown at [src/hotspot/share/interpreter/linkResolver.cpp, line 772]

Events (20 events):
Event: 39.752 Executing VM operation: G1CollectForAllocation done
Event: 39.807 Executing VM operation: G1CollectForAllocation
Event: 39.808 Executing VM operation: G1CollectForAllocation done
Event: 39.858 Executing VM operation: G1CollectForAllocation
Event: 39.859 Executing VM operation: G1CollectForAllocation done
Event: 39.908 Executing VM operation: G1CollectForAllocation
Event: 39.909 Executing VM operation: G1CollectForAllocation done
Event: 39.963 Executing VM operation: G1CollectForAllocation
Event: 39.964 Executing VM operation: G1CollectForAllocation done
Event: 40.023 Executing VM operation: G1CollectForAllocation
Event: 40.024 Executing VM operation: G1CollectForAllocation done
Event: 40.074 Executing VM operation: G1CollectForAllocation
Event: 40.096 Executing VM operation: G1CollectForAllocation done
Event: 40.172 Executing VM operation: G1CollectForAllocation
Event: 40.191 Executing VM operation: G1CollectForAllocation done
Event: 40.244 Executing VM operation: G1CollectForAllocation
Event: 40.269 Executing VM operation: G1CollectForAllocation done
Event: 40.329 Executing VM operation: G1CollectForAllocation
Event: 40.376 Executing VM operation: G1CollectForAllocation done
Event: 40.430 Executing VM operation: G1CollectForAllocation


Dynamic libraries:
c2800000-c9800000 rw-p 00000000 00:00 0 
d3e00000-ffe00000 ---p 00000000 00:00 0 
ffe00000-ffe47000 rw-p 01111000 08:20 69132                              /usr/lib/jvm/java-11-openjdk-amd64/lib/server/classes.jsa
ffe47000-fff00000 rw-p 00000000 00:00 0 
fff00000-fff6b000 rw-p 010a6000 08:20 69132                              /usr/lib/jvm/java-11-openjdk-amd64/lib/server/classes.jsa
fff6b000-100000000 rw-p 00000000 00:00 0 
800000000-800002000 rwxp 00001000 08:20 69132                            /usr/lib/jvm/java-11-openjdk-amd64/lib/server/classes.jsa
800002000-8003b9000 rw-p 00003000 08:20 69132                            /usr/lib/jvm/java-11-openjdk-amd64/lib/server/classes.jsa
8003b9000-800a96000 r--p 003ba000 08:20 69132                            /usr/lib/jvm/java-11-openjdk-amd64/lib/server/classes.jsa
800a96000-800a97000 rw-p 00a97000 08:20 69132                            /usr/lib/jvm/java-11-openjdk-amd64/lib/server/classes.jsa
800a97000-8010a5000 r--p 00a98000 08:20 69132                            /usr/lib/jvm/java-11-openjdk-amd64/lib/server/classes.jsa
840000000-840160000 rw-p 00000000 00:00 0 
840160000-880000000 ---p 00000000 00:00 0 
560c88bb9000-560c88bba000 r--p 00000000 08:20 310955                     /usr/lib/jvm/java-11-openjdk-amd64/bin/java
560c88bba000-560c88bbb000 r-xp 00001000 08:20 310955                     /usr/lib/jvm/java-11-openjdk-amd64/bin/java
560c88bbb000-560c88bbc000 r--p 00002000 08:20 310955                     /usr/lib/jvm/java-11-openjdk-amd64/bin/java
560c88bbc000-560c88bbd000 r--p 00002000 08:20 310955                     /usr/lib/jvm/java-11-openjdk-amd64/bin/java
560c88bbd000-560c88bbe000 rw-p 00003000 08:20 310955                     /usr/lib/jvm/java-11-openjdk-amd64/bin/java
560c89555000-560c89576000 rw-p 00000000 00:00 0                          [heap]
7f3880000000-7f3880021000 rw-p 00000000 00:00 0 
7f3880021000-7f3884000000 ---p 00000000 00:00 0 
7f3884000000-7f3884021000 rw-p 00000000 00:00 0 
7f3884021000-7f3888000000 ---p 00000000 00:00 0 
7f3888000000-7f3888021000 rw-p 00000000 00:00 0 
7f3888021000-7f388c000000 ---p 00000000 00:00 0 
7f388c000000-7f388c021000 rw-p 00000000 00:00 0 
7f388c021000-7f3890000000 ---p 00000000 00:00 0 
7f3890000000-7f3890021000 rw-p 00000000 00:00 0 
7f3890021000-7f3894000000 ---p 00000000 00:00 0 
7f3894000000-7f3894021000 rw-p 00000000 00:00 0 
7f3894021000-7f3898000000 ---p 00000000 00:00 0 
7f3898000000-7f3898294000 rw-p 00000000 00:00 0 
7f3898294000-7f389c000000 ---p 00000000 00:00 0 
7f389c000000-7f389c021000 rw-p 00000000 00:00 0 
7f389c021000-7f38a0000000 ---p 00000000 00:00 0 
7f38a0000000-7f38a0021000 rw-p 00000000 00:00 0 
7f38a0021000-7f38a4000000 ---p 00000000 00:00 0 
7f38a4000000-7f38a4246000 rw-p 00000000 00:00 0 
7f38a4246000-7f38a8000000 ---p 00000000 00:00 0 
7f38a8000000-7f38a8021000 rw-p 00000000 00:00 0 
7f38a8021000-7f38ac000000 ---p 00000000 00:00 0 
7f38ac000000-7f38ac021000 rw-p 00000000 00:00 0 
7f38ac021000-7f38b0000000 ---p 00000000 00:00 0 
7f38b0000000-7f38b03e7000 rw-p 00000000 00:00 0 
7f38b03e7000-7f38b4000000 ---p 00000000 00:00 0 
7f38b4000000-7f38b4021000 rw-p 00000000 00:00 0 
7f38b4021000-7f38b8000000 ---p 00000000 00:00 0 
7f38b8000000-7f38b8021000 rw-p 00000000 00:00 0 
7f38b8021000-7f38bc000000 ---p 00000000 00:00 0 
7f38bc000000-7f38bd0c4000 rw-p 00000000 00:00 0 
7f38bd0c4000-7f38c0000000 ---p 00000000 00:00 0 
7f38c0000000-7f38c0021000 rw-p 00000000 00:00 0 
7f38c0021000-7f38c4000000 ---p 00000000 00:00 0 
7f38c4000000-7f38c4021000 rw-p 00000000 00:00 0 
7f38c4021000-7f38c8000000 ---p 00000000 00:00 0 
7f38c8000000-7f38c80a1000 rw-p 00000000 00:00 0 
7f38c80a1000-7f38cc000000 ---p 00000000 00:00 0 
7f38cc000000-7f38cc021000 rw-p 00000000 00:00 0 
7f38cc021000-7f38d0000000 ---p 00000000 00:00 0 
7f38d2308000-7f38d230c000 ---p 00000000 00:00 0 
7f38d230c000-7f38d2409000 rw-p 00000000 00:00 0 
7f38d2409000-7f38d240a000 ---p 00000000 00:00 0 
7f38d240a000-7f38d250b000 rw-p 00000000 00:00 0 
7f38d250b000-7f38d250c000 ---p 00000000 00:00 0 
7f38d250c000-7f38d260d000 rw-p 00000000 00:00 0 
7f38d260d000-7f38d2611000 ---p 00000000 00:00 0 
7f38d2611000-7f38d284e000 rw-p 00000000 00:00 0 
7f38d284e000-7f38d290e000 ---p 00000000 00:00 0 
7f38d290e000-7f38d2b0e000 rw-p 00000000 00:00 0 
7f38d2b0e000-7f38d2b0f000 ---p 00000000 00:00 0 
7f38d2b0f000-7f38d2c10000 rw-p 00000000 00:00 0 
7f38d2c10000-7f38d2c14000 ---p 00000000 00:00 0 
7f38d2c14000-7f38d2d11000 rw-p 00000000 00:00 0 
7f38d2d11000-7f38d2d15000 ---p 00000000 00:00 0 
7f38d2d15000-7f38d2e12000 rw-p 00000000 00:00 0 
7f38d2e12000-7f38d2e16000 ---p 00000000 00:00 0 
7f38d2e16000-7f38d2f13000 rw-p 00000000 00:00 0 
7f38d2f13000-7f38d2f17000 ---p 00000000 00:00 0 
7f38d2f17000-7f38d3014000 rw-p 00000000 00:00 0 
7f38d3014000-7f38d3018000 ---p 00000000 00:00 0 
7f38d3018000-7f38d3115000 rw-p 00000000 00:00 0 
7f38d3115000-7f38d3116000 ---p 00000000 00:00 0 
7f38d3116000-7f38d3217000 rw-p 00000000 00:00 0 
7f38d3217000-7f38d321b000 ---p 00000000 00:00 0 
7f38d321b000-7f38d3318000 rw-p 00000000 00:00 0 
7f38d3318000-7f38d331c000 ---p 00000000 00:00 0 
7f38d331c000-7f38d3419000 rw-p 00000000 00:00 0 
7f38d3419000-7f38d341d000 ---p 00000000 00:00 0 
7f38d341d000-7f38d351a000 rw-p 00000000 00:00 0 
7f38d351a000-7f38d3800000 r--p 00000000 08:20 35774                      /usr/lib/locale/locale-archive
7f38d3800000-7f38d4000000 rw-p 00000000 00:00 0 
7f38d4000000-7f38d4021000 rw-p 00000000 00:00 0 
7f38d4021000-7f38d8000000 ---p 00000000 00:00 0 
7f38d8000000-7f38d8021000 rw-p 00000000 00:00 0 
7f38d8021000-7f38dc000000 ---p 00000000 00:00 0 
7f38dc000000-7f38dc021000 rw-p 00000000 00:00 0 
7f38dc021000-7f38e0000000 ---p 00000000 00:00 0 
7f38e000e000-7f38e003f000 rw-p 00000000 00:00 0 
7f38e003f000-7f38e0043000 ---p 00000000 00:00 0 
7f38e0043000-7f38e2300000 rw-p 00000000 00:00 0 
7f38e2300000-7f38e3098000 ---p 00000000 00:00 0 
7f38e3098000-7f38e3260000 rw-p 00000000 00:00 0 
7f38e3260000-7f38e3ff8000 ---p 00000000 00:00 0 
7f38e3ff8000-7f38e4000000 rw-p 00000000 00:00 0 
7f38e4000000-7f38e4021000 rw-p 00000000 00:00 0 
7f38e4021000-7f38e8000000 ---p 00000000 00:00 0 
7f38e801c000-7f38e8020000 r--p 00000000 08:20 312559                     /usr/lib/jvm/java-11-openjdk-amd64/lib/libnet.so
7f38e8020000-7f38e802f000 r-xp 00004000 08:20 312559                     /usr/lib/jvm/java-11-openjdk-amd64/lib/libnet.so
7f38e802f000-7f38e8033000 r--p 00013000 08:20 312559                     /usr/lib/jvm/java-11-openjdk-amd64/lib/libnet.so
7f38e8033000-7f38e8034000 r--p 00016000 08:20 312559                     /usr/lib/jvm/java-11-openjdk-amd64/lib/libnet.so
7f38e8034000-7f38e8035000 rw-p 00017000 08:20 312559                     /usr/lib/jvm/java-11-openjdk-amd64/lib/libnet.so
7f38e8035000-7f38e803c000 r--p 00000000 08:20 312560                     /usr/lib/jvm/java-11-openjdk-amd64/lib/libnio.so
7f38e803c000-7f38e8044000 r-xp 00007000 08:20 312560                     /usr/lib/jvm/java-11-openjdk-amd64/lib/libnio.so
7f38e8044000-7f38e8047000 r--p 0000f000 08:20 312560                     /usr/lib/jvm/java-11-openjdk-amd64/lib/libnio.so
7f38e8047000-7f38e8048000 r--p 00011000 08:20 312560                     /usr/lib/jvm/java-11-openjdk-amd64/lib/libnio.so
7f38e8048000-7f38e8049000 rw-p 00012000 08:20 312560                     /usr/lib/jvm/java-11-openjdk-amd64/lib/libnio.so
7f38e8049000-7f38e804d000 ---p 00000000 00:00 0 
7f38e804d000-7f38e814a000 rw-p 00000000 00:00 0 
7f38e814a000-7f38e814e000 ---p 00000000 00:00 0 
7f38e814e000-7f38e824b000 rw-p 00000000 00:00 0 
7f38e824b000-7f38e824f000 ---p 00000000 00:00 0 
7f38e824f000-7f38e834c000 rw-p 00000000 00:00 0 
7f38e834c000-7f38e834d000 ---p 00000000 00:00 0 
7f38e834d000-7f38e8594000 rw-p 00000000 00:00 0 
7f38e8594000-7f38e8595000 ---p 00000000 00:00 0 
7f38e8595000-7f38e8696000 rw-p 00000000 00:00 0 
7f38e8696000-7f38e8697000 ---p 00000000 00:00 0 
7f38e8697000-7f38e8899000 rw-p 00000000 00:00 0 
7f38e8899000-7f38e8b09000 rwxp 00000000 00:00 0 
7f38e8b09000-7f38e8fd8000 ---p 00000000 00:00 0 
7f38e8fd8000-7f38e9248000 rwxp 00000000 00:00 0 
7f38e9248000-7f38f0438000 ---p 00000000 00:00 0 
7f38f0438000-7f38f06a8000 rwxp 00000000 00:00 0 
7f38f06a8000-7f38f7899000 ---p 00000000 00:00 0 
7f38f7899000-7f3900000000 r--s 00000000 08:20 312569                     /usr/lib/jvm/java-11-openjdk-amd64/lib/modules
7f3900000000-7f390066d000 rw-p 00000000 00:00 0 
7f390066d000-7f3904000000 ---p 00000000 00:00 0 
7f3904009000-7f3904c15000 rw-p 00000000 00:00 0 
7f3904c15000-7f3904c16000 ---p 00000000 00:00 0 
7f3904c16000-7f3904d17000 rw-p 00000000 00:00 0 
7f3904d17000-7f3904d18000 ---p 00000000 00:00 0 
7f3904d18000-7f3904eb0000 rw-p 00000000 00:00 0 
7f3904eb0000-7f3905063000 ---p 00000000 00:00 0 
7f3905063000-7f390509c000 rw-p 00000000 00:00 0 
7f390509c000-7f390524f000 ---p 00000000 00:00 0 
7f390524f000-7f3905288000 rw-p 00000000 00:00 0 
7f3905288000-7f390543b000 ---p 00000000 00:00 0 
7f390543b000-7f3906149000 rw-p 00000000 00:00 0 
7f3906149000-7f390614a000 ---p 00000000 00:00 0 
7f390614a000-7f3906250000 rw-p 00000000 00:00 0 
7f3906250000-7f3906334000 ---p 00000000 00:00 0 
7f3906334000-7f3906339000 rw-p 00000000 00:00 0 
7f3906339000-7f390641d000 ---p 00000000 00:00 0 
7f390641d000-7f3906422000 rw-p 00000000 00:00 0 
7f3906422000-7f390642c000 ---p 00000000 00:00 0 
7f390642c000-7f390642e000 r--s 0000c000 08:20 68079                      /usr/share/java/java-atk-wrapper.jar
7f390642e000-7f3906430000 r--p 00000000 08:20 312568                     /usr/lib/jvm/java-11-openjdk-amd64/lib/libzip.so
7f3906430000-7f3906434000 r-xp 00002000 08:20 312568                     /usr/lib/jvm/java-11-openjdk-amd64/lib/libzip.so
7f3906434000-7f3906436000 r--p 00006000 08:20 312568                     /usr/lib/jvm/java-11-openjdk-amd64/lib/libzip.so
7f3906436000-7f3906437000 r--p 00007000 08:20 312568                     /usr/lib/jvm/java-11-openjdk-amd64/lib/libzip.so
7f3906437000-7f3906438000 rw-p 00008000 08:20 312568                     /usr/lib/jvm/java-11-openjdk-amd64/lib/libzip.so
7f3906438000-7f390643b000 r--p 00000000 08:20 27870                      /usr/lib/x86_64-linux-gnu/libnss_files-2.31.so
7f390643b000-7f3906442000 r-xp 00003000 08:20 27870                      /usr/lib/x86_64-linux-gnu/libnss_files-2.31.so
7f3906442000-7f3906444000 r--p 0000a000 08:20 27870                      /usr/lib/x86_64-linux-gnu/libnss_files-2.31.so
7f3906444000-7f3906445000 r--p 0000b000 08:20 27870                      /usr/lib/x86_64-linux-gnu/libnss_files-2.31.so
7f3906445000-7f3906446000 rw-p 0000c000 08:20 27870                      /usr/lib/x86_64-linux-gnu/libnss_files-2.31.so
7f3906446000-7f390644c000 rw-p 00000000 00:00 0 
7f390644d000-7f3906455000 rw-s 00000000 08:20 102706                     /tmp/hsperfdata_rollie/29981
7f3906455000-7f3906456000 ---p 00000000 00:00 0 
7f3906456000-7f3906457000 r--p 00000000 00:00 0 
7f3906457000-7f3906465000 r--p 00000000 08:20 312547                     /usr/lib/jvm/java-11-openjdk-amd64/lib/libjava.so
7f3906465000-7f390647b000 r-xp 0000e000 08:20 312547                     /usr/lib/jvm/java-11-openjdk-amd64/lib/libjava.so
7f390647b000-7f3906482000 r--p 00024000 08:20 312547                     /usr/lib/jvm/java-11-openjdk-amd64/lib/libjava.so
7f3906482000-7f3906483000 r--p 0002a000 08:20 312547                     /usr/lib/jvm/java-11-openjdk-amd64/lib/libjava.so
7f3906483000-7f3906484000 rw-p 0002b000 08:20 312547                     /usr/lib/jvm/java-11-openjdk-amd64/lib/libjava.so
7f3906484000-7f3906485000 rw-p 00000000 00:00 0 
7f3906485000-7f390648a000 r--p 00000000 08:20 312567                     /usr/lib/jvm/java-11-openjdk-amd64/lib/libverify.so
7f390648a000-7f3906491000 r-xp 00005000 08:20 312567                     /usr/lib/jvm/java-11-openjdk-amd64/lib/libverify.so
7f3906491000-7f3906493000 r--p 0000c000 08:20 312567                     /usr/lib/jvm/java-11-openjdk-amd64/lib/libverify.so
7f3906493000-7f3906494000 ---p 0000e000 08:20 312567                     /usr/lib/jvm/java-11-openjdk-amd64/lib/libverify.so
7f3906494000-7f3906496000 r--p 0000e000 08:20 312567                     /usr/lib/jvm/java-11-openjdk-amd64/lib/libverify.so
7f3906496000-7f3906497000 rw-p 00010000 08:20 312567                     /usr/lib/jvm/java-11-openjdk-amd64/lib/libverify.so
7f3906497000-7f390649a000 r--p 00000000 08:20 27880                      /usr/lib/x86_64-linux-gnu/librt-2.31.so
7f390649a000-7f390649e000 r-xp 00003000 08:20 27880                      /usr/lib/x86_64-linux-gnu/librt-2.31.so
7f390649e000-7f390649f000 r--p 00007000 08:20 27880                      /usr/lib/x86_64-linux-gnu/librt-2.31.so
7f390649f000-7f39064a0000 ---p 00008000 08:20 27880                      /usr/lib/x86_64-linux-gnu/librt-2.31.so
7f39064a0000-7f39064a1000 r--p 00008000 08:20 27880                      /usr/lib/x86_64-linux-gnu/librt-2.31.so
7f39064a1000-7f39064a2000 rw-p 00009000 08:20 27880                      /usr/lib/x86_64-linux-gnu/librt-2.31.so
7f39064a2000-7f39064a6000 ---p 00000000 00:00 0 
7f39064a6000-7f39065a3000 rw-p 00000000 00:00 0 
7f39065a3000-7f39065a6000 r--p 00000000 08:20 19092                      /usr/lib/x86_64-linux-gnu/libgcc_s.so.1
7f39065a6000-7f39065b8000 r-xp 00003000 08:20 19092                      /usr/lib/x86_64-linux-gnu/libgcc_s.so.1
7f39065b8000-7f39065bc000 r--p 00015000 08:20 19092                      /usr/lib/x86_64-linux-gnu/libgcc_s.so.1
7f39065bc000-7f39065bd000 r--p 00018000 08:20 19092                      /usr/lib/x86_64-linux-gnu/libgcc_s.so.1
7f39065bd000-7f39065be000 rw-p 00019000 08:20 19092                      /usr/lib/x86_64-linux-gnu/libgcc_s.so.1
7f39065be000-7f39065cd000 r--p 00000000 08:20 27863                      /usr/lib/x86_64-linux-gnu/libm-2.31.so
7f39065cd000-7f3906674000 r-xp 0000f000 08:20 27863                      /usr/lib/x86_64-linux-gnu/libm-2.31.so
7f3906674000-7f390670b000 r--p 000b6000 08:20 27863                      /usr/lib/x86_64-linux-gnu/libm-2.31.so
7f390670b000-7f390670c000 r--p 0014c000 08:20 27863                      /usr/lib/x86_64-linux-gnu/libm-2.31.so
7f390670c000-7f390670d000 rw-p 0014d000 08:20 27863                      /usr/lib/x86_64-linux-gnu/libm-2.31.so
7f390670d000-7f39067a3000 r--p 00000000 08:20 27838                      /usr/lib/x86_64-linux-gnu/libstdc++.so.6.0.28
7f39067a3000-7f3906893000 r-xp 00096000 08:20 27838                      /usr/lib/x86_64-linux-gnu/libstdc++.so.6.0.28
7f3906893000-7f39068dc000 r--p 00186000 08:20 27838                      /usr/lib/x86_64-linux-gnu/libstdc++.so.6.0.28
7f39068dc000-7f39068dd000 ---p 001cf000 08:20 27838                      /usr/lib/x86_64-linux-gnu/libstdc++.so.6.0.28
7f39068dd000-7f39068e8000 r--p 001cf000 08:20 27838                      /usr/lib/x86_64-linux-gnu/libstdc++.so.6.0.28
7f39068e8000-7f39068eb000 rw-p 001da000 08:20 27838                      /usr/lib/x86_64-linux-gnu/libstdc++.so.6.0.28
7f39068eb000-7f39068ee000 rw-p 00000000 00:00 0 
7f39068ee000-7f3906b67000 r--p 00000000 08:20 312574                     /usr/lib/jvm/java-11-openjdk-amd64/lib/server/libjvm.so
7f3906b67000-7f39077e4000 r-xp 00279000 08:20 312574                     /usr/lib/jvm/java-11-openjdk-amd64/lib/server/libjvm.so
7f39077e4000-7f3907a3a000 r--p 00ef6000 08:20 312574                     /usr/lib/jvm/java-11-openjdk-amd64/lib/server/libjvm.so
7f3907a3a000-7f3907afb000 r--p 0114b000 08:20 312574                     /usr/lib/jvm/java-11-openjdk-amd64/lib/server/libjvm.so
7f3907afb000-7f3907b36000 rw-p 0120c000 08:20 312574                     /usr/lib/jvm/java-11-openjdk-amd64/lib/server/libjvm.so
7f3907b36000-7f3907b8f000 rw-p 00000000 00:00 0 
7f3907b8f000-7f3907b96000 r--p 00000000 08:20 27877                      /usr/lib/x86_64-linux-gnu/libpthread-2.31.so
7f3907b96000-7f3907ba7000 r-xp 00007000 08:20 27877                      /usr/lib/x86_64-linux-gnu/libpthread-2.31.so
7f3907ba7000-7f3907bac000 r--p 00018000 08:20 27877                      /usr/lib/x86_64-linux-gnu/libpthread-2.31.so
7f3907bac000-7f3907bad000 r--p 0001c000 08:20 27877                      /usr/lib/x86_64-linux-gnu/libpthread-2.31.so
7f3907bad000-7f3907bae000 rw-p 0001d000 08:20 27877                      /usr/lib/x86_64-linux-gnu/libpthread-2.31.so
7f3907bae000-7f3907bb2000 rw-p 00000000 00:00 0 
7f3907bb2000-7f3907bb3000 r--p 00000000 08:20 27861                      /usr/lib/x86_64-linux-gnu/libdl-2.31.so
7f3907bb3000-7f3907bb5000 r-xp 00001000 08:20 27861                      /usr/lib/x86_64-linux-gnu/libdl-2.31.so
7f3907bb5000-7f3907bb6000 r--p 00003000 08:20 27861                      /usr/lib/x86_64-linux-gnu/libdl-2.31.so
7f3907bb6000-7f3907bb7000 r--p 00003000 08:20 27861                      /usr/lib/x86_64-linux-gnu/libdl-2.31.so
7f3907bb7000-7f3907bb8000 rw-p 00004000 08:20 27861                      /usr/lib/x86_64-linux-gnu/libdl-2.31.so
7f3907bb8000-7f3907bba000 r--p 00000000 08:20 10741                      /usr/lib/x86_64-linux-gnu/libz.so.1.2.11
7f3907bba000-7f3907bcb000 r-xp 00002000 08:20 10741                      /usr/lib/x86_64-linux-gnu/libz.so.1.2.11
7f3907bcb000-7f3907bd1000 r--p 00013000 08:20 10741                      /usr/lib/x86_64-linux-gnu/libz.so.1.2.11
7f3907bd1000-7f3907bd2000 ---p 00019000 08:20 10741                      /usr/lib/x86_64-linux-gnu/libz.so.1.2.11
7f3907bd2000-7f3907bd3000 r--p 00019000 08:20 10741                      /usr/lib/x86_64-linux-gnu/libz.so.1.2.11
7f3907bd3000-7f3907bd4000 rw-p 0001a000 08:20 10741                      /usr/lib/x86_64-linux-gnu/libz.so.1.2.11
7f3907bd4000-7f3907bf9000 r--p 00000000 08:20 27860                      /usr/lib/x86_64-linux-gnu/libc-2.31.so
7f3907bf9000-7f3907d71000 r-xp 00025000 08:20 27860                      /usr/lib/x86_64-linux-gnu/libc-2.31.so
7f3907d71000-7f3907dbb000 r--p 0019d000 08:20 27860                      /usr/lib/x86_64-linux-gnu/libc-2.31.so
7f3907dbb000-7f3907dbc000 ---p 001e7000 08:20 27860                      /usr/lib/x86_64-linux-gnu/libc-2.31.so
7f3907dbc000-7f3907dbf000 r--p 001e7000 08:20 27860                      /usr/lib/x86_64-linux-gnu/libc-2.31.so
7f3907dbf000-7f3907dc2000 rw-p 001ea000 08:20 27860                      /usr/lib/x86_64-linux-gnu/libc-2.31.so
7f3907dc2000-7f3907dc6000 rw-p 00000000 00:00 0 
7f3907dc6000-7f3907dc8000 r--p 00000000 08:20 312551                     /usr/lib/jvm/java-11-openjdk-amd64/lib/libjimage.so
7f3907dc8000-7f3907dcb000 r-xp 00002000 08:20 312551                     /usr/lib/jvm/java-11-openjdk-amd64/lib/libjimage.so
7f3907dcb000-7f3907dcc000 r--p 00005000 08:20 312551                     /usr/lib/jvm/java-11-openjdk-amd64/lib/libjimage.so
7f3907dcc000-7f3907dcd000 ---p 00006000 08:20 312551                     /usr/lib/jvm/java-11-openjdk-amd64/lib/libjimage.so
7f3907dcd000-7f3907dce000 r--p 00006000 08:20 312551                     /usr/lib/jvm/java-11-openjdk-amd64/lib/libjimage.so
7f3907dce000-7f3907dcf000 rw-p 00007000 08:20 312551                     /usr/lib/jvm/java-11-openjdk-amd64/lib/libjimage.so
7f3907dcf000-7f3907dd2000 r--p 00000000 08:20 312531                     /usr/lib/jvm/java-11-openjdk-amd64/lib/jli/libjli.so
7f3907dd2000-7f3907ddc000 r-xp 00003000 08:20 312531                     /usr/lib/jvm/java-11-openjdk-amd64/lib/jli/libjli.so
7f3907ddc000-7f3907ddf000 r--p 0000d000 08:20 312531                     /usr/lib/jvm/java-11-openjdk-amd64/lib/jli/libjli.so
7f3907ddf000-7f3907de0000 ---p 00010000 08:20 312531                     /usr/lib/jvm/java-11-openjdk-amd64/lib/jli/libjli.so
7f3907de0000-7f3907de1000 r--p 00010000 08:20 312531                     /usr/lib/jvm/java-11-openjdk-amd64/lib/jli/libjli.so
7f3907de1000-7f3907de2000 rw-p 00011000 08:20 312531                     /usr/lib/jvm/java-11-openjdk-amd64/lib/jli/libjli.so
7f3907de2000-7f3907de4000 rw-p 00000000 00:00 0 
7f3907de4000-7f3907de5000 r--p 00000000 08:20 27855                      /usr/lib/x86_64-linux-gnu/ld-2.31.so
7f3907de5000-7f3907e08000 r-xp 00001000 08:20 27855                      /usr/lib/x86_64-linux-gnu/ld-2.31.so
7f3907e08000-7f3907e10000 r--p 00024000 08:20 27855                      /usr/lib/x86_64-linux-gnu/ld-2.31.so
7f3907e11000-7f3907e12000 r--p 0002c000 08:20 27855                      /usr/lib/x86_64-linux-gnu/ld-2.31.so
7f3907e12000-7f3907e13000 rw-p 0002d000 08:20 27855                      /usr/lib/x86_64-linux-gnu/ld-2.31.so
7f3907e13000-7f3907e14000 rw-p 00000000 00:00 0 
7ffe6174d000-7ffe61771000 rw-p 00000000 00:00 0                          [stack]
7ffe617cb000-7ffe617ce000 r--p 00000000 00:00 0                          [vvar]
7ffe617ce000-7ffe617d0000 r-xp 00000000 00:00 0                          [vdso]


VM Arguments:
jvm_args: -Dfile.encoding=UTF-8 -Duser.country=US -Duser.language=en -Duser.variant 
java_command: backend.ApplicationKt
java_class_path (initial): /home/rollie/repos/drawing-app/backend/app/build/classes/java/main:/home/rollie/repos/drawing-app/backend/app/build/classes/kotlin/main:/home/rollie/repos/drawing-app/backend/app/build/resources/main:/home/rollie/.gradle/caches/modules-2/files-2.1/io.ktor/ktor-auth/1.5.0/f577e274bf713974e3a0e2e542b6a3ce5c0742d2/ktor-auth-jvm-1.5.0.jar:/home/rollie/.gradle/caches/modules-2/files-2.1/io.ktor/ktor-websockets/1.5.0/f4ac5f1133a9737203e8b4c6127a82c0dfa092ee/ktor-websockets-jvm-1.5.0.jar:/home/rollie/.gradle/caches/modules-2/files-2.1/io.ktor/ktor-serialization/1.5.0/d4665f36b39780c98f6a55641135242273b9e4b8/ktor-serialization-jvm-1.5.0.jar:/home/rollie/.gradle/caches/modules-2/files-2.1/io.ktor/ktor-server-cio/1.5.0/6ee5705a8bb2fff61f64a6dea64b7925f35a425f/ktor-server-cio-jvm-1.5.0.jar:/home/rollie/.gradle/caches/modules-2/files-2.1/io.ktor/ktor-server-host-common/1.5.0/338062ff51d1e4416eca1320adfc78bf67734e6a/ktor-server-host-common-jvm-1.5.0.jar:/home/rollie/.gradle/caches/modules-2/files-2.1/io.ktor/ktor-server-core/1.5.0/6b6df94414d17da4630b6abf61ccdb22e0d0dbf2/ktor-server-core-jvm-1.5.0.jar:/home/rollie/.gradle/caches/modules-2/files-2.1/org.jetbrains.kotlin/kotlin-stdlib-jdk8/1.4.21/3ad7f99fb330947a12451ea16767d192d763600a/kotlin-stdlib-jdk8-1.4.21.jar:/home/rollie/.gradle/caches/modules-2/files-2.1/com.google.cloud/google-cloud-storage/1.113.8/2ea632fa6d7551be0c60bdcee693e48a06e725ae/google-cloud-storage-1.113.8.jar:/home/rollie/.gradle/caches/modules-2/files-2.1/com.google.guava/guava/30.1-android/1e904cca24cdf3dc84d5fe4f73e12f1186e04380/guava-30.1-android.jar:/home/rollie/.gradle/caches/modules-2/files-2.1/ch.qos.logback/logback-classic/1.2.3/7c4f3c474fb2c041d8028740440937705ebb473a/logback-classic-1.2.3.jar:/home/rollie/.gradle/caches/modules-2/files-2.1/io.ktor/ktor/1.5.0/ac6856c6316d6be220df92d11bd7d64bcc0638ed/ktor-jvm-1.5.0.jar:/home/rollie/.gradle/caches/modules-2/files-2.1/io.ktor/ktor-client-core-jvm/1.5.0/99f27c1d879d918317e71
Launcher Type: SUN_STANDARD

[Global flags]
     intx CICompilerCount                          = 12                                        {product} {ergonomic}
     uint ConcGCThreads                            = 3                                         {product} {ergonomic}
     uint G1ConcRefinementThreads                  = 13                                        {product} {ergonomic}
   size_t G1HeapRegionSize                         = 1048576                                   {product} {ergonomic}
    uintx GCDrainStackTargetSize                   = 64                                        {product} {ergonomic}
   size_t InitialHeapSize                          = 65011712                                  {product} {ergonomic}
   size_t MarkStackSize                            = 4194304                                   {product} {ergonomic}
   size_t MaxHeapSize                              = 1031798784                                {product} {ergonomic}
   size_t MaxNewSize                               = 618659840                                 {product} {ergonomic}
   size_t MinHeapDeltaBytes                        = 1048576                                   {product} {ergonomic}
    uintx NonNMethodCodeHeapSize                   = 7594288                                {pd product} {ergonomic}
    uintx NonProfiledCodeHeapSize                  = 122031976                              {pd product} {ergonomic}
    uintx ProfiledCodeHeapSize                     = 122031976                              {pd product} {ergonomic}
    uintx ReservedCodeCacheSize                    = 251658240                              {pd product} {ergonomic}
     bool SegmentedCodeCache                       = true                                      {product} {ergonomic}
     bool UseCompressedClassPointers               = true                                 {lp64_product} {ergonomic}
     bool UseCompressedOops                        = true                                 {lp64_product} {ergonomic}
     bool UseG1GC                                  = true                                      {product} {ergonomic}

Logging:
Log output configuration:
 #0: stdout all=warning uptime,level,tags
 #1: stderr all=off uptime,level,tags

Environment Variables:
JAVA_HOME=/usr/lib/jvm/java-11-openjdk-amd64
PATH=/home/rollie/.vscode-server/bin/ea3859d4ba2f3e577a159bc91e3074c5d85c0523/bin:/usr/local/sbin:/usr/local/bin:/usr/sbin:/usr/bin:/sbin:/bin:/usr/games:/usr/local/games:/mnt/c/Program Files/Oculus/Support/oculus-runtime:/mnt/c/windows/system32:/mnt/c/windows:/mnt/c/windows/System32/Wbem:/mnt/c/windows/System32/WindowsPowerShell/v1.0/:/mnt/c/windows/System32/OpenSSH/:/mnt/c/Program Files/dotnet/:/mnt/c/Program Files/Calibre2/:/mnt/c/Program Files/Git/cmd:/mnt/c/Program Files (x86)/Google/Cloud SDK/google-cloud-sdk/bin:/mnt/c/Program Files/Docker/Docker/resources/bin:/mnt/c/ProgramData/DockerDesktop/version-bin:/mnt/c/Users/Rollie/AppData/Local/Programs/Python/Python38/Scripts/:/mnt/c/Users/Rollie/AppData/Local/Programs/Python/Python38/:/mnt/c/Users/Rollie/AppData/Local/Microsoft/WindowsApps:/mnt/c/Users/Rollie/AppData/Local/Programs/Microsoft VS Code/bin:/mnt/c/Users/Rollie/.dotnet/tools:/mnt/c/Users/Rollie/AppData/Local/Google/Cloud SDK/google-cloud-sdk/bin:/snap/bin:/usr/lib/jvm/java-11-openjdk-amd64/bin:/opt/gradle/gradle-6.7.1/bin:/usr/lib/jvm/java-11-openjdk-amd64/bin:/opt/gradle/gradle-6.7.1/bin
SHELL=/bin/bash
HOSTTYPE=x86_64
LANG=en_US.UTF-8

Signal Handlers:
SIGSEGV: [libjvm.so+0xe824c0], sa_mask[0]=11111111011111111101111111111110, sa_flags=SA_RESTART|SA_SIGINFO
SIGBUS: [libjvm.so+0xe824c0], sa_mask[0]=11111111011111111101111111111110, sa_flags=SA_RESTART|SA_SIGINFO
SIGFPE: [libjvm.so+0xe824c0], sa_mask[0]=11111111011111111101111111111110, sa_flags=SA_RESTART|SA_SIGINFO
SIGPIPE: [libjvm.so+0xbc8ee0], sa_mask[0]=11111111011111111101111111111110, sa_flags=SA_RESTART|SA_SIGINFO
SIGXFSZ: [libjvm.so+0xbc8ee0], sa_mask[0]=11111111011111111101111111111110, sa_flags=SA_RESTART|SA_SIGINFO
SIGILL: [libjvm.so+0xe824c0], sa_mask[0]=11111111011111111101111111111110, sa_flags=SA_RESTART|SA_SIGINFO
SIGUSR2: [libjvm.so+0xbc8d80], sa_mask[0]=00100000000000000000000000000000, sa_flags=SA_RESTART|SA_SIGINFO
SIGHUP: [libjvm.so+0xbc9220], sa_mask[0]=11111111011111111101111111111110, sa_flags=SA_RESTART|SA_SIGINFO
SIGINT: [libjvm.so+0xbc9220], sa_mask[0]=11111111011111111101111111111110, sa_flags=SA_RESTART|SA_SIGINFO
SIGTERM: [libjvm.so+0xbc9220], sa_mask[0]=11111111011111111101111111111110, sa_flags=SA_RESTART|SA_SIGINFO
SIGQUIT: [libjvm.so+0xbc9220], sa_mask[0]=11111111011111111101111111111110, sa_flags=SA_RESTART|SA_SIGINFO


---------------  S Y S T E M  ---------------

OS:DISTRIB_ID=Ubuntu
DISTRIB_RELEASE=20.04
DISTRIB_CODENAME=focal
DISTRIB_DESCRIPTION="Ubuntu 20.04.1 LTS"
uname:Linux 4.19.128-microsoft-standard #1 SMP Tue Jun 23 12:58:10 UTC 2020 x86_64
OS uptime: 1 days 10:32 hours
libc:glibc 2.31 NPTL 2.31 
rlimit (soft/hard): STACK 8192k/infinity , CORE 0k/infinity , NPROC 15709/15709 , NOFILE 4096/4096 , AS infinity/infinity , CPU infinity/infinity , DATA infinity/infinity , FSIZE infinity/infinity , MEMLOCK 64k/64k
load average:1.87 1.57 1.19

/proc/meminfo:
MemTotal:        4026420 kB
MemFree:          102876 kB
MemAvailable:      22548 kB
Buffers:            1104 kB
Cached:           299412 kB
SwapCached:            0 kB
Active:          3402296 kB
Inactive:         282604 kB
Active(anon):    3397260 kB
Inactive(anon):   269500 kB
Active(file):       5036 kB
Inactive(file):    13104 kB
Unevictable:           0 kB
Mlocked:               0 kB
SwapTotal:             0 kB
SwapFree:              0 kB
Dirty:               156 kB
Writeback:             0 kB
AnonPages:       3386072 kB
Mapped:            84044 kB
Shmem:            280692 kB
Slab:             114844 kB
SReclaimable:      53336 kB
SUnreclaim:        61508 kB
KernelStack:       16224 kB
PageTables:        25368 kB
NFS_Unstable:          0 kB
Bounce:                0 kB
WritebackTmp:          0 kB
CommitLimit:     2013208 kB
Committed_AS:    6887588 kB
VmallocTotal:   34359738367 kB
VmallocUsed:           0 kB
VmallocChunk:          0 kB
Percpu:             4544 kB
AnonHugePages:   1259520 kB
ShmemHugePages:        0 kB
ShmemPmdMapped:        0 kB
HugePages_Total:       0
HugePages_Free:        0
HugePages_Rsvd:        0
HugePages_Surp:        0
Hugepagesize:       2048 kB
Hugetlb:               0 kB
DirectMap4k:       13312 kB
DirectMap2M:     2082816 kB
DirectMap1G:     2097152 kB

/sys/kernel/mm/transparent_hugepage/enabled:
[always] madvise never
/sys/kernel/mm/transparent_hugepage/defrag (defrag/compaction efforts parameter):
always defer defer+madvise [madvise] never

/proc/sys/kernel/threads-max (system-wide limit on the number of threads):
31418
/proc/sys/vm/max_map_count (maximum number of memory map areas a process may have):
65530
/proc/sys/kernel/pid_max (system-wide limit on number of process identifiers):
32768

container (cgroup) information:
container_type: cgroupv1
cpu_cpuset_cpus: 0-15
cpu_memory_nodes: 0
active_processor_count: 16
cpu_quota: -1
cpu_period: 100000
cpu_shares: -1
memory_limit_in_bytes: -1
memory_and_swap_limit_in_bytes: -1
memory_soft_limit_in_bytes: -1
memory_usage_in_bytes: 3775582208
memory_max_usage_in_bytes: 9418510336

HyperV virtualization detected
Steal ticks since vm start: 0
Steal ticks percentage since vm start:  0.000

CPU:total 16 (initial active 16) (16 cores per cpu, 2 threads per core) family 23 model 8 stepping 2, cmov, cx8, fxsr, mmx, sse, sse2, sse3, ssse3, sse4.1, sse4.2, popcnt, avx, avx2, aes, clmul, mmxext, 3dnowpref, lzcnt, sse4a, ht, tsc, bmi1, bmi2, adx, sha, fma
CPU Model and flags from /proc/cpuinfo:
model name	: AMD Ryzen 7 2700X Eight-Core Processor
flags		: fpu vme de pse tsc msr pae mce cx8 apic sep mtrr pge mca cmov pat pse36 clflush mmx fxsr sse sse2 ht syscall nx mmxext fxsr_opt pdpe1gb rdtscp lm rep_good nopl cpuid extd_apicid pni pclmulqdq ssse3 fma cx16 sse4_1 sse4_2 movbe popcnt aes xsave avx f16c rdrand hypervisor lahf_lm cmp_legacy cr8_legacy abm sse4a misalignsse 3dnowprefetch osvw topoext ssbd ibpb vmmcall fsgsbase bmi1 avx2 smep bmi2 rdseed adx smap clflushopt sha_ni xsaveopt xsavec xgetbv1 xsaves clzero xsaveerptr virt_ssbd arat
Online cpus:
0-15
Offline cpus:

BIOS frequency limitation:
<Not Available>
Frequency switch latency (ns):
<Not Available>
Available cpu frequencies:
<Not Available>
Current governor:
<Not Available>
Core performance/turbo boost:
<Not Available>

Memory: 4k page, physical 4026420k(100828k free), swap 0k(0k free)

vm_info: OpenJDK 64-Bit Server VM (11.0.9.1+1-Ubuntu-0ubuntu1.20.04) for linux-amd64 JRE (11.0.9.1+1-Ubuntu-0ubuntu1.20.04), built on Nov 10 2020 04:18:42 by "unknown" with gcc 9.3.0

END.
